<html>
<head>
<title>TestNG:  Command line test</title>
<link href="../testng.css" rel="stylesheet" type="text/css" />
<link href="../my-testng.css" rel="stylesheet" type="text/css" />

<style type="text/css">
.log { display: none;} 
.stack-trace { display: none;} 
</style>
<script type="text/javascript">
<!--
function flip(e) {
  current = e.style.display;
  if (current == 'block') {
    e.style.display = 'none';
    return 0;
  }
  else {
    e.style.display = 'block';
    return 1;
  }
}

function toggleBox(szDivId, elem, msg1, msg2)
{
  var res = -1;  if (document.getElementById) {
    res = flip(document.getElementById(szDivId));
  }
  else if (document.all) {
    // this is the way old msie versions work
    res = flip(document.all[szDivId]);
  }
  if(elem) {
    if(res == 0) elem.innerHTML = msg1; else elem.innerHTML = msg2;
  }

}

function toggleAllBoxes() {
  if (document.getElementsByTagName) {
    d = document.getElementsByTagName('div');
    for (i = 0; i < d.length; i++) {
      if (d[i].className == 'log') {
        flip(d[i]);
      }
    }
  }
}

// -->
</script>

</head>
<body>
<h2 align='center'>Command line test</h2><table border='1' align="center">
<tr>
<td>Tests passed/Failed/Skipped:</td><td>53/0/0</td>
</tr><tr>
<td>Started on:</td><td>Tue Mar 14 16:26:21 PDT 2017</td>
</tr>
<tr><td>Total time:</td><td>1 seconds (1955 ms)</td>
</tr><tr>
<td>Included groups:</td><td></td>
</tr><tr>
<td>Excluded groups:</td><td></td>
</tr>
</table><p/>
<small><i>(Hover the method name to see the test class name)</i></small><p/>
<table width='100%' border='1' class='invocation-passed'>
<tr><td colspan='4' align='center'><b>PASSED TESTS</b></td></tr>
<tr><td><b>Test method</b></td>
<td width="30%"><b>Exception</b></td>
<td width="10%"><b>Time (seconds)</b></td>
<td><b>Instance</b></td>
</tr>
<tr>
<td title='com.theplatform.cs.comcast.ingest.GeneratedScriptTest.formatOfTheGeneratedScriptIsValid()'><b>formatOfTheGeneratedScriptIsValid</b><br>Test class: com.theplatform.cs.comcast.ingest.GeneratedScriptTest</td>
<td></td>
<td>0</td>
<td>com.theplatform.cs.comcast.ingest.GeneratedScriptTest@5a63f509</td></tr>
<tr>
<td title='com.theplatform.cs.comcast.ingest.AssetSpliceRecordTest.testAssetSpliceRecordCreation()'><b>testAssetSpliceRecordCreation</b><br>Test class: com.theplatform.cs.comcast.ingest.AssetSpliceRecordTest</td>
<td></td>
<td>0</td>
<td>com.theplatform.cs.comcast.ingest.AssetSpliceRecordTest@1700915</td></tr>
<tr>
<td title='com.theplatform.cs.comcast.ingest.AssetSpliceRecordTest.testAssetSpliceRecordCreationManualPopulation()'><b>testAssetSpliceRecordCreationManualPopulation</b><br>Test class: com.theplatform.cs.comcast.ingest.AssetSpliceRecordTest</td>
<td></td>
<td>0</td>
<td>com.theplatform.cs.comcast.ingest.AssetSpliceRecordTest@1700915</td></tr>
<tr>
<td title='com.theplatform.cs.comcast.ingest.AssetSpliceRecordTest.testAssetSpliceRecordCreation_EmptyDataRecord()'><b>testAssetSpliceRecordCreation_EmptyDataRecord</b><br>Test class: com.theplatform.cs.comcast.ingest.AssetSpliceRecordTest</td>
<td><div><pre>com.theplatform.cs.comcast.ingest.exception.EmptyRecordException: Empty csv data record.
	at org.codehaus.groovy.runtime.callsite.ConstructorSite$ConstructorSiteNoUnwrapNoCoerce.callConstructor(ConstructorSite.java:102)
	at org.codehaus.groovy.runtime.callsite.CallSiteArray.defaultCallConstructor(CallSiteArray.java:54)
	at org.codehaus.groovy.runtime.callsite.AbstractCallSite.callConstructor(AbstractCallSite.java:182)
	at org.codehaus.groovy.runtime.callsite.AbstractCallSite.callConstructor(AbstractCallSite.java:190)
	at com.theplatform.cs.comcast.ingest.AssetSpliceRecord.fromCSV(AssetSpliceRecord.groovy:129)
	at com.theplatform.cs.comcast.ingest.AssetSpliceRecord.&lt;init&gt;(AssetSpliceRecord.groovy:89)
	at com.theplatform.cs.comcast.ingest.AssetSpliceRecord.&lt;init&gt;(AssetSpliceRecord.groovy:83)
	at org.codehaus.groovy.runtime.callsite.ConstructorSite$ConstructorSiteNoUnwrapNoCoerce.callConstructor(ConstructorSite.java:102)
	at org.codehaus.groovy.runtime.callsite.CallSiteArray.defaultCallConstructor(CallSiteArray.java:54)
	at org.codehaus.groovy.runtime.callsite.AbstractCallSite.callConstructor(AbstractCallSite.java:182)
	at org.codehaus.groovy.runtime.callsite.AbstractCallSite.callConstructor(AbstractCallSite.java:194)
	at com.theplatform.cs.comcast.ingest.AssetSpliceRecordTest.testAssetSpliceRecordCreation_EmptyDataRecord(AssetSpliceRecordTest.groovy:414)
... Removed 44 stack frames</pre></div><a href='#' onClick='toggleBox("stack-trace1029472813", this, "Click to show all stack frames", "Click to hide stack frames")'>Click to show all stack frames</a>
<div class='stack-trace' id='stack-trace1029472813'><pre>com.theplatform.cs.comcast.ingest.exception.EmptyRecordException: Empty csv data record.
	at sun.reflect.NativeConstructorAccessorImpl.newInstance0(Native Method)
	at sun.reflect.NativeConstructorAccessorImpl.newInstance(NativeConstructorAccessorImpl.java:62)
	at sun.reflect.DelegatingConstructorAccessorImpl.newInstance(DelegatingConstructorAccessorImpl.java:45)
	at java.lang.reflect.Constructor.newInstance(Constructor.java:422)
	at org.codehaus.groovy.reflection.CachedConstructor.invoke(CachedConstructor.java:77)
	at org.codehaus.groovy.runtime.callsite.ConstructorSite$ConstructorSiteNoUnwrapNoCoerce.callConstructor(ConstructorSite.java:102)
	at org.codehaus.groovy.runtime.callsite.CallSiteArray.defaultCallConstructor(CallSiteArray.java:54)
	at org.codehaus.groovy.runtime.callsite.AbstractCallSite.callConstructor(AbstractCallSite.java:182)
	at org.codehaus.groovy.runtime.callsite.AbstractCallSite.callConstructor(AbstractCallSite.java:190)
	at com.theplatform.cs.comcast.ingest.AssetSpliceRecord.fromCSV(AssetSpliceRecord.groovy:129)
	at com.theplatform.cs.comcast.ingest.AssetSpliceRecord.&lt;init&gt;(AssetSpliceRecord.groovy:89)
	at com.theplatform.cs.comcast.ingest.AssetSpliceRecord.&lt;init&gt;(AssetSpliceRecord.groovy:83)
	at sun.reflect.NativeConstructorAccessorImpl.newInstance0(Native Method)
	at sun.reflect.NativeConstructorAccessorImpl.newInstance(NativeConstructorAccessorImpl.java:62)
	at sun.reflect.DelegatingConstructorAccessorImpl.newInstance(DelegatingConstructorAccessorImpl.java:45)
	at java.lang.reflect.Constructor.newInstance(Constructor.java:422)
	at org.codehaus.groovy.reflection.CachedConstructor.invoke(CachedConstructor.java:77)
	at org.codehaus.groovy.runtime.callsite.ConstructorSite$ConstructorSiteNoUnwrapNoCoerce.callConstructor(ConstructorSite.java:102)
	at org.codehaus.groovy.runtime.callsite.CallSiteArray.defaultCallConstructor(CallSiteArray.java:54)
	at org.codehaus.groovy.runtime.callsite.AbstractCallSite.callConstructor(AbstractCallSite.java:182)
	at org.codehaus.groovy.runtime.callsite.AbstractCallSite.callConstructor(AbstractCallSite.java:194)
	at com.theplatform.cs.comcast.ingest.AssetSpliceRecordTest.testAssetSpliceRecordCreation_EmptyDataRecord(AssetSpliceRecordTest.groovy:414)
	at sun.reflect.NativeMethodAccessorImpl.invoke0(Native Method)
	at sun.reflect.NativeMethodAccessorImpl.invoke(NativeMethodAccessorImpl.java:62)
	at sun.reflect.DelegatingMethodAccessorImpl.invoke(DelegatingMethodAccessorImpl.java:43)
	at java.lang.reflect.Method.invoke(Method.java:497)
	at org.testng.internal.MethodInvocationHelper.invokeMethod(MethodInvocationHelper.java:84)
	at org.testng.internal.Invoker.invokeMethod(Invoker.java:714)
	at org.testng.internal.Invoker.invokeTestMethod(Invoker.java:901)
	at org.testng.internal.Invoker.invokeTestMethods(Invoker.java:1231)
	at org.testng.internal.TestMethodWorker.invokeTestMethods(TestMethodWorker.java:127)
	at org.testng.internal.TestMethodWorker.run(TestMethodWorker.java:111)
	at org.testng.TestRunner.privateRun(TestRunner.java:767)
	at org.testng.TestRunner.run(TestRunner.java:617)
	at org.testng.SuiteRunner.runTest(SuiteRunner.java:334)
	at org.testng.SuiteRunner.runSequentially(SuiteRunner.java:329)
	at org.testng.SuiteRunner.privateRun(SuiteRunner.java:291)
	at org.testng.SuiteRunner.run(SuiteRunner.java:240)
	at org.testng.SuiteRunnerWorker.runSuite(SuiteRunnerWorker.java:52)
	at org.testng.SuiteRunnerWorker.run(SuiteRunnerWorker.java:86)
	at org.testng.TestNG.runSuitesSequentially(TestNG.java:1224)
	at org.testng.TestNG.runSuitesLocally(TestNG.java:1149)
	at org.testng.TestNG.run(TestNG.java:1057)
	at org.apache.maven.surefire.testng.TestNGExecutor.run(TestNGExecutor.java:77)
	at org.apache.maven.surefire.testng.TestNGDirectoryTestSuite.executeMulti(TestNGDirectoryTestSuite.java:159)
	at org.apache.maven.surefire.testng.TestNGDirectoryTestSuite.execute(TestNGDirectoryTestSuite.java:99)
	at org.apache.maven.surefire.testng.TestNGProvider.invoke(TestNGProvider.java:106)
	at sun.reflect.NativeMethodAccessorImpl.invoke0(Native Method)
	at sun.reflect.NativeMethodAccessorImpl.invoke(NativeMethodAccessorImpl.java:62)
	at sun.reflect.DelegatingMethodAccessorImpl.invoke(DelegatingMethodAccessorImpl.java:43)
	at java.lang.reflect.Method.invoke(Method.java:497)
	at org.apache.maven.surefire.util.ReflectionUtils.invokeMethodWithArray(ReflectionUtils.java:189)
	at org.apache.maven.surefire.booter.ProviderFactory$ProviderProxy.invoke(ProviderFactory.java:165)
	at org.apache.maven.surefire.booter.ProviderFactory.invokeProvider(ProviderFactory.java:85)
	at org.apache.maven.surefire.booter.ForkedBooter.runSuitesInProcess(ForkedBooter.java:115)
	at org.apache.maven.surefire.booter.ForkedBooter.main(ForkedBooter.java:75)
</pre></div></td>
<td>0</td>
<td>com.theplatform.cs.comcast.ingest.AssetSpliceRecordTest@1700915</td></tr>
<tr>
<td title='com.theplatform.cs.comcast.ingest.AssetSpliceRecordTest.testAssetSpliceRecordCreation_LocalMidRollEndIsNull()'><b>testAssetSpliceRecordCreation_LocalMidRollEndIsNull</b><br>Test class: com.theplatform.cs.comcast.ingest.AssetSpliceRecordTest</td>
<td></td>
<td>0</td>
<td>com.theplatform.cs.comcast.ingest.AssetSpliceRecordTest@1700915</td></tr>
<tr>
<td title='com.theplatform.cs.comcast.ingest.AssetSpliceRecordTest.testAssetSpliceRecordCreation_MissingRecords()'><b>testAssetSpliceRecordCreation_MissingRecords</b><br>Test class: com.theplatform.cs.comcast.ingest.AssetSpliceRecordTest</td>
<td><div><pre>java.util.InputMismatchException: Number of Data Record fields != Header Record fields! 7 vs 13
	at org.codehaus.groovy.runtime.callsite.ConstructorSite$ConstructorSiteNoUnwrapNoCoerce.callConstructor(ConstructorSite.java:102)
	at org.codehaus.groovy.runtime.callsite.CallSiteArray.defaultCallConstructor(CallSiteArray.java:54)
	at org.codehaus.groovy.runtime.callsite.AbstractCallSite.callConstructor(AbstractCallSite.java:182)
	at org.codehaus.groovy.runtime.callsite.AbstractCallSite.callConstructor(AbstractCallSite.java:190)
	at com.theplatform.cs.comcast.ingest.AssetSpliceRecord.fromCSV(AssetSpliceRecord.groovy:144)
	at com.theplatform.cs.comcast.ingest.AssetSpliceRecord.&lt;init&gt;(AssetSpliceRecord.groovy:89)
	at com.theplatform.cs.comcast.ingest.AssetSpliceRecord.&lt;init&gt;(AssetSpliceRecord.groovy:83)
	at org.codehaus.groovy.runtime.callsite.ConstructorSite$ConstructorSiteNoUnwrapNoCoerce.callConstructor(ConstructorSite.java:102)
	at org.codehaus.groovy.runtime.callsite.CallSiteArray.defaultCallConstructor(CallSiteArray.java:54)
	at org.codehaus.groovy.runtime.callsite.AbstractCallSite.callConstructor(AbstractCallSite.java:182)
	at org.codehaus.groovy.runtime.callsite.AbstractCallSite.callConstructor(AbstractCallSite.java:194)
	at com.theplatform.cs.comcast.ingest.AssetSpliceRecordTest.testAssetSpliceRecordCreation_MissingRecords(AssetSpliceRecordTest.groovy:541)
... Removed 44 stack frames</pre></div><a href='#' onClick='toggleBox("stack-trace1409545055", this, "Click to show all stack frames", "Click to hide stack frames")'>Click to show all stack frames</a>
<div class='stack-trace' id='stack-trace1409545055'><pre>java.util.InputMismatchException: Number of Data Record fields != Header Record fields! 7 vs 13
	at sun.reflect.NativeConstructorAccessorImpl.newInstance0(Native Method)
	at sun.reflect.NativeConstructorAccessorImpl.newInstance(NativeConstructorAccessorImpl.java:62)
	at sun.reflect.DelegatingConstructorAccessorImpl.newInstance(DelegatingConstructorAccessorImpl.java:45)
	at java.lang.reflect.Constructor.newInstance(Constructor.java:422)
	at org.codehaus.groovy.reflection.CachedConstructor.invoke(CachedConstructor.java:77)
	at org.codehaus.groovy.runtime.callsite.ConstructorSite$ConstructorSiteNoUnwrapNoCoerce.callConstructor(ConstructorSite.java:102)
	at org.codehaus.groovy.runtime.callsite.CallSiteArray.defaultCallConstructor(CallSiteArray.java:54)
	at org.codehaus.groovy.runtime.callsite.AbstractCallSite.callConstructor(AbstractCallSite.java:182)
	at org.codehaus.groovy.runtime.callsite.AbstractCallSite.callConstructor(AbstractCallSite.java:190)
	at com.theplatform.cs.comcast.ingest.AssetSpliceRecord.fromCSV(AssetSpliceRecord.groovy:144)
	at com.theplatform.cs.comcast.ingest.AssetSpliceRecord.&lt;init&gt;(AssetSpliceRecord.groovy:89)
	at com.theplatform.cs.comcast.ingest.AssetSpliceRecord.&lt;init&gt;(AssetSpliceRecord.groovy:83)
	at sun.reflect.NativeConstructorAccessorImpl.newInstance0(Native Method)
	at sun.reflect.NativeConstructorAccessorImpl.newInstance(NativeConstructorAccessorImpl.java:62)
	at sun.reflect.DelegatingConstructorAccessorImpl.newInstance(DelegatingConstructorAccessorImpl.java:45)
	at java.lang.reflect.Constructor.newInstance(Constructor.java:422)
	at org.codehaus.groovy.reflection.CachedConstructor.invoke(CachedConstructor.java:77)
	at org.codehaus.groovy.runtime.callsite.ConstructorSite$ConstructorSiteNoUnwrapNoCoerce.callConstructor(ConstructorSite.java:102)
	at org.codehaus.groovy.runtime.callsite.CallSiteArray.defaultCallConstructor(CallSiteArray.java:54)
	at org.codehaus.groovy.runtime.callsite.AbstractCallSite.callConstructor(AbstractCallSite.java:182)
	at org.codehaus.groovy.runtime.callsite.AbstractCallSite.callConstructor(AbstractCallSite.java:194)
	at com.theplatform.cs.comcast.ingest.AssetSpliceRecordTest.testAssetSpliceRecordCreation_MissingRecords(AssetSpliceRecordTest.groovy:541)
	at sun.reflect.NativeMethodAccessorImpl.invoke0(Native Method)
	at sun.reflect.NativeMethodAccessorImpl.invoke(NativeMethodAccessorImpl.java:62)
	at sun.reflect.DelegatingMethodAccessorImpl.invoke(DelegatingMethodAccessorImpl.java:43)
	at java.lang.reflect.Method.invoke(Method.java:497)
	at org.testng.internal.MethodInvocationHelper.invokeMethod(MethodInvocationHelper.java:84)
	at org.testng.internal.Invoker.invokeMethod(Invoker.java:714)
	at org.testng.internal.Invoker.invokeTestMethod(Invoker.java:901)
	at org.testng.internal.Invoker.invokeTestMethods(Invoker.java:1231)
	at org.testng.internal.TestMethodWorker.invokeTestMethods(TestMethodWorker.java:127)
	at org.testng.internal.TestMethodWorker.run(TestMethodWorker.java:111)
	at org.testng.TestRunner.privateRun(TestRunner.java:767)
	at org.testng.TestRunner.run(TestRunner.java:617)
	at org.testng.SuiteRunner.runTest(SuiteRunner.java:334)
	at org.testng.SuiteRunner.runSequentially(SuiteRunner.java:329)
	at org.testng.SuiteRunner.privateRun(SuiteRunner.java:291)
	at org.testng.SuiteRunner.run(SuiteRunner.java:240)
	at org.testng.SuiteRunnerWorker.runSuite(SuiteRunnerWorker.java:52)
	at org.testng.SuiteRunnerWorker.run(SuiteRunnerWorker.java:86)
	at org.testng.TestNG.runSuitesSequentially(TestNG.java:1224)
	at org.testng.TestNG.runSuitesLocally(TestNG.java:1149)
	at org.testng.TestNG.run(TestNG.java:1057)
	at org.apache.maven.surefire.testng.TestNGExecutor.run(TestNGExecutor.java:77)
	at org.apache.maven.surefire.testng.TestNGDirectoryTestSuite.executeMulti(TestNGDirectoryTestSuite.java:159)
	at org.apache.maven.surefire.testng.TestNGDirectoryTestSuite.execute(TestNGDirectoryTestSuite.java:99)
	at org.apache.maven.surefire.testng.TestNGProvider.invoke(TestNGProvider.java:106)
	at sun.reflect.NativeMethodAccessorImpl.invoke0(Native Method)
	at sun.reflect.NativeMethodAccessorImpl.invoke(NativeMethodAccessorImpl.java:62)
	at sun.reflect.DelegatingMethodAccessorImpl.invoke(DelegatingMethodAccessorImpl.java:43)
	at java.lang.reflect.Method.invoke(Method.java:497)
	at org.apache.maven.surefire.util.ReflectionUtils.invokeMethodWithArray(ReflectionUtils.java:189)
	at org.apache.maven.surefire.booter.ProviderFactory$ProviderProxy.invoke(ProviderFactory.java:165)
	at org.apache.maven.surefire.booter.ProviderFactory.invokeProvider(ProviderFactory.java:85)
	at org.apache.maven.surefire.booter.ForkedBooter.runSuitesInProcess(ForkedBooter.java:115)
	at org.apache.maven.surefire.booter.ForkedBooter.main(ForkedBooter.java:75)
</pre></div></td>
<td>0</td>
<td>com.theplatform.cs.comcast.ingest.AssetSpliceRecordTest@1700915</td></tr>
<tr>
<td title='com.theplatform.cs.comcast.ingest.AssetSpliceRecordTest.testAssetSpliceRecordCreation_NoHeader()'><b>testAssetSpliceRecordCreation_NoHeader</b><br>Test class: com.theplatform.cs.comcast.ingest.AssetSpliceRecordTest</td>
<td><div><pre>java.lang.IllegalStateException: Required Field is null: &quot;providerId&quot;
	at org.codehaus.groovy.runtime.callsite.ConstructorSite$ConstructorSiteNoUnwrap.callConstructor(ConstructorSite.java:81)
	at org.codehaus.groovy.runtime.callsite.CallSiteArray.defaultCallConstructor(CallSiteArray.java:54)
	at org.codehaus.groovy.runtime.callsite.AbstractCallSite.callConstructor(AbstractCallSite.java:182)
	at org.codehaus.groovy.runtime.callsite.AbstractCallSite.callConstructor(AbstractCallSite.java:190)
	at com.theplatform.cs.comcast.ingest.AssetSpliceRecord.validateRequiredItems(AssetSpliceRecord.groovy:456)
	at com.theplatform.cs.comcast.ingest.AssetSpliceRecord.&lt;init&gt;(AssetSpliceRecord.groovy:111)
	at com.theplatform.cs.comcast.ingest.AssetSpliceRecord.&lt;init&gt;(AssetSpliceRecord.groovy:83)
	at org.codehaus.groovy.runtime.callsite.ConstructorSite$ConstructorSiteNoUnwrapNoCoerce.callConstructor(ConstructorSite.java:102)
	at org.codehaus.groovy.runtime.callsite.CallSiteArray.defaultCallConstructor(CallSiteArray.java:54)
	at org.codehaus.groovy.runtime.callsite.AbstractCallSite.callConstructor(AbstractCallSite.java:182)
	at org.codehaus.groovy.runtime.callsite.AbstractCallSite.callConstructor(AbstractCallSite.java:194)
	at com.theplatform.cs.comcast.ingest.AssetSpliceRecordTest.testAssetSpliceRecordCreation_NoHeader(AssetSpliceRecordTest.groovy:427)
... Removed 45 stack frames</pre></div><a href='#' onClick='toggleBox("stack-trace1740846921", this, "Click to show all stack frames", "Click to hide stack frames")'>Click to show all stack frames</a>
<div class='stack-trace' id='stack-trace1740846921'><pre>java.lang.IllegalStateException: Required Field is null: &quot;providerId&quot;
	at sun.reflect.NativeConstructorAccessorImpl.newInstance0(Native Method)
	at sun.reflect.NativeConstructorAccessorImpl.newInstance(NativeConstructorAccessorImpl.java:62)
	at sun.reflect.DelegatingConstructorAccessorImpl.newInstance(DelegatingConstructorAccessorImpl.java:45)
	at java.lang.reflect.Constructor.newInstance(Constructor.java:422)
	at org.codehaus.groovy.reflection.CachedConstructor.invoke(CachedConstructor.java:77)
	at org.codehaus.groovy.reflection.CachedConstructor.doConstructorInvoke(CachedConstructor.java:71)
	at org.codehaus.groovy.runtime.callsite.ConstructorSite$ConstructorSiteNoUnwrap.callConstructor(ConstructorSite.java:81)
	at org.codehaus.groovy.runtime.callsite.CallSiteArray.defaultCallConstructor(CallSiteArray.java:54)
	at org.codehaus.groovy.runtime.callsite.AbstractCallSite.callConstructor(AbstractCallSite.java:182)
	at org.codehaus.groovy.runtime.callsite.AbstractCallSite.callConstructor(AbstractCallSite.java:190)
	at com.theplatform.cs.comcast.ingest.AssetSpliceRecord.validateRequiredItems(AssetSpliceRecord.groovy:456)
	at com.theplatform.cs.comcast.ingest.AssetSpliceRecord.&lt;init&gt;(AssetSpliceRecord.groovy:111)
	at com.theplatform.cs.comcast.ingest.AssetSpliceRecord.&lt;init&gt;(AssetSpliceRecord.groovy:83)
	at sun.reflect.NativeConstructorAccessorImpl.newInstance0(Native Method)
	at sun.reflect.NativeConstructorAccessorImpl.newInstance(NativeConstructorAccessorImpl.java:62)
	at sun.reflect.DelegatingConstructorAccessorImpl.newInstance(DelegatingConstructorAccessorImpl.java:45)
	at java.lang.reflect.Constructor.newInstance(Constructor.java:422)
	at org.codehaus.groovy.reflection.CachedConstructor.invoke(CachedConstructor.java:77)
	at org.codehaus.groovy.runtime.callsite.ConstructorSite$ConstructorSiteNoUnwrapNoCoerce.callConstructor(ConstructorSite.java:102)
	at org.codehaus.groovy.runtime.callsite.CallSiteArray.defaultCallConstructor(CallSiteArray.java:54)
	at org.codehaus.groovy.runtime.callsite.AbstractCallSite.callConstructor(AbstractCallSite.java:182)
	at org.codehaus.groovy.runtime.callsite.AbstractCallSite.callConstructor(AbstractCallSite.java:194)
	at com.theplatform.cs.comcast.ingest.AssetSpliceRecordTest.testAssetSpliceRecordCreation_NoHeader(AssetSpliceRecordTest.groovy:427)
	at sun.reflect.NativeMethodAccessorImpl.invoke0(Native Method)
	at sun.reflect.NativeMethodAccessorImpl.invoke(NativeMethodAccessorImpl.java:62)
	at sun.reflect.DelegatingMethodAccessorImpl.invoke(DelegatingMethodAccessorImpl.java:43)
	at java.lang.reflect.Method.invoke(Method.java:497)
	at org.testng.internal.MethodInvocationHelper.invokeMethod(MethodInvocationHelper.java:84)
	at org.testng.internal.Invoker.invokeMethod(Invoker.java:714)
	at org.testng.internal.Invoker.invokeTestMethod(Invoker.java:901)
	at org.testng.internal.Invoker.invokeTestMethods(Invoker.java:1231)
	at org.testng.internal.TestMethodWorker.invokeTestMethods(TestMethodWorker.java:127)
	at org.testng.internal.TestMethodWorker.run(TestMethodWorker.java:111)
	at org.testng.TestRunner.privateRun(TestRunner.java:767)
	at org.testng.TestRunner.run(TestRunner.java:617)
	at org.testng.SuiteRunner.runTest(SuiteRunner.java:334)
	at org.testng.SuiteRunner.runSequentially(SuiteRunner.java:329)
	at org.testng.SuiteRunner.privateRun(SuiteRunner.java:291)
	at org.testng.SuiteRunner.run(SuiteRunner.java:240)
	at org.testng.SuiteRunnerWorker.runSuite(SuiteRunnerWorker.java:52)
	at org.testng.SuiteRunnerWorker.run(SuiteRunnerWorker.java:86)
	at org.testng.TestNG.runSuitesSequentially(TestNG.java:1224)
	at org.testng.TestNG.runSuitesLocally(TestNG.java:1149)
	at org.testng.TestNG.run(TestNG.java:1057)
	at org.apache.maven.surefire.testng.TestNGExecutor.run(TestNGExecutor.java:77)
	at org.apache.maven.surefire.testng.TestNGDirectoryTestSuite.executeMulti(TestNGDirectoryTestSuite.java:159)
	at org.apache.maven.surefire.testng.TestNGDirectoryTestSuite.execute(TestNGDirectoryTestSuite.java:99)
	at org.apache.maven.surefire.testng.TestNGProvider.invoke(TestNGProvider.java:106)
	at sun.reflect.NativeMethodAccessorImpl.invoke0(Native Method)
	at sun.reflect.NativeMethodAccessorImpl.invoke(NativeMethodAccessorImpl.java:62)
	at sun.reflect.DelegatingMethodAccessorImpl.invoke(DelegatingMethodAccessorImpl.java:43)
	at java.lang.reflect.Method.invoke(Method.java:497)
	at org.apache.maven.surefire.util.ReflectionUtils.invokeMethodWithArray(ReflectionUtils.java:189)
	at org.apache.maven.surefire.booter.ProviderFactory$ProviderProxy.invoke(ProviderFactory.java:165)
	at org.apache.maven.surefire.booter.ProviderFactory.invokeProvider(ProviderFactory.java:85)
	at org.apache.maven.surefire.booter.ForkedBooter.runSuitesInProcess(ForkedBooter.java:115)
	at org.apache.maven.surefire.booter.ForkedBooter.main(ForkedBooter.java:75)
</pre></div></td>
<td>0</td>
<td>com.theplatform.cs.comcast.ingest.AssetSpliceRecordTest@1700915</td></tr>
<tr>
<td title='com.theplatform.cs.comcast.ingest.AssetSpliceRecordTest.testAssetSpliceRecordCreation_SpliceRangesNullCompoundString()'><b>testAssetSpliceRecordCreation_SpliceRangesNullCompoundString</b><br>Test class: com.theplatform.cs.comcast.ingest.AssetSpliceRecordTest</td>
<td><div><pre>java.lang.IllegalArgumentException: Compound SpliceRange string is Empty.
	at org.codehaus.groovy.runtime.callsite.ConstructorSite$ConstructorSiteNoUnwrapNoCoerce.callConstructor(ConstructorSite.java:102)
	at org.codehaus.groovy.runtime.callsite.CallSiteArray.defaultCallConstructor(CallSiteArray.java:54)
	at org.codehaus.groovy.runtime.callsite.AbstractCallSite.callConstructor(AbstractCallSite.java:182)
	at org.codehaus.groovy.runtime.callsite.AbstractCallSite.callConstructor(AbstractCallSite.java:190)
	at com.theplatform.cs.comcast.ingest.AssetSpliceRecord.createSpliceRanges(AssetSpliceRecord.groovy:201)
	at com.theplatform.cs.comcast.ingest.AssetSpliceRecord$createSpliceRanges$0.call(Unknown Source)
	at org.codehaus.groovy.runtime.callsite.CallSiteArray.defaultCall(CallSiteArray.java:42)
	at org.codehaus.groovy.runtime.callsite.AbstractCallSite.call(AbstractCallSite.java:108)
	at org.codehaus.groovy.runtime.callsite.AbstractCallSite.call(AbstractCallSite.java:120)
	at com.theplatform.cs.comcast.ingest.AssetSpliceRecordTest.testAssetSpliceRecordCreation_SpliceRangesNullCompoundString(AssetSpliceRecordTest.groovy:459)
... Removed 39 stack frames</pre></div><a href='#' onClick='toggleBox("stack-trace1714113641", this, "Click to show all stack frames", "Click to hide stack frames")'>Click to show all stack frames</a>
<div class='stack-trace' id='stack-trace1714113641'><pre>java.lang.IllegalArgumentException: Compound SpliceRange string is Empty.
	at sun.reflect.NativeConstructorAccessorImpl.newInstance0(Native Method)
	at sun.reflect.NativeConstructorAccessorImpl.newInstance(NativeConstructorAccessorImpl.java:62)
	at sun.reflect.DelegatingConstructorAccessorImpl.newInstance(DelegatingConstructorAccessorImpl.java:45)
	at java.lang.reflect.Constructor.newInstance(Constructor.java:422)
	at org.codehaus.groovy.reflection.CachedConstructor.invoke(CachedConstructor.java:77)
	at org.codehaus.groovy.runtime.callsite.ConstructorSite$ConstructorSiteNoUnwrapNoCoerce.callConstructor(ConstructorSite.java:102)
	at org.codehaus.groovy.runtime.callsite.CallSiteArray.defaultCallConstructor(CallSiteArray.java:54)
	at org.codehaus.groovy.runtime.callsite.AbstractCallSite.callConstructor(AbstractCallSite.java:182)
	at org.codehaus.groovy.runtime.callsite.AbstractCallSite.callConstructor(AbstractCallSite.java:190)
	at com.theplatform.cs.comcast.ingest.AssetSpliceRecord.createSpliceRanges(AssetSpliceRecord.groovy:201)
	at com.theplatform.cs.comcast.ingest.AssetSpliceRecord$createSpliceRanges$0.call(Unknown Source)
	at org.codehaus.groovy.runtime.callsite.CallSiteArray.defaultCall(CallSiteArray.java:42)
	at org.codehaus.groovy.runtime.callsite.AbstractCallSite.call(AbstractCallSite.java:108)
	at org.codehaus.groovy.runtime.callsite.AbstractCallSite.call(AbstractCallSite.java:120)
	at com.theplatform.cs.comcast.ingest.AssetSpliceRecordTest.testAssetSpliceRecordCreation_SpliceRangesNullCompoundString(AssetSpliceRecordTest.groovy:459)
	at sun.reflect.NativeMethodAccessorImpl.invoke0(Native Method)
	at sun.reflect.NativeMethodAccessorImpl.invoke(NativeMethodAccessorImpl.java:62)
	at sun.reflect.DelegatingMethodAccessorImpl.invoke(DelegatingMethodAccessorImpl.java:43)
	at java.lang.reflect.Method.invoke(Method.java:497)
	at org.testng.internal.MethodInvocationHelper.invokeMethod(MethodInvocationHelper.java:84)
	at org.testng.internal.Invoker.invokeMethod(Invoker.java:714)
	at org.testng.internal.Invoker.invokeTestMethod(Invoker.java:901)
	at org.testng.internal.Invoker.invokeTestMethods(Invoker.java:1231)
	at org.testng.internal.TestMethodWorker.invokeTestMethods(TestMethodWorker.java:127)
	at org.testng.internal.TestMethodWorker.run(TestMethodWorker.java:111)
	at org.testng.TestRunner.privateRun(TestRunner.java:767)
	at org.testng.TestRunner.run(TestRunner.java:617)
	at org.testng.SuiteRunner.runTest(SuiteRunner.java:334)
	at org.testng.SuiteRunner.runSequentially(SuiteRunner.java:329)
	at org.testng.SuiteRunner.privateRun(SuiteRunner.java:291)
	at org.testng.SuiteRunner.run(SuiteRunner.java:240)
	at org.testng.SuiteRunnerWorker.runSuite(SuiteRunnerWorker.java:52)
	at org.testng.SuiteRunnerWorker.run(SuiteRunnerWorker.java:86)
	at org.testng.TestNG.runSuitesSequentially(TestNG.java:1224)
	at org.testng.TestNG.runSuitesLocally(TestNG.java:1149)
	at org.testng.TestNG.run(TestNG.java:1057)
	at org.apache.maven.surefire.testng.TestNGExecutor.run(TestNGExecutor.java:77)
	at org.apache.maven.surefire.testng.TestNGDirectoryTestSuite.executeMulti(TestNGDirectoryTestSuite.java:159)
	at org.apache.maven.surefire.testng.TestNGDirectoryTestSuite.execute(TestNGDirectoryTestSuite.java:99)
	at org.apache.maven.surefire.testng.TestNGProvider.invoke(TestNGProvider.java:106)
	at sun.reflect.NativeMethodAccessorImpl.invoke0(Native Method)
	at sun.reflect.NativeMethodAccessorImpl.invoke(NativeMethodAccessorImpl.java:62)
	at sun.reflect.DelegatingMethodAccessorImpl.invoke(DelegatingMethodAccessorImpl.java:43)
	at java.lang.reflect.Method.invoke(Method.java:497)
	at org.apache.maven.surefire.util.ReflectionUtils.invokeMethodWithArray(ReflectionUtils.java:189)
	at org.apache.maven.surefire.booter.ProviderFactory$ProviderProxy.invoke(ProviderFactory.java:165)
	at org.apache.maven.surefire.booter.ProviderFactory.invokeProvider(ProviderFactory.java:85)
	at org.apache.maven.surefire.booter.ForkedBooter.runSuitesInProcess(ForkedBooter.java:115)
	at org.apache.maven.surefire.booter.ForkedBooter.main(ForkedBooter.java:75)
</pre></div></td>
<td>0</td>
<td>com.theplatform.cs.comcast.ingest.AssetSpliceRecordTest@1700915</td></tr>
<tr>
<td title='com.theplatform.cs.comcast.ingest.AssetSpliceRecordTest.testAssetSpliceRecordCreation_SpliceRangesNullDelimiter()'><b>testAssetSpliceRecordCreation_SpliceRangesNullDelimiter</b><br>Test class: com.theplatform.cs.comcast.ingest.AssetSpliceRecordTest</td>
<td><div><pre>java.lang.IllegalArgumentException: Delimiter is Empty.
	at org.codehaus.groovy.runtime.callsite.ConstructorSite$ConstructorSiteNoUnwrapNoCoerce.callConstructor(ConstructorSite.java:102)
	at org.codehaus.groovy.runtime.callsite.CallSiteArray.defaultCallConstructor(CallSiteArray.java:54)
	at org.codehaus.groovy.runtime.callsite.AbstractCallSite.callConstructor(AbstractCallSite.java:182)
	at org.codehaus.groovy.runtime.callsite.AbstractCallSite.callConstructor(AbstractCallSite.java:190)
	at com.theplatform.cs.comcast.ingest.AssetSpliceRecord.createSpliceRanges(AssetSpliceRecord.groovy:204)
	at com.theplatform.cs.comcast.ingest.AssetSpliceRecord$createSpliceRanges$0.call(Unknown Source)
	at org.codehaus.groovy.runtime.callsite.CallSiteArray.defaultCall(CallSiteArray.java:42)
	at org.codehaus.groovy.runtime.callsite.AbstractCallSite.call(AbstractCallSite.java:108)
	at org.codehaus.groovy.runtime.callsite.AbstractCallSite.call(AbstractCallSite.java:120)
	at com.theplatform.cs.comcast.ingest.AssetSpliceRecordTest.testAssetSpliceRecordCreation_SpliceRangesNullDelimiter(AssetSpliceRecordTest.groovy:471)
... Removed 39 stack frames</pre></div><a href='#' onClick='toggleBox("stack-trace262445056", this, "Click to show all stack frames", "Click to hide stack frames")'>Click to show all stack frames</a>
<div class='stack-trace' id='stack-trace262445056'><pre>java.lang.IllegalArgumentException: Delimiter is Empty.
	at sun.reflect.NativeConstructorAccessorImpl.newInstance0(Native Method)
	at sun.reflect.NativeConstructorAccessorImpl.newInstance(NativeConstructorAccessorImpl.java:62)
	at sun.reflect.DelegatingConstructorAccessorImpl.newInstance(DelegatingConstructorAccessorImpl.java:45)
	at java.lang.reflect.Constructor.newInstance(Constructor.java:422)
	at org.codehaus.groovy.reflection.CachedConstructor.invoke(CachedConstructor.java:77)
	at org.codehaus.groovy.runtime.callsite.ConstructorSite$ConstructorSiteNoUnwrapNoCoerce.callConstructor(ConstructorSite.java:102)
	at org.codehaus.groovy.runtime.callsite.CallSiteArray.defaultCallConstructor(CallSiteArray.java:54)
	at org.codehaus.groovy.runtime.callsite.AbstractCallSite.callConstructor(AbstractCallSite.java:182)
	at org.codehaus.groovy.runtime.callsite.AbstractCallSite.callConstructor(AbstractCallSite.java:190)
	at com.theplatform.cs.comcast.ingest.AssetSpliceRecord.createSpliceRanges(AssetSpliceRecord.groovy:204)
	at com.theplatform.cs.comcast.ingest.AssetSpliceRecord$createSpliceRanges$0.call(Unknown Source)
	at org.codehaus.groovy.runtime.callsite.CallSiteArray.defaultCall(CallSiteArray.java:42)
	at org.codehaus.groovy.runtime.callsite.AbstractCallSite.call(AbstractCallSite.java:108)
	at org.codehaus.groovy.runtime.callsite.AbstractCallSite.call(AbstractCallSite.java:120)
	at com.theplatform.cs.comcast.ingest.AssetSpliceRecordTest.testAssetSpliceRecordCreation_SpliceRangesNullDelimiter(AssetSpliceRecordTest.groovy:471)
	at sun.reflect.NativeMethodAccessorImpl.invoke0(Native Method)
	at sun.reflect.NativeMethodAccessorImpl.invoke(NativeMethodAccessorImpl.java:62)
	at sun.reflect.DelegatingMethodAccessorImpl.invoke(DelegatingMethodAccessorImpl.java:43)
	at java.lang.reflect.Method.invoke(Method.java:497)
	at org.testng.internal.MethodInvocationHelper.invokeMethod(MethodInvocationHelper.java:84)
	at org.testng.internal.Invoker.invokeMethod(Invoker.java:714)
	at org.testng.internal.Invoker.invokeTestMethod(Invoker.java:901)
	at org.testng.internal.Invoker.invokeTestMethods(Invoker.java:1231)
	at org.testng.internal.TestMethodWorker.invokeTestMethods(TestMethodWorker.java:127)
	at org.testng.internal.TestMethodWorker.run(TestMethodWorker.java:111)
	at org.testng.TestRunner.privateRun(TestRunner.java:767)
	at org.testng.TestRunner.run(TestRunner.java:617)
	at org.testng.SuiteRunner.runTest(SuiteRunner.java:334)
	at org.testng.SuiteRunner.runSequentially(SuiteRunner.java:329)
	at org.testng.SuiteRunner.privateRun(SuiteRunner.java:291)
	at org.testng.SuiteRunner.run(SuiteRunner.java:240)
	at org.testng.SuiteRunnerWorker.runSuite(SuiteRunnerWorker.java:52)
	at org.testng.SuiteRunnerWorker.run(SuiteRunnerWorker.java:86)
	at org.testng.TestNG.runSuitesSequentially(TestNG.java:1224)
	at org.testng.TestNG.runSuitesLocally(TestNG.java:1149)
	at org.testng.TestNG.run(TestNG.java:1057)
	at org.apache.maven.surefire.testng.TestNGExecutor.run(TestNGExecutor.java:77)
	at org.apache.maven.surefire.testng.TestNGDirectoryTestSuite.executeMulti(TestNGDirectoryTestSuite.java:159)
	at org.apache.maven.surefire.testng.TestNGDirectoryTestSuite.execute(TestNGDirectoryTestSuite.java:99)
	at org.apache.maven.surefire.testng.TestNGProvider.invoke(TestNGProvider.java:106)
	at sun.reflect.NativeMethodAccessorImpl.invoke0(Native Method)
	at sun.reflect.NativeMethodAccessorImpl.invoke(NativeMethodAccessorImpl.java:62)
	at sun.reflect.DelegatingMethodAccessorImpl.invoke(DelegatingMethodAccessorImpl.java:43)
	at java.lang.reflect.Method.invoke(Method.java:497)
	at org.apache.maven.surefire.util.ReflectionUtils.invokeMethodWithArray(ReflectionUtils.java:189)
	at org.apache.maven.surefire.booter.ProviderFactory$ProviderProxy.invoke(ProviderFactory.java:165)
	at org.apache.maven.surefire.booter.ProviderFactory.invokeProvider(ProviderFactory.java:85)
	at org.apache.maven.surefire.booter.ForkedBooter.runSuitesInProcess(ForkedBooter.java:115)
	at org.apache.maven.surefire.booter.ForkedBooter.main(ForkedBooter.java:75)
</pre></div></td>
<td>0</td>
<td>com.theplatform.cs.comcast.ingest.AssetSpliceRecordTest@1700915</td></tr>
<tr>
<td title='com.theplatform.cs.comcast.ingest.AssetSpliceRecordTest.testAssetSpliceRecordCreation_TimesOutOfOrder()'><b>testAssetSpliceRecordCreation_TimesOutOfOrder</b><br>Test class: com.theplatform.cs.comcast.ingest.AssetSpliceRecordTest</td>
<td><div><pre>java.lang.IllegalStateException: Non-local Points are out of order!
	at org.codehaus.groovy.runtime.callsite.ConstructorSite$ConstructorSiteNoUnwrapNoCoerce.callConstructor(ConstructorSite.java:102)
	at org.codehaus.groovy.runtime.callsite.CallSiteArray.defaultCallConstructor(CallSiteArray.java:54)
	at org.codehaus.groovy.runtime.callsite.AbstractCallSite.callConstructor(AbstractCallSite.java:182)
	at org.codehaus.groovy.runtime.callsite.AbstractCallSite.callConstructor(AbstractCallSite.java:190)
	at com.theplatform.cs.comcast.ingest.AssetSpliceRecord$_validateSpliceRanges_closure8.doCall(AssetSpliceRecord.groovy:513)
	at groovy.lang.MetaMethod.doMethodInvoke(MetaMethod.java:233)
	at org.codehaus.groovy.runtime.metaclass.ClosureMetaClass.invokeMethod(ClosureMetaClass.java:272)
	at groovy.lang.MetaClassImpl.invokeMethod(MetaClassImpl.java:885)
	at groovy.lang.Closure.call(Closure.java:405)
	at groovy.lang.Closure.call(Closure.java:418)
	at org.codehaus.groovy.runtime.DefaultGroovyMethods.each(DefaultGroovyMethods.java:1240)
	at org.codehaus.groovy.runtime.DefaultGroovyMethods.each(DefaultGroovyMethods.java:1216)
	at org.codehaus.groovy.runtime.dgm$124.invoke(Unknown Source)
	at org.codehaus.groovy.runtime.callsite.PojoMetaMethodSite$PojoMetaMethodSiteNoUnwrapNoCoerce.invoke(PojoMetaMethodSite.java:271)
	at org.codehaus.groovy.runtime.callsite.PojoMetaMethodSite.call(PojoMetaMethodSite.java:53)
	at org.codehaus.groovy.runtime.callsite.AbstractCallSite.call(AbstractCallSite.java:116)
	at com.theplatform.cs.comcast.ingest.AssetSpliceRecord.validateSpliceRanges(AssetSpliceRecord.groovy:511)
	at com.theplatform.cs.comcast.ingest.AssetSpliceRecord.&lt;init&gt;(AssetSpliceRecord.groovy:103)
	at com.theplatform.cs.comcast.ingest.AssetSpliceRecord.&lt;init&gt;(AssetSpliceRecord.groovy:83)
	at org.codehaus.groovy.runtime.callsite.ConstructorSite$ConstructorSiteNoUnwrapNoCoerce.callConstructor(ConstructorSite.java:102)
	at org.codehaus.groovy.runtime.callsite.CallSiteArray.defaultCallConstructor(CallSiteArray.java:54)
	at org.codehaus.groovy.runtime.callsite.AbstractCallSite.callConstructor(AbstractCallSite.java:182)
	at org.codehaus.groovy.runtime.callsite.AbstractCallSite.callConstructor(AbstractCallSite.java:194)
	at com.theplatform.cs.comcast.ingest.AssetSpliceRecordTest.testAssetSpliceRecordCreation_TimesOutOfOrder(AssetSpliceRecordTest.groovy:527)
... Removed 49 stack frames</pre></div><a href='#' onClick='toggleBox("stack-trace1606286799", this, "Click to show all stack frames", "Click to hide stack frames")'>Click to show all stack frames</a>
<div class='stack-trace' id='stack-trace1606286799'><pre>java.lang.IllegalStateException: Non-local Points are out of order!
	at sun.reflect.NativeConstructorAccessorImpl.newInstance0(Native Method)
	at sun.reflect.NativeConstructorAccessorImpl.newInstance(NativeConstructorAccessorImpl.java:62)
	at sun.reflect.DelegatingConstructorAccessorImpl.newInstance(DelegatingConstructorAccessorImpl.java:45)
	at java.lang.reflect.Constructor.newInstance(Constructor.java:422)
	at org.codehaus.groovy.reflection.CachedConstructor.invoke(CachedConstructor.java:77)
	at org.codehaus.groovy.runtime.callsite.ConstructorSite$ConstructorSiteNoUnwrapNoCoerce.callConstructor(ConstructorSite.java:102)
	at org.codehaus.groovy.runtime.callsite.CallSiteArray.defaultCallConstructor(CallSiteArray.java:54)
	at org.codehaus.groovy.runtime.callsite.AbstractCallSite.callConstructor(AbstractCallSite.java:182)
	at org.codehaus.groovy.runtime.callsite.AbstractCallSite.callConstructor(AbstractCallSite.java:190)
	at com.theplatform.cs.comcast.ingest.AssetSpliceRecord$_validateSpliceRanges_closure8.doCall(AssetSpliceRecord.groovy:513)
	at sun.reflect.NativeMethodAccessorImpl.invoke0(Native Method)
	at sun.reflect.NativeMethodAccessorImpl.invoke(NativeMethodAccessorImpl.java:62)
	at sun.reflect.DelegatingMethodAccessorImpl.invoke(DelegatingMethodAccessorImpl.java:43)
	at java.lang.reflect.Method.invoke(Method.java:497)
	at org.codehaus.groovy.reflection.CachedMethod.invoke(CachedMethod.java:90)
	at groovy.lang.MetaMethod.doMethodInvoke(MetaMethod.java:233)
	at org.codehaus.groovy.runtime.metaclass.ClosureMetaClass.invokeMethod(ClosureMetaClass.java:272)
	at groovy.lang.MetaClassImpl.invokeMethod(MetaClassImpl.java:885)
	at groovy.lang.Closure.call(Closure.java:405)
	at groovy.lang.Closure.call(Closure.java:418)
	at org.codehaus.groovy.runtime.DefaultGroovyMethods.each(DefaultGroovyMethods.java:1240)
	at org.codehaus.groovy.runtime.DefaultGroovyMethods.each(DefaultGroovyMethods.java:1216)
	at org.codehaus.groovy.runtime.dgm$124.invoke(Unknown Source)
	at org.codehaus.groovy.runtime.callsite.PojoMetaMethodSite$PojoMetaMethodSiteNoUnwrapNoCoerce.invoke(PojoMetaMethodSite.java:271)
	at org.codehaus.groovy.runtime.callsite.PojoMetaMethodSite.call(PojoMetaMethodSite.java:53)
	at org.codehaus.groovy.runtime.callsite.AbstractCallSite.call(AbstractCallSite.java:116)
	at com.theplatform.cs.comcast.ingest.AssetSpliceRecord.validateSpliceRanges(AssetSpliceRecord.groovy:511)
	at com.theplatform.cs.comcast.ingest.AssetSpliceRecord.&lt;init&gt;(AssetSpliceRecord.groovy:103)
	at com.theplatform.cs.comcast.ingest.AssetSpliceRecord.&lt;init&gt;(AssetSpliceRecord.groovy:83)
	at sun.reflect.NativeConstructorAccessorImpl.newInstance0(Native Method)
	at sun.reflect.NativeConstructorAccessorImpl.newInstance(NativeConstructorAccessorImpl.java:62)
	at sun.reflect.DelegatingConstructorAccessorImpl.newInstance(DelegatingConstructorAccessorImpl.java:45)
	at java.lang.reflect.Constructor.newInstance(Constructor.java:422)
	at org.codehaus.groovy.reflection.CachedConstructor.invoke(CachedConstructor.java:77)
	at org.codehaus.groovy.runtime.callsite.ConstructorSite$ConstructorSiteNoUnwrapNoCoerce.callConstructor(ConstructorSite.java:102)
	at org.codehaus.groovy.runtime.callsite.CallSiteArray.defaultCallConstructor(CallSiteArray.java:54)
	at org.codehaus.groovy.runtime.callsite.AbstractCallSite.callConstructor(AbstractCallSite.java:182)
	at org.codehaus.groovy.runtime.callsite.AbstractCallSite.callConstructor(AbstractCallSite.java:194)
	at com.theplatform.cs.comcast.ingest.AssetSpliceRecordTest.testAssetSpliceRecordCreation_TimesOutOfOrder(AssetSpliceRecordTest.groovy:527)
	at sun.reflect.NativeMethodAccessorImpl.invoke0(Native Method)
	at sun.reflect.NativeMethodAccessorImpl.invoke(NativeMethodAccessorImpl.java:62)
	at sun.reflect.DelegatingMethodAccessorImpl.invoke(DelegatingMethodAccessorImpl.java:43)
	at java.lang.reflect.Method.invoke(Method.java:497)
	at org.testng.internal.MethodInvocationHelper.invokeMethod(MethodInvocationHelper.java:84)
	at org.testng.internal.Invoker.invokeMethod(Invoker.java:714)
	at org.testng.internal.Invoker.invokeTestMethod(Invoker.java:901)
	at org.testng.internal.Invoker.invokeTestMethods(Invoker.java:1231)
	at org.testng.internal.TestMethodWorker.invokeTestMethods(TestMethodWorker.java:127)
	at org.testng.internal.TestMethodWorker.run(TestMethodWorker.java:111)
	at org.testng.TestRunner.privateRun(TestRunner.java:767)
	at org.testng.TestRunner.run(TestRunner.java:617)
	at org.testng.SuiteRunner.runTest(SuiteRunner.java:334)
	at org.testng.SuiteRunner.runSequentially(SuiteRunner.java:329)
	at org.testng.SuiteRunner.privateRun(SuiteRunner.java:291)
	at org.testng.SuiteRunner.run(SuiteRunner.java:240)
	at org.testng.SuiteRunnerWorker.runSuite(SuiteRunnerWorker.java:52)
	at org.testng.SuiteRunnerWorker.run(SuiteRunnerWorker.java:86)
	at org.testng.TestNG.runSuitesSequentially(TestNG.java:1224)
	at org.testng.TestNG.runSuitesLocally(TestNG.java:1149)
	at org.testng.TestNG.run(TestNG.java:1057)
	at org.apache.maven.surefire.testng.TestNGExecutor.run(TestNGExecutor.java:77)
	at org.apache.maven.surefire.testng.TestNGDirectoryTestSuite.executeMulti(TestNGDirectoryTestSuite.java:159)
	at org.apache.maven.surefire.testng.TestNGDirectoryTestSuite.execute(TestNGDirectoryTestSuite.java:99)
	at org.apache.maven.surefire.testng.TestNGProvider.invoke(TestNGProvider.java:106)
	at sun.reflect.NativeMethodAccessorImpl.invoke0(Native Method)
	at sun.reflect.NativeMethodAccessorImpl.invoke(NativeMethodAccessorImpl.java:62)
	at sun.reflect.DelegatingMethodAccessorImpl.invoke(DelegatingMethodAccessorImpl.java:43)
	at java.lang.reflect.Method.invoke(Method.java:497)
	at org.apache.maven.surefire.util.ReflectionUtils.invokeMethodWithArray(ReflectionUtils.java:189)
	at org.apache.maven.surefire.booter.ProviderFactory$ProviderProxy.invoke(ProviderFactory.java:165)
	at org.apache.maven.surefire.booter.ProviderFactory.invokeProvider(ProviderFactory.java:85)
	at org.apache.maven.surefire.booter.ForkedBooter.runSuitesInProcess(ForkedBooter.java:115)
	at org.apache.maven.surefire.booter.ForkedBooter.main(ForkedBooter.java:75)
</pre></div></td>
<td>0</td>
<td>com.theplatform.cs.comcast.ingest.AssetSpliceRecordTest@1700915</td></tr>
<tr>
<td title='com.theplatform.cs.comcast.ingest.AssetSpliceRecordTest.testAssetSpliceRecordCreation_WithNationalConditioning()'><b>testAssetSpliceRecordCreation_WithNationalConditioning</b><br>Test class: com.theplatform.cs.comcast.ingest.AssetSpliceRecordTest</td>
<td></td>
<td>0</td>
<td>com.theplatform.cs.comcast.ingest.AssetSpliceRecordTest@1700915</td></tr>
<tr>
<td title='com.theplatform.cs.comcast.ingest.AssetSpliceRecordTest.testAssetSpliceRecordCreation_WithWhiteSpace()'><b>testAssetSpliceRecordCreation_WithWhiteSpace</b><br>Test class: com.theplatform.cs.comcast.ingest.AssetSpliceRecordTest</td>
<td></td>
<td>0</td>
<td>com.theplatform.cs.comcast.ingest.AssetSpliceRecordTest@1700915</td></tr>
<tr>
<td title='com.theplatform.cs.comcast.ingest.AssetSpliceRecordTest.testAssetSpliceRecordCreation_csvNullHeaderArgument()'><b>testAssetSpliceRecordCreation_csvNullHeaderArgument</b><br>Test class: com.theplatform.cs.comcast.ingest.AssetSpliceRecordTest</td>
<td><div><pre>java.lang.IllegalArgumentException: Empty csv header record.
	at org.codehaus.groovy.runtime.callsite.ConstructorSite$ConstructorSiteNoUnwrapNoCoerce.callConstructor(ConstructorSite.java:102)
	at org.codehaus.groovy.runtime.callsite.CallSiteArray.defaultCallConstructor(CallSiteArray.java:54)
	at org.codehaus.groovy.runtime.callsite.AbstractCallSite.callConstructor(AbstractCallSite.java:182)
	at org.codehaus.groovy.runtime.callsite.AbstractCallSite.callConstructor(AbstractCallSite.java:190)
	at com.theplatform.cs.comcast.ingest.AssetSpliceRecord.fromCSV(AssetSpliceRecord.groovy:126)
	at com.theplatform.cs.comcast.ingest.AssetSpliceRecord.&lt;init&gt;(AssetSpliceRecord.groovy:89)
	at com.theplatform.cs.comcast.ingest.AssetSpliceRecord.&lt;init&gt;(AssetSpliceRecord.groovy:83)
	at org.codehaus.groovy.runtime.callsite.ConstructorSite$ConstructorSiteNoUnwrapNoCoerce.callConstructor(ConstructorSite.java:102)
	at org.codehaus.groovy.runtime.callsite.CallSiteArray.defaultCallConstructor(CallSiteArray.java:54)
	at org.codehaus.groovy.runtime.callsite.AbstractCallSite.callConstructor(AbstractCallSite.java:182)
	at org.codehaus.groovy.runtime.callsite.AbstractCallSite.callConstructor(AbstractCallSite.java:194)
	at com.theplatform.cs.comcast.ingest.AssetSpliceRecordTest.testAssetSpliceRecordCreation_csvNullHeaderArgument(AssetSpliceRecordTest.groovy:437)
... Removed 44 stack frames</pre></div><a href='#' onClick='toggleBox("stack-trace943454742", this, "Click to show all stack frames", "Click to hide stack frames")'>Click to show all stack frames</a>
<div class='stack-trace' id='stack-trace943454742'><pre>java.lang.IllegalArgumentException: Empty csv header record.
	at sun.reflect.NativeConstructorAccessorImpl.newInstance0(Native Method)
	at sun.reflect.NativeConstructorAccessorImpl.newInstance(NativeConstructorAccessorImpl.java:62)
	at sun.reflect.DelegatingConstructorAccessorImpl.newInstance(DelegatingConstructorAccessorImpl.java:45)
	at java.lang.reflect.Constructor.newInstance(Constructor.java:422)
	at org.codehaus.groovy.reflection.CachedConstructor.invoke(CachedConstructor.java:77)
	at org.codehaus.groovy.runtime.callsite.ConstructorSite$ConstructorSiteNoUnwrapNoCoerce.callConstructor(ConstructorSite.java:102)
	at org.codehaus.groovy.runtime.callsite.CallSiteArray.defaultCallConstructor(CallSiteArray.java:54)
	at org.codehaus.groovy.runtime.callsite.AbstractCallSite.callConstructor(AbstractCallSite.java:182)
	at org.codehaus.groovy.runtime.callsite.AbstractCallSite.callConstructor(AbstractCallSite.java:190)
	at com.theplatform.cs.comcast.ingest.AssetSpliceRecord.fromCSV(AssetSpliceRecord.groovy:126)
	at com.theplatform.cs.comcast.ingest.AssetSpliceRecord.&lt;init&gt;(AssetSpliceRecord.groovy:89)
	at com.theplatform.cs.comcast.ingest.AssetSpliceRecord.&lt;init&gt;(AssetSpliceRecord.groovy:83)
	at sun.reflect.NativeConstructorAccessorImpl.newInstance0(Native Method)
	at sun.reflect.NativeConstructorAccessorImpl.newInstance(NativeConstructorAccessorImpl.java:62)
	at sun.reflect.DelegatingConstructorAccessorImpl.newInstance(DelegatingConstructorAccessorImpl.java:45)
	at java.lang.reflect.Constructor.newInstance(Constructor.java:422)
	at org.codehaus.groovy.reflection.CachedConstructor.invoke(CachedConstructor.java:77)
	at org.codehaus.groovy.runtime.callsite.ConstructorSite$ConstructorSiteNoUnwrapNoCoerce.callConstructor(ConstructorSite.java:102)
	at org.codehaus.groovy.runtime.callsite.CallSiteArray.defaultCallConstructor(CallSiteArray.java:54)
	at org.codehaus.groovy.runtime.callsite.AbstractCallSite.callConstructor(AbstractCallSite.java:182)
	at org.codehaus.groovy.runtime.callsite.AbstractCallSite.callConstructor(AbstractCallSite.java:194)
	at com.theplatform.cs.comcast.ingest.AssetSpliceRecordTest.testAssetSpliceRecordCreation_csvNullHeaderArgument(AssetSpliceRecordTest.groovy:437)
	at sun.reflect.NativeMethodAccessorImpl.invoke0(Native Method)
	at sun.reflect.NativeMethodAccessorImpl.invoke(NativeMethodAccessorImpl.java:62)
	at sun.reflect.DelegatingMethodAccessorImpl.invoke(DelegatingMethodAccessorImpl.java:43)
	at java.lang.reflect.Method.invoke(Method.java:497)
	at org.testng.internal.MethodInvocationHelper.invokeMethod(MethodInvocationHelper.java:84)
	at org.testng.internal.Invoker.invokeMethod(Invoker.java:714)
	at org.testng.internal.Invoker.invokeTestMethod(Invoker.java:901)
	at org.testng.internal.Invoker.invokeTestMethods(Invoker.java:1231)
	at org.testng.internal.TestMethodWorker.invokeTestMethods(TestMethodWorker.java:127)
	at org.testng.internal.TestMethodWorker.run(TestMethodWorker.java:111)
	at org.testng.TestRunner.privateRun(TestRunner.java:767)
	at org.testng.TestRunner.run(TestRunner.java:617)
	at org.testng.SuiteRunner.runTest(SuiteRunner.java:334)
	at org.testng.SuiteRunner.runSequentially(SuiteRunner.java:329)
	at org.testng.SuiteRunner.privateRun(SuiteRunner.java:291)
	at org.testng.SuiteRunner.run(SuiteRunner.java:240)
	at org.testng.SuiteRunnerWorker.runSuite(SuiteRunnerWorker.java:52)
	at org.testng.SuiteRunnerWorker.run(SuiteRunnerWorker.java:86)
	at org.testng.TestNG.runSuitesSequentially(TestNG.java:1224)
	at org.testng.TestNG.runSuitesLocally(TestNG.java:1149)
	at org.testng.TestNG.run(TestNG.java:1057)
	at org.apache.maven.surefire.testng.TestNGExecutor.run(TestNGExecutor.java:77)
	at org.apache.maven.surefire.testng.TestNGDirectoryTestSuite.executeMulti(TestNGDirectoryTestSuite.java:159)
	at org.apache.maven.surefire.testng.TestNGDirectoryTestSuite.execute(TestNGDirectoryTestSuite.java:99)
	at org.apache.maven.surefire.testng.TestNGProvider.invoke(TestNGProvider.java:106)
	at sun.reflect.NativeMethodAccessorImpl.invoke0(Native Method)
	at sun.reflect.NativeMethodAccessorImpl.invoke(NativeMethodAccessorImpl.java:62)
	at sun.reflect.DelegatingMethodAccessorImpl.invoke(DelegatingMethodAccessorImpl.java:43)
	at java.lang.reflect.Method.invoke(Method.java:497)
	at org.apache.maven.surefire.util.ReflectionUtils.invokeMethodWithArray(ReflectionUtils.java:189)
	at org.apache.maven.surefire.booter.ProviderFactory$ProviderProxy.invoke(ProviderFactory.java:165)
	at org.apache.maven.surefire.booter.ProviderFactory.invokeProvider(ProviderFactory.java:85)
	at org.apache.maven.surefire.booter.ForkedBooter.runSuitesInProcess(ForkedBooter.java:115)
	at org.apache.maven.surefire.booter.ForkedBooter.main(ForkedBooter.java:75)
</pre></div></td>
<td>0</td>
<td>com.theplatform.cs.comcast.ingest.AssetSpliceRecordTest@1700915</td></tr>
<tr>
<td title='com.theplatform.cs.comcast.ingest.AssetSpliceRecordTest.testAssetSpliceRecordCreation_csvNullItemArgument()'><b>testAssetSpliceRecordCreation_csvNullItemArgument</b><br>Test class: com.theplatform.cs.comcast.ingest.AssetSpliceRecordTest</td>
<td><div><pre>com.theplatform.cs.comcast.ingest.exception.EmptyRecordException: Empty csv data record.
	at org.codehaus.groovy.runtime.callsite.ConstructorSite$ConstructorSiteNoUnwrapNoCoerce.callConstructor(ConstructorSite.java:102)
	at org.codehaus.groovy.runtime.callsite.AbstractCallSite.callConstructor(AbstractCallSite.java:190)
	at com.theplatform.cs.comcast.ingest.AssetSpliceRecord.fromCSV(AssetSpliceRecord.groovy:129)
	at com.theplatform.cs.comcast.ingest.AssetSpliceRecord.&lt;init&gt;(AssetSpliceRecord.groovy:89)
	at com.theplatform.cs.comcast.ingest.AssetSpliceRecord.&lt;init&gt;(AssetSpliceRecord.groovy:83)
	at org.codehaus.groovy.runtime.callsite.ConstructorSite$ConstructorSiteNoUnwrapNoCoerce.callConstructor(ConstructorSite.java:102)
	at org.codehaus.groovy.runtime.callsite.CallSiteArray.defaultCallConstructor(CallSiteArray.java:54)
	at org.codehaus.groovy.runtime.callsite.AbstractCallSite.callConstructor(AbstractCallSite.java:182)
	at org.codehaus.groovy.runtime.callsite.AbstractCallSite.callConstructor(AbstractCallSite.java:194)
	at com.theplatform.cs.comcast.ingest.AssetSpliceRecordTest.testAssetSpliceRecordCreation_csvNullItemArgument(AssetSpliceRecordTest.groovy:447)
... Removed 44 stack frames</pre></div><a href='#' onClick='toggleBox("stack-trace1296456465", this, "Click to show all stack frames", "Click to hide stack frames")'>Click to show all stack frames</a>
<div class='stack-trace' id='stack-trace1296456465'><pre>com.theplatform.cs.comcast.ingest.exception.EmptyRecordException: Empty csv data record.
	at sun.reflect.NativeConstructorAccessorImpl.newInstance0(Native Method)
	at sun.reflect.NativeConstructorAccessorImpl.newInstance(NativeConstructorAccessorImpl.java:62)
	at sun.reflect.DelegatingConstructorAccessorImpl.newInstance(DelegatingConstructorAccessorImpl.java:45)
	at java.lang.reflect.Constructor.newInstance(Constructor.java:422)
	at org.codehaus.groovy.reflection.CachedConstructor.invoke(CachedConstructor.java:77)
	at org.codehaus.groovy.runtime.callsite.ConstructorSite$ConstructorSiteNoUnwrapNoCoerce.callConstructor(ConstructorSite.java:102)
	at org.codehaus.groovy.runtime.callsite.AbstractCallSite.callConstructor(AbstractCallSite.java:190)
	at com.theplatform.cs.comcast.ingest.AssetSpliceRecord.fromCSV(AssetSpliceRecord.groovy:129)
	at com.theplatform.cs.comcast.ingest.AssetSpliceRecord.&lt;init&gt;(AssetSpliceRecord.groovy:89)
	at com.theplatform.cs.comcast.ingest.AssetSpliceRecord.&lt;init&gt;(AssetSpliceRecord.groovy:83)
	at sun.reflect.NativeConstructorAccessorImpl.newInstance0(Native Method)
	at sun.reflect.NativeConstructorAccessorImpl.newInstance(NativeConstructorAccessorImpl.java:62)
	at sun.reflect.DelegatingConstructorAccessorImpl.newInstance(DelegatingConstructorAccessorImpl.java:45)
	at java.lang.reflect.Constructor.newInstance(Constructor.java:422)
	at org.codehaus.groovy.reflection.CachedConstructor.invoke(CachedConstructor.java:77)
	at org.codehaus.groovy.runtime.callsite.ConstructorSite$ConstructorSiteNoUnwrapNoCoerce.callConstructor(ConstructorSite.java:102)
	at org.codehaus.groovy.runtime.callsite.CallSiteArray.defaultCallConstructor(CallSiteArray.java:54)
	at org.codehaus.groovy.runtime.callsite.AbstractCallSite.callConstructor(AbstractCallSite.java:182)
	at org.codehaus.groovy.runtime.callsite.AbstractCallSite.callConstructor(AbstractCallSite.java:194)
	at com.theplatform.cs.comcast.ingest.AssetSpliceRecordTest.testAssetSpliceRecordCreation_csvNullItemArgument(AssetSpliceRecordTest.groovy:447)
	at sun.reflect.NativeMethodAccessorImpl.invoke0(Native Method)
	at sun.reflect.NativeMethodAccessorImpl.invoke(NativeMethodAccessorImpl.java:62)
	at sun.reflect.DelegatingMethodAccessorImpl.invoke(DelegatingMethodAccessorImpl.java:43)
	at java.lang.reflect.Method.invoke(Method.java:497)
	at org.testng.internal.MethodInvocationHelper.invokeMethod(MethodInvocationHelper.java:84)
	at org.testng.internal.Invoker.invokeMethod(Invoker.java:714)
	at org.testng.internal.Invoker.invokeTestMethod(Invoker.java:901)
	at org.testng.internal.Invoker.invokeTestMethods(Invoker.java:1231)
	at org.testng.internal.TestMethodWorker.invokeTestMethods(TestMethodWorker.java:127)
	at org.testng.internal.TestMethodWorker.run(TestMethodWorker.java:111)
	at org.testng.TestRunner.privateRun(TestRunner.java:767)
	at org.testng.TestRunner.run(TestRunner.java:617)
	at org.testng.SuiteRunner.runTest(SuiteRunner.java:334)
	at org.testng.SuiteRunner.runSequentially(SuiteRunner.java:329)
	at org.testng.SuiteRunner.privateRun(SuiteRunner.java:291)
	at org.testng.SuiteRunner.run(SuiteRunner.java:240)
	at org.testng.SuiteRunnerWorker.runSuite(SuiteRunnerWorker.java:52)
	at org.testng.SuiteRunnerWorker.run(SuiteRunnerWorker.java:86)
	at org.testng.TestNG.runSuitesSequentially(TestNG.java:1224)
	at org.testng.TestNG.runSuitesLocally(TestNG.java:1149)
	at org.testng.TestNG.run(TestNG.java:1057)
	at org.apache.maven.surefire.testng.TestNGExecutor.run(TestNGExecutor.java:77)
	at org.apache.maven.surefire.testng.TestNGDirectoryTestSuite.executeMulti(TestNGDirectoryTestSuite.java:159)
	at org.apache.maven.surefire.testng.TestNGDirectoryTestSuite.execute(TestNGDirectoryTestSuite.java:99)
	at org.apache.maven.surefire.testng.TestNGProvider.invoke(TestNGProvider.java:106)
	at sun.reflect.NativeMethodAccessorImpl.invoke0(Native Method)
	at sun.reflect.NativeMethodAccessorImpl.invoke(NativeMethodAccessorImpl.java:62)
	at sun.reflect.DelegatingMethodAccessorImpl.invoke(DelegatingMethodAccessorImpl.java:43)
	at java.lang.reflect.Method.invoke(Method.java:497)
	at org.apache.maven.surefire.util.ReflectionUtils.invokeMethodWithArray(ReflectionUtils.java:189)
	at org.apache.maven.surefire.booter.ProviderFactory$ProviderProxy.invoke(ProviderFactory.java:165)
	at org.apache.maven.surefire.booter.ProviderFactory.invokeProvider(ProviderFactory.java:85)
	at org.apache.maven.surefire.booter.ForkedBooter.runSuitesInProcess(ForkedBooter.java:115)
	at org.apache.maven.surefire.booter.ForkedBooter.main(ForkedBooter.java:75)
</pre></div></td>
<td>0</td>
<td>com.theplatform.cs.comcast.ingest.AssetSpliceRecordTest@1700915</td></tr>
<tr>
<td title='com.theplatform.cs.comcast.ingest.AssetSpliceRecordTest.testAssetSpliceRecordCreation_withLocal()'><b>testAssetSpliceRecordCreation_withLocal</b><br>Test class: com.theplatform.cs.comcast.ingest.AssetSpliceRecordTest</td>
<td></td>
<td>0</td>
<td>com.theplatform.cs.comcast.ingest.AssetSpliceRecordTest@1700915</td></tr>
<tr>
<td title='com.theplatform.cs.comcast.ingest.AssetSpliceRecordTest.testAssetSpliceRecordDeriveChapters()'><b>testAssetSpliceRecordDeriveChapters</b><br>Test class: com.theplatform.cs.comcast.ingest.AssetSpliceRecordTest</td>
<td></td>
<td>0</td>
<td>com.theplatform.cs.comcast.ingest.AssetSpliceRecordTest@1700915</td></tr>
<tr>
<td title='com.theplatform.cs.comcast.ingest.AssetSpliceRecordTest.testAssetSpliceRecordDeriveChapters_NoMidRolls()'><b>testAssetSpliceRecordDeriveChapters_NoMidRolls</b><br>Test class: com.theplatform.cs.comcast.ingest.AssetSpliceRecordTest</td>
<td></td>
<td>0</td>
<td>com.theplatform.cs.comcast.ingest.AssetSpliceRecordTest@1700915</td></tr>
<tr>
<td title='com.theplatform.cs.comcast.ingest.AssetSpliceRecordTest.testAssetSpliceRecordDeriveChapters_OnlyLeadBlack()'><b>testAssetSpliceRecordDeriveChapters_OnlyLeadBlack</b><br>Test class: com.theplatform.cs.comcast.ingest.AssetSpliceRecordTest</td>
<td></td>
<td>0</td>
<td>com.theplatform.cs.comcast.ingest.AssetSpliceRecordTest@1700915</td></tr>
<tr>
<td title='com.theplatform.cs.comcast.ingest.AssetSpliceRecordTest.testAssetSpliceRecordDeriveChapters_OnlyOneBadBoyInTheMiddle()'><b>testAssetSpliceRecordDeriveChapters_OnlyOneBadBoyInTheMiddle</b><br>Test class: com.theplatform.cs.comcast.ingest.AssetSpliceRecordTest</td>
<td></td>
<td>0</td>
<td>com.theplatform.cs.comcast.ingest.AssetSpliceRecordTest@1700915</td></tr>
<tr>
<td title='com.theplatform.cs.comcast.ingest.AssetSpliceRecordTest.testAssetSpliceRecordDeriveChapters_OnlyPreRoll()'><b>testAssetSpliceRecordDeriveChapters_OnlyPreRoll</b><br>Test class: com.theplatform.cs.comcast.ingest.AssetSpliceRecordTest</td>
<td></td>
<td>0</td>
<td>com.theplatform.cs.comcast.ingest.AssetSpliceRecordTest@1700915</td></tr>
<tr>
<td title='com.theplatform.cs.comcast.ingest.AssetSpliceRecordTest.testAssetSpliceRecordDeriveChapters_PaidHasLowerCase()'><b>testAssetSpliceRecordDeriveChapters_PaidHasLowerCase</b><br>Test class: com.theplatform.cs.comcast.ingest.AssetSpliceRecordTest</td>
<td></td>
<td>0</td>
<td>com.theplatform.cs.comcast.ingest.AssetSpliceRecordTest@1700915</td></tr>
<tr>
<td title='com.theplatform.cs.comcast.ingest.AssetSpliceRecordTest.testAssetSpliceRecord_SpliceRangesCreationWithDefaultDelimiter()'><b>testAssetSpliceRecord_SpliceRangesCreationWithDefaultDelimiter</b><br>Test class: com.theplatform.cs.comcast.ingest.AssetSpliceRecordTest</td>
<td></td>
<td>0</td>
<td>com.theplatform.cs.comcast.ingest.AssetSpliceRecordTest@1700915</td></tr>
<tr>
<td title='com.theplatform.cs.comcast.ingest.AssetSpliceRecordTest.testAssetSpliceRecord_SpliceRangesCreationWithSpecifiedDelimiter()'><b>testAssetSpliceRecord_SpliceRangesCreationWithSpecifiedDelimiter</b><br>Test class: com.theplatform.cs.comcast.ingest.AssetSpliceRecordTest</td>
<td></td>
<td>0</td>
<td>com.theplatform.cs.comcast.ingest.AssetSpliceRecordTest@1700915</td></tr>
<tr>
<td title='com.theplatform.cs.comcast.ingest.AssetSpliceRecordTest.testAssetSpliceRecord_ZeroChapter()'><b>testAssetSpliceRecord_ZeroChapter</b><br>Test class: com.theplatform.cs.comcast.ingest.AssetSpliceRecordTest</td>
<td></td>
<td>0</td>
<td>com.theplatform.cs.comcast.ingest.AssetSpliceRecordTest@1700915</td></tr>
<tr>
<td title='com.theplatform.cs.comcast.ingest.CsvMetadataMapperTest.testBuildAssetRecords_NoDefinedMediaHelper()'><b>testBuildAssetRecords_NoDefinedMediaHelper</b><br>Test class: com.theplatform.cs.comcast.ingest.CsvMetadataMapperTest</td>
<td><div><pre>java.lang.IllegalStateException: MediaHelper must be defined.
	at org.codehaus.groovy.runtime.callsite.ConstructorSite$ConstructorSiteNoUnwrapNoCoerce.callConstructor(ConstructorSite.java:102)
	at org.codehaus.groovy.runtime.callsite.CallSiteArray.defaultCallConstructor(CallSiteArray.java:54)
	at org.codehaus.groovy.runtime.callsite.AbstractCallSite.callConstructor(AbstractCallSite.java:182)
	at org.codehaus.groovy.runtime.callsite.AbstractCallSite.callConstructor(AbstractCallSite.java:190)
	at com.theplatform.cs.comcast.ingest.CsvMetadataMapper.buildRecordAssets(CsvMetadataMapper.groovy:78)
	at com.theplatform.cs.comcast.ingest.CsvMetadataMapper$buildRecordAssets.call(Unknown Source)
	at org.codehaus.groovy.runtime.callsite.CallSiteArray.defaultCall(CallSiteArray.java:42)
	at org.codehaus.groovy.runtime.callsite.AbstractCallSite.call(AbstractCallSite.java:108)
	at org.codehaus.groovy.runtime.callsite.AbstractCallSite.call(AbstractCallSite.java:112)
	at com.theplatform.cs.comcast.ingest.CsvMetadataMapperTest.testBuildAssetRecords_NoDefinedMediaHelper(CsvMetadataMapperTest.groovy:535)
... Removed 39 stack frames</pre></div><a href='#' onClick='toggleBox("stack-trace573958827", this, "Click to show all stack frames", "Click to hide stack frames")'>Click to show all stack frames</a>
<div class='stack-trace' id='stack-trace573958827'><pre>java.lang.IllegalStateException: MediaHelper must be defined.
	at sun.reflect.NativeConstructorAccessorImpl.newInstance0(Native Method)
	at sun.reflect.NativeConstructorAccessorImpl.newInstance(NativeConstructorAccessorImpl.java:62)
	at sun.reflect.DelegatingConstructorAccessorImpl.newInstance(DelegatingConstructorAccessorImpl.java:45)
	at java.lang.reflect.Constructor.newInstance(Constructor.java:422)
	at org.codehaus.groovy.reflection.CachedConstructor.invoke(CachedConstructor.java:77)
	at org.codehaus.groovy.runtime.callsite.ConstructorSite$ConstructorSiteNoUnwrapNoCoerce.callConstructor(ConstructorSite.java:102)
	at org.codehaus.groovy.runtime.callsite.CallSiteArray.defaultCallConstructor(CallSiteArray.java:54)
	at org.codehaus.groovy.runtime.callsite.AbstractCallSite.callConstructor(AbstractCallSite.java:182)
	at org.codehaus.groovy.runtime.callsite.AbstractCallSite.callConstructor(AbstractCallSite.java:190)
	at com.theplatform.cs.comcast.ingest.CsvMetadataMapper.buildRecordAssets(CsvMetadataMapper.groovy:78)
	at com.theplatform.cs.comcast.ingest.CsvMetadataMapper$buildRecordAssets.call(Unknown Source)
	at org.codehaus.groovy.runtime.callsite.CallSiteArray.defaultCall(CallSiteArray.java:42)
	at org.codehaus.groovy.runtime.callsite.AbstractCallSite.call(AbstractCallSite.java:108)
	at org.codehaus.groovy.runtime.callsite.AbstractCallSite.call(AbstractCallSite.java:112)
	at com.theplatform.cs.comcast.ingest.CsvMetadataMapperTest.testBuildAssetRecords_NoDefinedMediaHelper(CsvMetadataMapperTest.groovy:535)
	at sun.reflect.NativeMethodAccessorImpl.invoke0(Native Method)
	at sun.reflect.NativeMethodAccessorImpl.invoke(NativeMethodAccessorImpl.java:62)
	at sun.reflect.DelegatingMethodAccessorImpl.invoke(DelegatingMethodAccessorImpl.java:43)
	at java.lang.reflect.Method.invoke(Method.java:497)
	at org.testng.internal.MethodInvocationHelper.invokeMethod(MethodInvocationHelper.java:84)
	at org.testng.internal.Invoker.invokeMethod(Invoker.java:714)
	at org.testng.internal.Invoker.invokeTestMethod(Invoker.java:901)
	at org.testng.internal.Invoker.invokeTestMethods(Invoker.java:1231)
	at org.testng.internal.TestMethodWorker.invokeTestMethods(TestMethodWorker.java:127)
	at org.testng.internal.TestMethodWorker.run(TestMethodWorker.java:111)
	at org.testng.TestRunner.privateRun(TestRunner.java:767)
	at org.testng.TestRunner.run(TestRunner.java:617)
	at org.testng.SuiteRunner.runTest(SuiteRunner.java:334)
	at org.testng.SuiteRunner.runSequentially(SuiteRunner.java:329)
	at org.testng.SuiteRunner.privateRun(SuiteRunner.java:291)
	at org.testng.SuiteRunner.run(SuiteRunner.java:240)
	at org.testng.SuiteRunnerWorker.runSuite(SuiteRunnerWorker.java:52)
	at org.testng.SuiteRunnerWorker.run(SuiteRunnerWorker.java:86)
	at org.testng.TestNG.runSuitesSequentially(TestNG.java:1224)
	at org.testng.TestNG.runSuitesLocally(TestNG.java:1149)
	at org.testng.TestNG.run(TestNG.java:1057)
	at org.apache.maven.surefire.testng.TestNGExecutor.run(TestNGExecutor.java:77)
	at org.apache.maven.surefire.testng.TestNGDirectoryTestSuite.executeMulti(TestNGDirectoryTestSuite.java:159)
	at org.apache.maven.surefire.testng.TestNGDirectoryTestSuite.execute(TestNGDirectoryTestSuite.java:99)
	at org.apache.maven.surefire.testng.TestNGProvider.invoke(TestNGProvider.java:106)
	at sun.reflect.NativeMethodAccessorImpl.invoke0(Native Method)
	at sun.reflect.NativeMethodAccessorImpl.invoke(NativeMethodAccessorImpl.java:62)
	at sun.reflect.DelegatingMethodAccessorImpl.invoke(DelegatingMethodAccessorImpl.java:43)
	at java.lang.reflect.Method.invoke(Method.java:497)
	at org.apache.maven.surefire.util.ReflectionUtils.invokeMethodWithArray(ReflectionUtils.java:189)
	at org.apache.maven.surefire.booter.ProviderFactory$ProviderProxy.invoke(ProviderFactory.java:165)
	at org.apache.maven.surefire.booter.ProviderFactory.invokeProvider(ProviderFactory.java:85)
	at org.apache.maven.surefire.booter.ForkedBooter.runSuitesInProcess(ForkedBooter.java:115)
	at org.apache.maven.surefire.booter.ForkedBooter.main(ForkedBooter.java:75)
</pre></div></td>
<td>0</td>
<td>com.theplatform.cs.comcast.ingest.CsvMetadataMapperTest@31d7b7bf</td></tr>
<tr>
<td title='com.theplatform.cs.comcast.ingest.CsvMetadataMapperTest.testBuildAssetRecords_NoRecords()'><b>testBuildAssetRecords_NoRecords</b><br>Test class: com.theplatform.cs.comcast.ingest.CsvMetadataMapperTest</td>
<td></td>
<td>0</td>
<td>com.theplatform.cs.comcast.ingest.CsvMetadataMapperTest@31d7b7bf</td></tr>
<tr>
<td title='com.theplatform.cs.comcast.ingest.CsvMetadataMapperTest.testBuildAssetRecords_OnlyEmptyRecords()'><b>testBuildAssetRecords_OnlyEmptyRecords</b><br>Test class: com.theplatform.cs.comcast.ingest.CsvMetadataMapperTest</td>
<td></td>
<td>0</td>
<td>com.theplatform.cs.comcast.ingest.CsvMetadataMapperTest@31d7b7bf</td></tr>
<tr>
<td title='com.theplatform.cs.comcast.ingest.CsvMetadataMapperTest.testBuildAssetRecords_WithEmptyRecords()'><b>testBuildAssetRecords_WithEmptyRecords</b><br>Test class: com.theplatform.cs.comcast.ingest.CsvMetadataMapperTest</td>
<td></td>
<td>0</td>
<td>com.theplatform.cs.comcast.ingest.CsvMetadataMapperTest@31d7b7bf</td></tr>
<tr>
<td title='com.theplatform.cs.comcast.ingest.CsvMetadataMapperTest.testBuildAssetSpliceRecords()'><b>testBuildAssetSpliceRecords</b><br>Test class: com.theplatform.cs.comcast.ingest.CsvMetadataMapperTest</td>
<td></td>
<td>0</td>
<td>com.theplatform.cs.comcast.ingest.CsvMetadataMapperTest@31d7b7bf</td></tr>
<tr>
<td title='com.theplatform.cs.comcast.ingest.CsvMetadataMapperTest.testBuildFileAsset()'><b>testBuildFileAsset</b><br>Test class: com.theplatform.cs.comcast.ingest.CsvMetadataMapperTest</td>
<td></td>
<td>0</td>
<td>com.theplatform.cs.comcast.ingest.CsvMetadataMapperTest@31d7b7bf</td></tr>
<tr>
<td title='com.theplatform.cs.comcast.ingest.CsvMetadataMapperTest.testBuildFileAsset_NoCsvDefined()'><b>testBuildFileAsset_NoCsvDefined</b><br>Test class: com.theplatform.cs.comcast.ingest.CsvMetadataMapperTest</td>
<td><div><pre>java.lang.IllegalStateException: CSV Raw Input Text must be defined.
	at org.codehaus.groovy.runtime.callsite.ConstructorSite$ConstructorSiteNoUnwrapNoCoerce.callConstructor(ConstructorSite.java:102)
	at org.codehaus.groovy.runtime.callsite.CallSiteArray.defaultCallConstructor(CallSiteArray.java:54)
	at org.codehaus.groovy.runtime.callsite.AbstractCallSite.callConstructor(AbstractCallSite.java:182)
	at org.codehaus.groovy.runtime.callsite.AbstractCallSite.callConstructor(AbstractCallSite.java:190)
	at com.theplatform.cs.comcast.ingest.CsvMetadataMapper.buildDirectFileAsset(CsvMetadataMapper.groovy:184)
	at com.theplatform.cs.comcast.ingest.CsvMetadataMapper$buildDirectFileAsset.call(Unknown Source)
	at org.codehaus.groovy.runtime.callsite.CallSiteArray.defaultCall(CallSiteArray.java:42)
	at org.codehaus.groovy.runtime.callsite.AbstractCallSite.call(AbstractCallSite.java:108)
	at org.codehaus.groovy.runtime.callsite.AbstractCallSite.call(AbstractCallSite.java:112)
	at com.theplatform.cs.comcast.ingest.CsvMetadataMapperTest.testBuildFileAsset_NoCsvDefined(CsvMetadataMapperTest.groovy:189)
... Removed 39 stack frames</pre></div><a href='#' onClick='toggleBox("stack-trace1323434987", this, "Click to show all stack frames", "Click to hide stack frames")'>Click to show all stack frames</a>
<div class='stack-trace' id='stack-trace1323434987'><pre>java.lang.IllegalStateException: CSV Raw Input Text must be defined.
	at sun.reflect.NativeConstructorAccessorImpl.newInstance0(Native Method)
	at sun.reflect.NativeConstructorAccessorImpl.newInstance(NativeConstructorAccessorImpl.java:62)
	at sun.reflect.DelegatingConstructorAccessorImpl.newInstance(DelegatingConstructorAccessorImpl.java:45)
	at java.lang.reflect.Constructor.newInstance(Constructor.java:422)
	at org.codehaus.groovy.reflection.CachedConstructor.invoke(CachedConstructor.java:77)
	at org.codehaus.groovy.runtime.callsite.ConstructorSite$ConstructorSiteNoUnwrapNoCoerce.callConstructor(ConstructorSite.java:102)
	at org.codehaus.groovy.runtime.callsite.CallSiteArray.defaultCallConstructor(CallSiteArray.java:54)
	at org.codehaus.groovy.runtime.callsite.AbstractCallSite.callConstructor(AbstractCallSite.java:182)
	at org.codehaus.groovy.runtime.callsite.AbstractCallSite.callConstructor(AbstractCallSite.java:190)
	at com.theplatform.cs.comcast.ingest.CsvMetadataMapper.buildDirectFileAsset(CsvMetadataMapper.groovy:184)
	at com.theplatform.cs.comcast.ingest.CsvMetadataMapper$buildDirectFileAsset.call(Unknown Source)
	at org.codehaus.groovy.runtime.callsite.CallSiteArray.defaultCall(CallSiteArray.java:42)
	at org.codehaus.groovy.runtime.callsite.AbstractCallSite.call(AbstractCallSite.java:108)
	at org.codehaus.groovy.runtime.callsite.AbstractCallSite.call(AbstractCallSite.java:112)
	at com.theplatform.cs.comcast.ingest.CsvMetadataMapperTest.testBuildFileAsset_NoCsvDefined(CsvMetadataMapperTest.groovy:189)
	at sun.reflect.NativeMethodAccessorImpl.invoke0(Native Method)
	at sun.reflect.NativeMethodAccessorImpl.invoke(NativeMethodAccessorImpl.java:62)
	at sun.reflect.DelegatingMethodAccessorImpl.invoke(DelegatingMethodAccessorImpl.java:43)
	at java.lang.reflect.Method.invoke(Method.java:497)
	at org.testng.internal.MethodInvocationHelper.invokeMethod(MethodInvocationHelper.java:84)
	at org.testng.internal.Invoker.invokeMethod(Invoker.java:714)
	at org.testng.internal.Invoker.invokeTestMethod(Invoker.java:901)
	at org.testng.internal.Invoker.invokeTestMethods(Invoker.java:1231)
	at org.testng.internal.TestMethodWorker.invokeTestMethods(TestMethodWorker.java:127)
	at org.testng.internal.TestMethodWorker.run(TestMethodWorker.java:111)
	at org.testng.TestRunner.privateRun(TestRunner.java:767)
	at org.testng.TestRunner.run(TestRunner.java:617)
	at org.testng.SuiteRunner.runTest(SuiteRunner.java:334)
	at org.testng.SuiteRunner.runSequentially(SuiteRunner.java:329)
	at org.testng.SuiteRunner.privateRun(SuiteRunner.java:291)
	at org.testng.SuiteRunner.run(SuiteRunner.java:240)
	at org.testng.SuiteRunnerWorker.runSuite(SuiteRunnerWorker.java:52)
	at org.testng.SuiteRunnerWorker.run(SuiteRunnerWorker.java:86)
	at org.testng.TestNG.runSuitesSequentially(TestNG.java:1224)
	at org.testng.TestNG.runSuitesLocally(TestNG.java:1149)
	at org.testng.TestNG.run(TestNG.java:1057)
	at org.apache.maven.surefire.testng.TestNGExecutor.run(TestNGExecutor.java:77)
	at org.apache.maven.surefire.testng.TestNGDirectoryTestSuite.executeMulti(TestNGDirectoryTestSuite.java:159)
	at org.apache.maven.surefire.testng.TestNGDirectoryTestSuite.execute(TestNGDirectoryTestSuite.java:99)
	at org.apache.maven.surefire.testng.TestNGProvider.invoke(TestNGProvider.java:106)
	at sun.reflect.NativeMethodAccessorImpl.invoke0(Native Method)
	at sun.reflect.NativeMethodAccessorImpl.invoke(NativeMethodAccessorImpl.java:62)
	at sun.reflect.DelegatingMethodAccessorImpl.invoke(DelegatingMethodAccessorImpl.java:43)
	at java.lang.reflect.Method.invoke(Method.java:497)
	at org.apache.maven.surefire.util.ReflectionUtils.invokeMethodWithArray(ReflectionUtils.java:189)
	at org.apache.maven.surefire.booter.ProviderFactory$ProviderProxy.invoke(ProviderFactory.java:165)
	at org.apache.maven.surefire.booter.ProviderFactory.invokeProvider(ProviderFactory.java:85)
	at org.apache.maven.surefire.booter.ForkedBooter.runSuitesInProcess(ForkedBooter.java:115)
	at org.apache.maven.surefire.booter.ForkedBooter.main(ForkedBooter.java:75)
</pre></div></td>
<td>0</td>
<td>com.theplatform.cs.comcast.ingest.CsvMetadataMapperTest@31d7b7bf</td></tr>
<tr>
<td title='com.theplatform.cs.comcast.ingest.CsvMetadataMapperTest.testComposeGuid_Cox()'><b>testComposeGuid_Cox</b><br>Test class: com.theplatform.cs.comcast.ingest.CsvMetadataMapperTest</td>
<td></td>
<td>0</td>
<td>com.theplatform.cs.comcast.ingest.CsvMetadataMapperTest@31d7b7bf</td></tr>
<tr>
<td title='com.theplatform.cs.comcast.ingest.CsvMetadataMapperTest.testComposeGuid_NotCox()'><b>testComposeGuid_NotCox</b><br>Test class: com.theplatform.cs.comcast.ingest.CsvMetadataMapperTest</td>
<td></td>
<td>0</td>
<td>com.theplatform.cs.comcast.ingest.CsvMetadataMapperTest@31d7b7bf</td></tr>
<tr>
<td title='com.theplatform.cs.comcast.ingest.field.AdFieldInfoTest.testFieldInfo()'><b>testFieldInfo</b><br>Test class: com.theplatform.cs.comcast.ingest.field.AdFieldInfoTest</td>
<td></td>
<td>0</td>
<td>com.theplatform.cs.comcast.ingest.field.AdFieldInfoTest@635eaaf1</td></tr>
<tr>
<td title='com.theplatform.cs.comcast.ingest.field.BaseFieldInfoTest.testFieldInfo()'><b>testFieldInfo</b><br>Test class: com.theplatform.cs.comcast.ingest.field.BaseFieldInfoTest</td>
<td></td>
<td>0</td>
<td>com.theplatform.cs.comcast.ingest.field.BaseFieldInfoTest@63355449</td></tr>
<tr>
<td title='com.theplatform.cs.comcast.ingest.field.ReferenceDataFieldInfoTest.testFieldInfo()'><b>testFieldInfo</b><br>Test class: com.theplatform.cs.comcast.ingest.field.ReferenceDataFieldInfoTest</td>
<td></td>
<td>0</td>
<td>com.theplatform.cs.comcast.ingest.field.ReferenceDataFieldInfoTest@5c30a9b0</td></tr>
<tr>
<td title='com.theplatform.cs.comcast.ingest.script.ConfigTest.testGetIngestSources_Dcf()'><b>testGetIngestSources_Dcf</b><br>Test class: com.theplatform.cs.comcast.ingest.script.ConfigTest</td>
<td></td>
<td>0</td>
<td>com.theplatform.cs.comcast.ingest.script.ConfigTest@30ee2816</td></tr>
<tr>
<td title='com.theplatform.cs.comcast.ingest.CsvMetadataMapperTest.testMapSpliceRecordsToIngestMedia()'><b>testMapSpliceRecordsToIngestMedia</b><br>Test class: com.theplatform.cs.comcast.ingest.CsvMetadataMapperTest</td>
<td></td>
<td>0</td>
<td>com.theplatform.cs.comcast.ingest.CsvMetadataMapperTest@31d7b7bf</td></tr>
<tr>
<td title='com.theplatform.cs.comcast.ingest.CsvMetadataMapperTest.testMapSpliceRecordsToIngestMedia_MDU()'><b>testMapSpliceRecordsToIngestMedia_MDU</b><br>Test class: com.theplatform.cs.comcast.ingest.CsvMetadataMapperTest</td>
<td></td>
<td>0</td>
<td>com.theplatform.cs.comcast.ingest.CsvMetadataMapperTest@31d7b7bf</td></tr>
<tr>
<td title='com.theplatform.cs.comcast.ingest.CsvMetadataMapperTest.testMapSpliceRecordsToIngestMedia_MDU_BreakPointsDupe()'><b>testMapSpliceRecordsToIngestMedia_MDU_BreakPointsDupe</b><br>Test class: com.theplatform.cs.comcast.ingest.CsvMetadataMapperTest</td>
<td></td>
<td>0</td>
<td>com.theplatform.cs.comcast.ingest.CsvMetadataMapperTest@31d7b7bf</td></tr>
<tr>
<td title='com.theplatform.cs.comcast.ingest.CsvMetadataMapperTest.testMapSpliceRecordsToIngestMedia_MDU_NullOutFields()'><b>testMapSpliceRecordsToIngestMedia_MDU_NullOutFields</b><br>Test class: com.theplatform.cs.comcast.ingest.CsvMetadataMapperTest</td>
<td></td>
<td>0</td>
<td>com.theplatform.cs.comcast.ingest.CsvMetadataMapperTest@31d7b7bf</td></tr>
<tr>
<td title='com.theplatform.cs.comcast.ingest.CsvMetadataMapperTest.testMapSpliceRecordsToIngestMedia_WithWarnings()'><b>testMapSpliceRecordsToIngestMedia_WithWarnings</b><br>Test class: com.theplatform.cs.comcast.ingest.CsvMetadataMapperTest</td>
<td></td>
<td>0</td>
<td>com.theplatform.cs.comcast.ingest.CsvMetadataMapperTest@31d7b7bf</td></tr>
<tr>
<td title='com.theplatform.cs.comcast.ingest.field.AdFieldInfoTest.testNamespace()'><b>testNamespace</b><br>Test class: com.theplatform.cs.comcast.ingest.field.AdFieldInfoTest</td>
<td></td>
<td>0</td>
<td>com.theplatform.cs.comcast.ingest.field.AdFieldInfoTest@635eaaf1</td></tr>
<tr>
<td title='com.theplatform.cs.comcast.ingest.field.BaseFieldInfoTest.testNamespace()'><b>testNamespace</b><br>Test class: com.theplatform.cs.comcast.ingest.field.BaseFieldInfoTest</td>
<td></td>
<td>0</td>
<td>com.theplatform.cs.comcast.ingest.field.BaseFieldInfoTest@63355449</td></tr>
<tr>
<td title='com.theplatform.cs.comcast.ingest.field.ReferenceDataFieldInfoTest.testNamespace()'><b>testNamespace</b><br>Test class: com.theplatform.cs.comcast.ingest.field.ReferenceDataFieldInfoTest</td>
<td></td>
<td>0</td>
<td>com.theplatform.cs.comcast.ingest.field.ReferenceDataFieldInfoTest@5c30a9b0</td></tr>
<tr>
<td title='com.theplatform.cs.comcast.ingest.script.ComcastIngestScriptClassTest.testRun()'><b>testRun</b><br>Test class: com.theplatform.cs.comcast.ingest.script.ComcastIngestScriptClassTest</td>
<td></td>
<td>0</td>
<td>com.theplatform.cs.comcast.ingest.script.ComcastIngestScriptClassTest@c267ef4</td></tr>
<tr>
<td title='com.theplatform.cs.comcast.ingest.SpliceRangeTest.testSpliceRangeCreation()'><b>testSpliceRangeCreation</b><br>Test class: com.theplatform.cs.comcast.ingest.SpliceRangeTest</td>
<td></td>
<td>0</td>
<td>com.theplatform.cs.comcast.ingest.SpliceRangeTest@21de60b4</td></tr>
<tr>
<td title='com.theplatform.cs.comcast.ingest.SpliceRangeTest.testSpliceRangeCreation_VeryLargeValue()'><b>testSpliceRangeCreation_VeryLargeValue</b><br>Test class: com.theplatform.cs.comcast.ingest.SpliceRangeTest</td>
<td></td>
<td>0</td>
<td>com.theplatform.cs.comcast.ingest.SpliceRangeTest@21de60b4</td></tr>
<tr>
<td title='com.theplatform.cs.comcast.ingest.SpliceRangeTest.testSpliceRangeCreation_WithGreaterThanMillisecondAccuracy()'><b>testSpliceRangeCreation_WithGreaterThanMillisecondAccuracy</b><br>Test class: com.theplatform.cs.comcast.ingest.SpliceRangeTest</td>
<td></td>
<td>0</td>
<td>com.theplatform.cs.comcast.ingest.SpliceRangeTest@21de60b4</td></tr>
<tr>
<td title='com.theplatform.cs.comcast.ingest.SpliceRangeTest.testSpliceRangeCreation_WithWhiteSpace()'><b>testSpliceRangeCreation_WithWhiteSpace</b><br>Test class: com.theplatform.cs.comcast.ingest.SpliceRangeTest</td>
<td></td>
<td>0</td>
<td>com.theplatform.cs.comcast.ingest.SpliceRangeTest@21de60b4</td></tr>
<tr>
<td title='com.theplatform.cs.comcast.ingest.SpliceRangeTest.testSpliceRangeFormatValidation()'><b>testSpliceRangeFormatValidation</b><br>Test class: com.theplatform.cs.comcast.ingest.SpliceRangeTest</td>
<td></td>
<td>0</td>
<td>com.theplatform.cs.comcast.ingest.SpliceRangeTest@21de60b4</td></tr>
<tr>
<td title='com.theplatform.cs.comcast.ingest.SpliceRangeTest.testSpliceRangeToDuration()'><b>testSpliceRangeToDuration</b><br>Test class: com.theplatform.cs.comcast.ingest.SpliceRangeTest</td>
<td></td>
<td>0</td>
<td>com.theplatform.cs.comcast.ingest.SpliceRangeTest@21de60b4</td></tr>
<tr>
<td title='com.theplatform.cs.comcast.ingest.SpliceRangeTest.testSpliceRange_timesOutOfOrder()'><b>testSpliceRange_timesOutOfOrder</b><br>Test class: com.theplatform.cs.comcast.ingest.SpliceRangeTest</td>
<td><div><pre>java.lang.IllegalStateException: Start time must come before End Time! Start: 10.0, End: 5.0
	at org.codehaus.groovy.runtime.callsite.ConstructorSite$ConstructorSiteNoUnwrapNoCoerce.callConstructor(ConstructorSite.java:102)
	at org.codehaus.groovy.runtime.callsite.CallSiteArray.defaultCallConstructor(CallSiteArray.java:54)
	at org.codehaus.groovy.runtime.callsite.AbstractCallSite.callConstructor(AbstractCallSite.java:182)
	at org.codehaus.groovy.runtime.callsite.AbstractCallSite.callConstructor(AbstractCallSite.java:190)
	at com.theplatform.cs.comcast.ingest.SpliceRange.validate(SpliceRange.groovy:81)
	at com.theplatform.cs.comcast.ingest.SpliceRange.&lt;init&gt;(SpliceRange.groovy:44)
	at org.codehaus.groovy.runtime.callsite.ConstructorSite$ConstructorSiteNoUnwrapNoCoerce.callConstructor(ConstructorSite.java:102)
	at org.codehaus.groovy.runtime.callsite.CallSiteArray.defaultCallConstructor(CallSiteArray.java:54)
	at org.codehaus.groovy.runtime.callsite.AbstractCallSite.callConstructor(AbstractCallSite.java:182)
	at org.codehaus.groovy.runtime.callsite.AbstractCallSite.callConstructor(AbstractCallSite.java:190)
	at com.theplatform.cs.comcast.ingest.SpliceRangeTest.testSpliceRange_timesOutOfOrder(SpliceRangeTest.groovy:160)
... Removed 43 stack frames</pre></div><a href='#' onClick='toggleBox("stack-trace319670866", this, "Click to show all stack frames", "Click to hide stack frames")'>Click to show all stack frames</a>
<div class='stack-trace' id='stack-trace319670866'><pre>java.lang.IllegalStateException: Start time must come before End Time! Start: 10.0, End: 5.0
	at sun.reflect.NativeConstructorAccessorImpl.newInstance0(Native Method)
	at sun.reflect.NativeConstructorAccessorImpl.newInstance(NativeConstructorAccessorImpl.java:62)
	at sun.reflect.DelegatingConstructorAccessorImpl.newInstance(DelegatingConstructorAccessorImpl.java:45)
	at java.lang.reflect.Constructor.newInstance(Constructor.java:422)
	at org.codehaus.groovy.reflection.CachedConstructor.invoke(CachedConstructor.java:77)
	at org.codehaus.groovy.runtime.callsite.ConstructorSite$ConstructorSiteNoUnwrapNoCoerce.callConstructor(ConstructorSite.java:102)
	at org.codehaus.groovy.runtime.callsite.CallSiteArray.defaultCallConstructor(CallSiteArray.java:54)
	at org.codehaus.groovy.runtime.callsite.AbstractCallSite.callConstructor(AbstractCallSite.java:182)
	at org.codehaus.groovy.runtime.callsite.AbstractCallSite.callConstructor(AbstractCallSite.java:190)
	at com.theplatform.cs.comcast.ingest.SpliceRange.validate(SpliceRange.groovy:81)
	at com.theplatform.cs.comcast.ingest.SpliceRange.&lt;init&gt;(SpliceRange.groovy:44)
	at sun.reflect.GeneratedConstructorAccessor8.newInstance(Unknown Source)
	at sun.reflect.DelegatingConstructorAccessorImpl.newInstance(DelegatingConstructorAccessorImpl.java:45)
	at java.lang.reflect.Constructor.newInstance(Constructor.java:422)
	at org.codehaus.groovy.reflection.CachedConstructor.invoke(CachedConstructor.java:77)
	at org.codehaus.groovy.runtime.callsite.ConstructorSite$ConstructorSiteNoUnwrapNoCoerce.callConstructor(ConstructorSite.java:102)
	at org.codehaus.groovy.runtime.callsite.CallSiteArray.defaultCallConstructor(CallSiteArray.java:54)
	at org.codehaus.groovy.runtime.callsite.AbstractCallSite.callConstructor(AbstractCallSite.java:182)
	at org.codehaus.groovy.runtime.callsite.AbstractCallSite.callConstructor(AbstractCallSite.java:190)
	at com.theplatform.cs.comcast.ingest.SpliceRangeTest.testSpliceRange_timesOutOfOrder(SpliceRangeTest.groovy:160)
	at sun.reflect.NativeMethodAccessorImpl.invoke0(Native Method)
	at sun.reflect.NativeMethodAccessorImpl.invoke(NativeMethodAccessorImpl.java:62)
	at sun.reflect.DelegatingMethodAccessorImpl.invoke(DelegatingMethodAccessorImpl.java:43)
	at java.lang.reflect.Method.invoke(Method.java:497)
	at org.testng.internal.MethodInvocationHelper.invokeMethod(MethodInvocationHelper.java:84)
	at org.testng.internal.Invoker.invokeMethod(Invoker.java:714)
	at org.testng.internal.Invoker.invokeTestMethod(Invoker.java:901)
	at org.testng.internal.Invoker.invokeTestMethods(Invoker.java:1231)
	at org.testng.internal.TestMethodWorker.invokeTestMethods(TestMethodWorker.java:127)
	at org.testng.internal.TestMethodWorker.run(TestMethodWorker.java:111)
	at org.testng.TestRunner.privateRun(TestRunner.java:767)
	at org.testng.TestRunner.run(TestRunner.java:617)
	at org.testng.SuiteRunner.runTest(SuiteRunner.java:334)
	at org.testng.SuiteRunner.runSequentially(SuiteRunner.java:329)
	at org.testng.SuiteRunner.privateRun(SuiteRunner.java:291)
	at org.testng.SuiteRunner.run(SuiteRunner.java:240)
	at org.testng.SuiteRunnerWorker.runSuite(SuiteRunnerWorker.java:52)
	at org.testng.SuiteRunnerWorker.run(SuiteRunnerWorker.java:86)
	at org.testng.TestNG.runSuitesSequentially(TestNG.java:1224)
	at org.testng.TestNG.runSuitesLocally(TestNG.java:1149)
	at org.testng.TestNG.run(TestNG.java:1057)
	at org.apache.maven.surefire.testng.TestNGExecutor.run(TestNGExecutor.java:77)
	at org.apache.maven.surefire.testng.TestNGDirectoryTestSuite.executeMulti(TestNGDirectoryTestSuite.java:159)
	at org.apache.maven.surefire.testng.TestNGDirectoryTestSuite.execute(TestNGDirectoryTestSuite.java:99)
	at org.apache.maven.surefire.testng.TestNGProvider.invoke(TestNGProvider.java:106)
	at sun.reflect.NativeMethodAccessorImpl.invoke0(Native Method)
	at sun.reflect.NativeMethodAccessorImpl.invoke(NativeMethodAccessorImpl.java:62)
	at sun.reflect.DelegatingMethodAccessorImpl.invoke(DelegatingMethodAccessorImpl.java:43)
	at java.lang.reflect.Method.invoke(Method.java:497)
	at org.apache.maven.surefire.util.ReflectionUtils.invokeMethodWithArray(ReflectionUtils.java:189)
	at org.apache.maven.surefire.booter.ProviderFactory$ProviderProxy.invoke(ProviderFactory.java:165)
	at org.apache.maven.surefire.booter.ProviderFactory.invokeProvider(ProviderFactory.java:85)
	at org.apache.maven.surefire.booter.ForkedBooter.runSuitesInProcess(ForkedBooter.java:115)
	at org.apache.maven.surefire.booter.ForkedBooter.main(ForkedBooter.java:75)
</pre></div></td>
<td>0</td>
<td>com.theplatform.cs.comcast.ingest.SpliceRangeTest@21de60b4</td></tr>
</table><p>
</body>
</html>