<?xml version="1.0" encoding="UTF-8"?>
<testng-results skipped="0" failed="0" total="53" passed="53">
  <reporter-output>
  </reporter-output>
  <suite name="Command line suite" duration-ms="1955" started-at="2017-03-14T23:26:21Z" finished-at="2017-03-14T23:26:23Z">
    <groups>
    </groups>
    <test name="Command line test" duration-ms="1955" started-at="2017-03-14T23:26:21Z" finished-at="2017-03-14T23:26:23Z">
      <class name="com.theplatform.cs.comcast.ingest.field.AdFieldInfoTest">
        <test-method status="PASS" signature="testFieldInfo()[pri:0, instance:com.theplatform.cs.comcast.ingest.field.AdFieldInfoTest@635eaaf1]" name="testFieldInfo" duration-ms="30" started-at="2017-03-14T16:26:21Z" finished-at="2017-03-14T16:26:21Z">
          <reporter-output>
          </reporter-output>
        </test-method> <!-- testFieldInfo -->
        <test-method status="PASS" signature="testNamespace()[pri:0, instance:com.theplatform.cs.comcast.ingest.field.AdFieldInfoTest@635eaaf1]" name="testNamespace" duration-ms="1" started-at="2017-03-14T16:26:21Z" finished-at="2017-03-14T16:26:21Z">
          <reporter-output>
          </reporter-output>
        </test-method> <!-- testNamespace -->
      </class> <!-- com.theplatform.cs.comcast.ingest.field.AdFieldInfoTest -->
      <class name="com.theplatform.cs.comcast.ingest.CsvMetadataMapperTest">
        <test-method status="PASS" signature="testBuildAssetRecords_NoDefinedMediaHelper()[pri:0, instance:com.theplatform.cs.comcast.ingest.CsvMetadataMapperTest@31d7b7bf]" name="testBuildAssetRecords_NoDefinedMediaHelper" duration-ms="3" started-at="2017-03-14T16:26:22Z" finished-at="2017-03-14T16:26:22Z">
          <exception class="java.lang.IllegalStateException">
            <message>
              <![CDATA[MediaHelper must be defined.]]>
            </message>
            <full-stacktrace>
              <![CDATA[java.lang.IllegalStateException: MediaHelper must be defined.
	at sun.reflect.NativeConstructorAccessorImpl.newInstance0(Native Method)
	at sun.reflect.NativeConstructorAccessorImpl.newInstance(NativeConstructorAccessorImpl.java:62)
	at sun.reflect.DelegatingConstructorAccessorImpl.newInstance(DelegatingConstructorAccessorImpl.java:45)
	at java.lang.reflect.Constructor.newInstance(Constructor.java:422)
	at org.codehaus.groovy.reflection.CachedConstructor.invoke(CachedConstructor.java:77)
	at org.codehaus.groovy.runtime.callsite.ConstructorSite$ConstructorSiteNoUnwrapNoCoerce.callConstructor(ConstructorSite.java:102)
	at org.codehaus.groovy.runtime.callsite.CallSiteArray.defaultCallConstructor(CallSiteArray.java:54)
	at org.codehaus.groovy.runtime.callsite.AbstractCallSite.callConstructor(AbstractCallSite.java:182)
	at org.codehaus.groovy.runtime.callsite.AbstractCallSite.callConstructor(AbstractCallSite.java:190)
	at com.theplatform.cs.comcast.ingest.CsvMetadataMapper.buildRecordAssets(CsvMetadataMapper.groovy:78)
	at com.theplatform.cs.comcast.ingest.CsvMetadataMapper$buildRecordAssets.call(Unknown Source)
	at org.codehaus.groovy.runtime.callsite.CallSiteArray.defaultCall(CallSiteArray.java:42)
	at org.codehaus.groovy.runtime.callsite.AbstractCallSite.call(AbstractCallSite.java:108)
	at org.codehaus.groovy.runtime.callsite.AbstractCallSite.call(AbstractCallSite.java:112)
	at com.theplatform.cs.comcast.ingest.CsvMetadataMapperTest.testBuildAssetRecords_NoDefinedMediaHelper(CsvMetadataMapperTest.groovy:535)
	at sun.reflect.NativeMethodAccessorImpl.invoke0(Native Method)
	at sun.reflect.NativeMethodAccessorImpl.invoke(NativeMethodAccessorImpl.java:62)
	at sun.reflect.DelegatingMethodAccessorImpl.invoke(DelegatingMethodAccessorImpl.java:43)
	at java.lang.reflect.Method.invoke(Method.java:497)
	at org.testng.internal.MethodInvocationHelper.invokeMethod(MethodInvocationHelper.java:84)
	at org.testng.internal.Invoker.invokeMethod(Invoker.java:714)
	at org.testng.internal.Invoker.invokeTestMethod(Invoker.java:901)
	at org.testng.internal.Invoker.invokeTestMethods(Invoker.java:1231)
	at org.testng.internal.TestMethodWorker.invokeTestMethods(TestMethodWorker.java:127)
	at org.testng.internal.TestMethodWorker.run(TestMethodWorker.java:111)
	at org.testng.TestRunner.privateRun(TestRunner.java:767)
	at org.testng.TestRunner.run(TestRunner.java:617)
	at org.testng.SuiteRunner.runTest(SuiteRunner.java:334)
	at org.testng.SuiteRunner.runSequentially(SuiteRunner.java:329)
	at org.testng.SuiteRunner.privateRun(SuiteRunner.java:291)
	at org.testng.SuiteRunner.run(SuiteRunner.java:240)
	at org.testng.SuiteRunnerWorker.runSuite(SuiteRunnerWorker.java:52)
	at org.testng.SuiteRunnerWorker.run(SuiteRunnerWorker.java:86)
	at org.testng.TestNG.runSuitesSequentially(TestNG.java:1224)
	at org.testng.TestNG.runSuitesLocally(TestNG.java:1149)
	at org.testng.TestNG.run(TestNG.java:1057)
	at org.apache.maven.surefire.testng.TestNGExecutor.run(TestNGExecutor.java:77)
	at org.apache.maven.surefire.testng.TestNGDirectoryTestSuite.executeMulti(TestNGDirectoryTestSuite.java:159)
	at org.apache.maven.surefire.testng.TestNGDirectoryTestSuite.execute(TestNGDirectoryTestSuite.java:99)
	at org.apache.maven.surefire.testng.TestNGProvider.invoke(TestNGProvider.java:106)
	at sun.reflect.NativeMethodAccessorImpl.invoke0(Native Method)
	at sun.reflect.NativeMethodAccessorImpl.invoke(NativeMethodAccessorImpl.java:62)
	at sun.reflect.DelegatingMethodAccessorImpl.invoke(DelegatingMethodAccessorImpl.java:43)
	at java.lang.reflect.Method.invoke(Method.java:497)
	at org.apache.maven.surefire.util.ReflectionUtils.invokeMethodWithArray(ReflectionUtils.java:189)
	at org.apache.maven.surefire.booter.ProviderFactory$ProviderProxy.invoke(ProviderFactory.java:165)
	at org.apache.maven.surefire.booter.ProviderFactory.invokeProvider(ProviderFactory.java:85)
	at org.apache.maven.surefire.booter.ForkedBooter.runSuitesInProcess(ForkedBooter.java:115)
	at org.apache.maven.surefire.booter.ForkedBooter.main(ForkedBooter.java:75)
]]>
            </full-stacktrace>
          </exception> <!-- java.lang.IllegalStateException -->
          <reporter-output>
          </reporter-output>
        </test-method> <!-- testBuildAssetRecords_NoDefinedMediaHelper -->
        <test-method status="PASS" signature="testBuildAssetRecords_NoRecords()[pri:0, instance:com.theplatform.cs.comcast.ingest.CsvMetadataMapperTest@31d7b7bf]" name="testBuildAssetRecords_NoRecords" duration-ms="0" started-at="2017-03-14T16:26:22Z" finished-at="2017-03-14T16:26:22Z">
          <reporter-output>
          </reporter-output>
        </test-method> <!-- testBuildAssetRecords_NoRecords -->
        <test-method status="PASS" signature="testBuildAssetRecords_OnlyEmptyRecords()[pri:0, instance:com.theplatform.cs.comcast.ingest.CsvMetadataMapperTest@31d7b7bf]" name="testBuildAssetRecords_OnlyEmptyRecords" duration-ms="1" started-at="2017-03-14T16:26:22Z" finished-at="2017-03-14T16:26:22Z">
          <reporter-output>
          </reporter-output>
        </test-method> <!-- testBuildAssetRecords_OnlyEmptyRecords -->
        <test-method status="PASS" signature="testBuildAssetRecords_WithEmptyRecords()[pri:0, instance:com.theplatform.cs.comcast.ingest.CsvMetadataMapperTest@31d7b7bf]" name="testBuildAssetRecords_WithEmptyRecords" duration-ms="9" started-at="2017-03-14T16:26:22Z" finished-at="2017-03-14T16:26:22Z">
          <reporter-output>
          </reporter-output>
        </test-method> <!-- testBuildAssetRecords_WithEmptyRecords -->
        <test-method status="PASS" signature="testBuildAssetSpliceRecords()[pri:0, instance:com.theplatform.cs.comcast.ingest.CsvMetadataMapperTest@31d7b7bf]" name="testBuildAssetSpliceRecords" duration-ms="7" started-at="2017-03-14T16:26:22Z" finished-at="2017-03-14T16:26:22Z">
          <reporter-output>
          </reporter-output>
        </test-method> <!-- testBuildAssetSpliceRecords -->
        <test-method status="PASS" signature="testBuildFileAsset()[pri:0, instance:com.theplatform.cs.comcast.ingest.CsvMetadataMapperTest@31d7b7bf]" name="testBuildFileAsset" duration-ms="2" started-at="2017-03-14T16:26:22Z" finished-at="2017-03-14T16:26:22Z">
          <reporter-output>
          </reporter-output>
        </test-method> <!-- testBuildFileAsset -->
        <test-method status="PASS" signature="testBuildFileAsset_NoCsvDefined()[pri:0, instance:com.theplatform.cs.comcast.ingest.CsvMetadataMapperTest@31d7b7bf]" name="testBuildFileAsset_NoCsvDefined" duration-ms="0" started-at="2017-03-14T16:26:22Z" finished-at="2017-03-14T16:26:22Z">
          <exception class="java.lang.IllegalStateException">
            <message>
              <![CDATA[CSV Raw Input Text must be defined.]]>
            </message>
            <full-stacktrace>
              <![CDATA[java.lang.IllegalStateException: CSV Raw Input Text must be defined.
	at sun.reflect.NativeConstructorAccessorImpl.newInstance0(Native Method)
	at sun.reflect.NativeConstructorAccessorImpl.newInstance(NativeConstructorAccessorImpl.java:62)
	at sun.reflect.DelegatingConstructorAccessorImpl.newInstance(DelegatingConstructorAccessorImpl.java:45)
	at java.lang.reflect.Constructor.newInstance(Constructor.java:422)
	at org.codehaus.groovy.reflection.CachedConstructor.invoke(CachedConstructor.java:77)
	at org.codehaus.groovy.runtime.callsite.ConstructorSite$ConstructorSiteNoUnwrapNoCoerce.callConstructor(ConstructorSite.java:102)
	at org.codehaus.groovy.runtime.callsite.CallSiteArray.defaultCallConstructor(CallSiteArray.java:54)
	at org.codehaus.groovy.runtime.callsite.AbstractCallSite.callConstructor(AbstractCallSite.java:182)
	at org.codehaus.groovy.runtime.callsite.AbstractCallSite.callConstructor(AbstractCallSite.java:190)
	at com.theplatform.cs.comcast.ingest.CsvMetadataMapper.buildDirectFileAsset(CsvMetadataMapper.groovy:184)
	at com.theplatform.cs.comcast.ingest.CsvMetadataMapper$buildDirectFileAsset.call(Unknown Source)
	at org.codehaus.groovy.runtime.callsite.CallSiteArray.defaultCall(CallSiteArray.java:42)
	at org.codehaus.groovy.runtime.callsite.AbstractCallSite.call(AbstractCallSite.java:108)
	at org.codehaus.groovy.runtime.callsite.AbstractCallSite.call(AbstractCallSite.java:112)
	at com.theplatform.cs.comcast.ingest.CsvMetadataMapperTest.testBuildFileAsset_NoCsvDefined(CsvMetadataMapperTest.groovy:189)
	at sun.reflect.NativeMethodAccessorImpl.invoke0(Native Method)
	at sun.reflect.NativeMethodAccessorImpl.invoke(NativeMethodAccessorImpl.java:62)
	at sun.reflect.DelegatingMethodAccessorImpl.invoke(DelegatingMethodAccessorImpl.java:43)
	at java.lang.reflect.Method.invoke(Method.java:497)
	at org.testng.internal.MethodInvocationHelper.invokeMethod(MethodInvocationHelper.java:84)
	at org.testng.internal.Invoker.invokeMethod(Invoker.java:714)
	at org.testng.internal.Invoker.invokeTestMethod(Invoker.java:901)
	at org.testng.internal.Invoker.invokeTestMethods(Invoker.java:1231)
	at org.testng.internal.TestMethodWorker.invokeTestMethods(TestMethodWorker.java:127)
	at org.testng.internal.TestMethodWorker.run(TestMethodWorker.java:111)
	at org.testng.TestRunner.privateRun(TestRunner.java:767)
	at org.testng.TestRunner.run(TestRunner.java:617)
	at org.testng.SuiteRunner.runTest(SuiteRunner.java:334)
	at org.testng.SuiteRunner.runSequentially(SuiteRunner.java:329)
	at org.testng.SuiteRunner.privateRun(SuiteRunner.java:291)
	at org.testng.SuiteRunner.run(SuiteRunner.java:240)
	at org.testng.SuiteRunnerWorker.runSuite(SuiteRunnerWorker.java:52)
	at org.testng.SuiteRunnerWorker.run(SuiteRunnerWorker.java:86)
	at org.testng.TestNG.runSuitesSequentially(TestNG.java:1224)
	at org.testng.TestNG.runSuitesLocally(TestNG.java:1149)
	at org.testng.TestNG.run(TestNG.java:1057)
	at org.apache.maven.surefire.testng.TestNGExecutor.run(TestNGExecutor.java:77)
	at org.apache.maven.surefire.testng.TestNGDirectoryTestSuite.executeMulti(TestNGDirectoryTestSuite.java:159)
	at org.apache.maven.surefire.testng.TestNGDirectoryTestSuite.execute(TestNGDirectoryTestSuite.java:99)
	at org.apache.maven.surefire.testng.TestNGProvider.invoke(TestNGProvider.java:106)
	at sun.reflect.NativeMethodAccessorImpl.invoke0(Native Method)
	at sun.reflect.NativeMethodAccessorImpl.invoke(NativeMethodAccessorImpl.java:62)
	at sun.reflect.DelegatingMethodAccessorImpl.invoke(DelegatingMethodAccessorImpl.java:43)
	at java.lang.reflect.Method.invoke(Method.java:497)
	at org.apache.maven.surefire.util.ReflectionUtils.invokeMethodWithArray(ReflectionUtils.java:189)
	at org.apache.maven.surefire.booter.ProviderFactory$ProviderProxy.invoke(ProviderFactory.java:165)
	at org.apache.maven.surefire.booter.ProviderFactory.invokeProvider(ProviderFactory.java:85)
	at org.apache.maven.surefire.booter.ForkedBooter.runSuitesInProcess(ForkedBooter.java:115)
	at org.apache.maven.surefire.booter.ForkedBooter.main(ForkedBooter.java:75)
]]>
            </full-stacktrace>
          </exception> <!-- java.lang.IllegalStateException -->
          <reporter-output>
          </reporter-output>
        </test-method> <!-- testBuildFileAsset_NoCsvDefined -->
        <test-method status="PASS" signature="testComposeGuid_NotCox()[pri:0, instance:com.theplatform.cs.comcast.ingest.CsvMetadataMapperTest@31d7b7bf]" name="testComposeGuid_NotCox" duration-ms="1" started-at="2017-03-14T16:26:22Z" finished-at="2017-03-14T16:26:22Z">
          <reporter-output>
          </reporter-output>
        </test-method> <!-- testComposeGuid_NotCox -->
        <test-method status="PASS" signature="testComposeGuid_Cox()[pri:0, instance:com.theplatform.cs.comcast.ingest.CsvMetadataMapperTest@31d7b7bf]" name="testComposeGuid_Cox" duration-ms="0" started-at="2017-03-14T16:26:22Z" finished-at="2017-03-14T16:26:22Z">
          <reporter-output>
          </reporter-output>
        </test-method> <!-- testComposeGuid_Cox -->
        <test-method status="PASS" signature="testMapSpliceRecordsToIngestMedia()[pri:0, instance:com.theplatform.cs.comcast.ingest.CsvMetadataMapperTest@31d7b7bf]" name="testMapSpliceRecordsToIngestMedia" duration-ms="6" started-at="2017-03-14T16:26:22Z" finished-at="2017-03-14T16:26:22Z">
          <reporter-output>
          </reporter-output>
        </test-method> <!-- testMapSpliceRecordsToIngestMedia -->
        <test-method status="PASS" signature="testMapSpliceRecordsToIngestMedia_MDU()[pri:0, instance:com.theplatform.cs.comcast.ingest.CsvMetadataMapperTest@31d7b7bf]" name="testMapSpliceRecordsToIngestMedia_MDU" duration-ms="35" started-at="2017-03-14T16:26:22Z" finished-at="2017-03-14T16:26:22Z">
          <reporter-output>
          </reporter-output>
        </test-method> <!-- testMapSpliceRecordsToIngestMedia_MDU -->
        <test-method status="PASS" signature="testMapSpliceRecordsToIngestMedia_MDU_BreakPointsDupe()[pri:0, instance:com.theplatform.cs.comcast.ingest.CsvMetadataMapperTest@31d7b7bf]" name="testMapSpliceRecordsToIngestMedia_MDU_BreakPointsDupe" duration-ms="28" started-at="2017-03-14T16:26:22Z" finished-at="2017-03-14T16:26:22Z">
          <reporter-output>
          </reporter-output>
        </test-method> <!-- testMapSpliceRecordsToIngestMedia_MDU_BreakPointsDupe -->
        <test-method status="PASS" signature="testMapSpliceRecordsToIngestMedia_MDU_NullOutFields()[pri:0, instance:com.theplatform.cs.comcast.ingest.CsvMetadataMapperTest@31d7b7bf]" name="testMapSpliceRecordsToIngestMedia_MDU_NullOutFields" duration-ms="15" started-at="2017-03-14T16:26:22Z" finished-at="2017-03-14T16:26:22Z">
          <reporter-output>
          </reporter-output>
        </test-method> <!-- testMapSpliceRecordsToIngestMedia_MDU_NullOutFields -->
        <test-method status="PASS" signature="testMapSpliceRecordsToIngestMedia_WithWarnings()[pri:0, instance:com.theplatform.cs.comcast.ingest.CsvMetadataMapperTest@31d7b7bf]" name="testMapSpliceRecordsToIngestMedia_WithWarnings" duration-ms="7" started-at="2017-03-14T16:26:22Z" finished-at="2017-03-14T16:26:22Z">
          <reporter-output>
          </reporter-output>
        </test-method> <!-- testMapSpliceRecordsToIngestMedia_WithWarnings -->
      </class> <!-- com.theplatform.cs.comcast.ingest.CsvMetadataMapperTest -->
      <class name="com.theplatform.cs.comcast.ingest.script.ConfigTest">
        <test-method status="PASS" signature="testGetIngestSources_Dcf()[pri:0, instance:com.theplatform.cs.comcast.ingest.script.ConfigTest@30ee2816]" name="testGetIngestSources_Dcf" duration-ms="2" started-at="2017-03-14T16:26:22Z" finished-at="2017-03-14T16:26:22Z">
          <reporter-output>
          </reporter-output>
        </test-method> <!-- testGetIngestSources_Dcf -->
      </class> <!-- com.theplatform.cs.comcast.ingest.script.ConfigTest -->
      <class name="com.theplatform.cs.comcast.ingest.field.BaseFieldInfoTest">
        <test-method status="PASS" signature="testFieldInfo()[pri:0, instance:com.theplatform.cs.comcast.ingest.field.BaseFieldInfoTest@63355449]" name="testFieldInfo" duration-ms="7" started-at="2017-03-14T16:26:21Z" finished-at="2017-03-14T16:26:21Z">
          <reporter-output>
          </reporter-output>
        </test-method> <!-- testFieldInfo -->
        <test-method status="PASS" signature="testNamespace()[pri:0, instance:com.theplatform.cs.comcast.ingest.field.BaseFieldInfoTest@63355449]" name="testNamespace" duration-ms="0" started-at="2017-03-14T16:26:21Z" finished-at="2017-03-14T16:26:21Z">
          <reporter-output>
          </reporter-output>
        </test-method> <!-- testNamespace -->
      </class> <!-- com.theplatform.cs.comcast.ingest.field.BaseFieldInfoTest -->
      <class name="com.theplatform.cs.comcast.ingest.field.ReferenceDataFieldInfoTest">
        <test-method status="PASS" signature="testFieldInfo()[pri:0, instance:com.theplatform.cs.comcast.ingest.field.ReferenceDataFieldInfoTest@5c30a9b0]" name="testFieldInfo" duration-ms="2" started-at="2017-03-14T16:26:23Z" finished-at="2017-03-14T16:26:23Z">
          <reporter-output>
          </reporter-output>
        </test-method> <!-- testFieldInfo -->
        <test-method status="PASS" signature="testNamespace()[pri:0, instance:com.theplatform.cs.comcast.ingest.field.ReferenceDataFieldInfoTest@5c30a9b0]" name="testNamespace" duration-ms="0" started-at="2017-03-14T16:26:23Z" finished-at="2017-03-14T16:26:23Z">
          <reporter-output>
          </reporter-output>
        </test-method> <!-- testNamespace -->
      </class> <!-- com.theplatform.cs.comcast.ingest.field.ReferenceDataFieldInfoTest -->
      <class name="com.theplatform.cs.comcast.ingest.script.ComcastIngestScriptClassTest">
        <test-method status="PASS" signature="testRun()[pri:0, instance:com.theplatform.cs.comcast.ingest.script.ComcastIngestScriptClassTest@c267ef4]" name="testRun" duration-ms="478" started-at="2017-03-14T16:26:21Z" finished-at="2017-03-14T16:26:22Z">
          <reporter-output>
          </reporter-output>
        </test-method> <!-- testRun -->
      </class> <!-- com.theplatform.cs.comcast.ingest.script.ComcastIngestScriptClassTest -->
      <class name="com.theplatform.cs.comcast.ingest.SpliceRangeTest">
        <test-method status="PASS" signature="testSpliceRangeCreation()[pri:0, instance:com.theplatform.cs.comcast.ingest.SpliceRangeTest@21de60b4]" name="testSpliceRangeCreation" duration-ms="1" started-at="2017-03-14T16:26:23Z" finished-at="2017-03-14T16:26:23Z">
          <reporter-output>
          </reporter-output>
        </test-method> <!-- testSpliceRangeCreation -->
        <test-method status="PASS" signature="testSpliceRangeCreation_WithGreaterThanMillisecondAccuracy()[pri:0, instance:com.theplatform.cs.comcast.ingest.SpliceRangeTest@21de60b4]" name="testSpliceRangeCreation_WithGreaterThanMillisecondAccuracy" duration-ms="1" started-at="2017-03-14T16:26:23Z" finished-at="2017-03-14T16:26:23Z">
          <reporter-output>
          </reporter-output>
        </test-method> <!-- testSpliceRangeCreation_WithGreaterThanMillisecondAccuracy -->
        <test-method status="PASS" signature="testSpliceRangeCreation_VeryLargeValue()[pri:0, instance:com.theplatform.cs.comcast.ingest.SpliceRangeTest@21de60b4]" name="testSpliceRangeCreation_VeryLargeValue" duration-ms="0" started-at="2017-03-14T16:26:23Z" finished-at="2017-03-14T16:26:23Z">
          <reporter-output>
          </reporter-output>
        </test-method> <!-- testSpliceRangeCreation_VeryLargeValue -->
        <test-method status="PASS" signature="testSpliceRangeCreation_WithWhiteSpace()[pri:0, instance:com.theplatform.cs.comcast.ingest.SpliceRangeTest@21de60b4]" name="testSpliceRangeCreation_WithWhiteSpace" duration-ms="1" started-at="2017-03-14T16:26:23Z" finished-at="2017-03-14T16:26:23Z">
          <reporter-output>
          </reporter-output>
        </test-method> <!-- testSpliceRangeCreation_WithWhiteSpace -->
        <test-method status="PASS" signature="testSpliceRangeFormatValidation()[pri:0, instance:com.theplatform.cs.comcast.ingest.SpliceRangeTest@21de60b4]" name="testSpliceRangeFormatValidation" duration-ms="1" started-at="2017-03-14T16:26:23Z" finished-at="2017-03-14T16:26:23Z">
          <reporter-output>
          </reporter-output>
        </test-method> <!-- testSpliceRangeFormatValidation -->
        <test-method status="PASS" signature="testSpliceRangeToDuration()[pri:0, instance:com.theplatform.cs.comcast.ingest.SpliceRangeTest@21de60b4]" name="testSpliceRangeToDuration" duration-ms="0" started-at="2017-03-14T16:26:23Z" finished-at="2017-03-14T16:26:23Z">
          <reporter-output>
          </reporter-output>
        </test-method> <!-- testSpliceRangeToDuration -->
        <test-method status="PASS" signature="testSpliceRange_timesOutOfOrder()[pri:0, instance:com.theplatform.cs.comcast.ingest.SpliceRangeTest@21de60b4]" name="testSpliceRange_timesOutOfOrder" duration-ms="1" started-at="2017-03-14T16:26:23Z" finished-at="2017-03-14T16:26:23Z">
          <exception class="java.lang.IllegalStateException">
            <message>
              <![CDATA[Start time must come before End Time! Start: 10.0, End: 5.0]]>
            </message>
            <full-stacktrace>
              <![CDATA[java.lang.IllegalStateException: Start time must come before End Time! Start: 10.0, End: 5.0
	at sun.reflect.NativeConstructorAccessorImpl.newInstance0(Native Method)
	at sun.reflect.NativeConstructorAccessorImpl.newInstance(NativeConstructorAccessorImpl.java:62)
	at sun.reflect.DelegatingConstructorAccessorImpl.newInstance(DelegatingConstructorAccessorImpl.java:45)
	at java.lang.reflect.Constructor.newInstance(Constructor.java:422)
	at org.codehaus.groovy.reflection.CachedConstructor.invoke(CachedConstructor.java:77)
	at org.codehaus.groovy.runtime.callsite.ConstructorSite$ConstructorSiteNoUnwrapNoCoerce.callConstructor(ConstructorSite.java:102)
	at org.codehaus.groovy.runtime.callsite.CallSiteArray.defaultCallConstructor(CallSiteArray.java:54)
	at org.codehaus.groovy.runtime.callsite.AbstractCallSite.callConstructor(AbstractCallSite.java:182)
	at org.codehaus.groovy.runtime.callsite.AbstractCallSite.callConstructor(AbstractCallSite.java:190)
	at com.theplatform.cs.comcast.ingest.SpliceRange.validate(SpliceRange.groovy:81)
	at com.theplatform.cs.comcast.ingest.SpliceRange.<init>(SpliceRange.groovy:44)
	at sun.reflect.GeneratedConstructorAccessor8.newInstance(Unknown Source)
	at sun.reflect.DelegatingConstructorAccessorImpl.newInstance(DelegatingConstructorAccessorImpl.java:45)
	at java.lang.reflect.Constructor.newInstance(Constructor.java:422)
	at org.codehaus.groovy.reflection.CachedConstructor.invoke(CachedConstructor.java:77)
	at org.codehaus.groovy.runtime.callsite.ConstructorSite$ConstructorSiteNoUnwrapNoCoerce.callConstructor(ConstructorSite.java:102)
	at org.codehaus.groovy.runtime.callsite.CallSiteArray.defaultCallConstructor(CallSiteArray.java:54)
	at org.codehaus.groovy.runtime.callsite.AbstractCallSite.callConstructor(AbstractCallSite.java:182)
	at org.codehaus.groovy.runtime.callsite.AbstractCallSite.callConstructor(AbstractCallSite.java:190)
	at com.theplatform.cs.comcast.ingest.SpliceRangeTest.testSpliceRange_timesOutOfOrder(SpliceRangeTest.groovy:160)
	at sun.reflect.NativeMethodAccessorImpl.invoke0(Native Method)
	at sun.reflect.NativeMethodAccessorImpl.invoke(NativeMethodAccessorImpl.java:62)
	at sun.reflect.DelegatingMethodAccessorImpl.invoke(DelegatingMethodAccessorImpl.java:43)
	at java.lang.reflect.Method.invoke(Method.java:497)
	at org.testng.internal.MethodInvocationHelper.invokeMethod(MethodInvocationHelper.java:84)
	at org.testng.internal.Invoker.invokeMethod(Invoker.java:714)
	at org.testng.internal.Invoker.invokeTestMethod(Invoker.java:901)
	at org.testng.internal.Invoker.invokeTestMethods(Invoker.java:1231)
	at org.testng.internal.TestMethodWorker.invokeTestMethods(TestMethodWorker.java:127)
	at org.testng.internal.TestMethodWorker.run(TestMethodWorker.java:111)
	at org.testng.TestRunner.privateRun(TestRunner.java:767)
	at org.testng.TestRunner.run(TestRunner.java:617)
	at org.testng.SuiteRunner.runTest(SuiteRunner.java:334)
	at org.testng.SuiteRunner.runSequentially(SuiteRunner.java:329)
	at org.testng.SuiteRunner.privateRun(SuiteRunner.java:291)
	at org.testng.SuiteRunner.run(SuiteRunner.java:240)
	at org.testng.SuiteRunnerWorker.runSuite(SuiteRunnerWorker.java:52)
	at org.testng.SuiteRunnerWorker.run(SuiteRunnerWorker.java:86)
	at org.testng.TestNG.runSuitesSequentially(TestNG.java:1224)
	at org.testng.TestNG.runSuitesLocally(TestNG.java:1149)
	at org.testng.TestNG.run(TestNG.java:1057)
	at org.apache.maven.surefire.testng.TestNGExecutor.run(TestNGExecutor.java:77)
	at org.apache.maven.surefire.testng.TestNGDirectoryTestSuite.executeMulti(TestNGDirectoryTestSuite.java:159)
	at org.apache.maven.surefire.testng.TestNGDirectoryTestSuite.execute(TestNGDirectoryTestSuite.java:99)
	at org.apache.maven.surefire.testng.TestNGProvider.invoke(TestNGProvider.java:106)
	at sun.reflect.NativeMethodAccessorImpl.invoke0(Native Method)
	at sun.reflect.NativeMethodAccessorImpl.invoke(NativeMethodAccessorImpl.java:62)
	at sun.reflect.DelegatingMethodAccessorImpl.invoke(DelegatingMethodAccessorImpl.java:43)
	at java.lang.reflect.Method.invoke(Method.java:497)
	at org.apache.maven.surefire.util.ReflectionUtils.invokeMethodWithArray(ReflectionUtils.java:189)
	at org.apache.maven.surefire.booter.ProviderFactory$ProviderProxy.invoke(ProviderFactory.java:165)
	at org.apache.maven.surefire.booter.ProviderFactory.invokeProvider(ProviderFactory.java:85)
	at org.apache.maven.surefire.booter.ForkedBooter.runSuitesInProcess(ForkedBooter.java:115)
	at org.apache.maven.surefire.booter.ForkedBooter.main(ForkedBooter.java:75)
]]>
            </full-stacktrace>
          </exception> <!-- java.lang.IllegalStateException -->
          <reporter-output>
          </reporter-output>
        </test-method> <!-- testSpliceRange_timesOutOfOrder -->
      </class> <!-- com.theplatform.cs.comcast.ingest.SpliceRangeTest -->
      <class name="com.theplatform.cs.comcast.ingest.AssetSpliceRecordTest">
        <test-method status="PASS" signature="testAssetSpliceRecordCreation()[pri:0, instance:com.theplatform.cs.comcast.ingest.AssetSpliceRecordTest@1700915]" name="testAssetSpliceRecordCreation" duration-ms="197" started-at="2017-03-14T16:26:21Z" finished-at="2017-03-14T16:26:21Z">
          <reporter-output>
          </reporter-output>
        </test-method> <!-- testAssetSpliceRecordCreation -->
        <test-method status="PASS" signature="testAssetSpliceRecordCreationManualPopulation()[pri:0, instance:com.theplatform.cs.comcast.ingest.AssetSpliceRecordTest@1700915]" name="testAssetSpliceRecordCreationManualPopulation" duration-ms="18" started-at="2017-03-14T16:26:21Z" finished-at="2017-03-14T16:26:21Z">
          <reporter-output>
          </reporter-output>
        </test-method> <!-- testAssetSpliceRecordCreationManualPopulation -->
        <test-method status="PASS" signature="testAssetSpliceRecordCreation_EmptyDataRecord()[pri:0, instance:com.theplatform.cs.comcast.ingest.AssetSpliceRecordTest@1700915]" name="testAssetSpliceRecordCreation_EmptyDataRecord" duration-ms="7" started-at="2017-03-14T16:26:21Z" finished-at="2017-03-14T16:26:21Z">
          <exception class="com.theplatform.cs.comcast.ingest.exception.EmptyRecordException">
            <message>
              <![CDATA[Empty csv data record.]]>
            </message>
            <full-stacktrace>
              <![CDATA[com.theplatform.cs.comcast.ingest.exception.EmptyRecordException: Empty csv data record.
	at sun.reflect.NativeConstructorAccessorImpl.newInstance0(Native Method)
	at sun.reflect.NativeConstructorAccessorImpl.newInstance(NativeConstructorAccessorImpl.java:62)
	at sun.reflect.DelegatingConstructorAccessorImpl.newInstance(DelegatingConstructorAccessorImpl.java:45)
	at java.lang.reflect.Constructor.newInstance(Constructor.java:422)
	at org.codehaus.groovy.reflection.CachedConstructor.invoke(CachedConstructor.java:77)
	at org.codehaus.groovy.runtime.callsite.ConstructorSite$ConstructorSiteNoUnwrapNoCoerce.callConstructor(ConstructorSite.java:102)
	at org.codehaus.groovy.runtime.callsite.CallSiteArray.defaultCallConstructor(CallSiteArray.java:54)
	at org.codehaus.groovy.runtime.callsite.AbstractCallSite.callConstructor(AbstractCallSite.java:182)
	at org.codehaus.groovy.runtime.callsite.AbstractCallSite.callConstructor(AbstractCallSite.java:190)
	at com.theplatform.cs.comcast.ingest.AssetSpliceRecord.fromCSV(AssetSpliceRecord.groovy:129)
	at com.theplatform.cs.comcast.ingest.AssetSpliceRecord.<init>(AssetSpliceRecord.groovy:89)
	at com.theplatform.cs.comcast.ingest.AssetSpliceRecord.<init>(AssetSpliceRecord.groovy:83)
	at sun.reflect.NativeConstructorAccessorImpl.newInstance0(Native Method)
	at sun.reflect.NativeConstructorAccessorImpl.newInstance(NativeConstructorAccessorImpl.java:62)
	at sun.reflect.DelegatingConstructorAccessorImpl.newInstance(DelegatingConstructorAccessorImpl.java:45)
	at java.lang.reflect.Constructor.newInstance(Constructor.java:422)
	at org.codehaus.groovy.reflection.CachedConstructor.invoke(CachedConstructor.java:77)
	at org.codehaus.groovy.runtime.callsite.ConstructorSite$ConstructorSiteNoUnwrapNoCoerce.callConstructor(ConstructorSite.java:102)
	at org.codehaus.groovy.runtime.callsite.CallSiteArray.defaultCallConstructor(CallSiteArray.java:54)
	at org.codehaus.groovy.runtime.callsite.AbstractCallSite.callConstructor(AbstractCallSite.java:182)
	at org.codehaus.groovy.runtime.callsite.AbstractCallSite.callConstructor(AbstractCallSite.java:194)
	at com.theplatform.cs.comcast.ingest.AssetSpliceRecordTest.testAssetSpliceRecordCreation_EmptyDataRecord(AssetSpliceRecordTest.groovy:414)
	at sun.reflect.NativeMethodAccessorImpl.invoke0(Native Method)
	at sun.reflect.NativeMethodAccessorImpl.invoke(NativeMethodAccessorImpl.java:62)
	at sun.reflect.DelegatingMethodAccessorImpl.invoke(DelegatingMethodAccessorImpl.java:43)
	at java.lang.reflect.Method.invoke(Method.java:497)
	at org.testng.internal.MethodInvocationHelper.invokeMethod(MethodInvocationHelper.java:84)
	at org.testng.internal.Invoker.invokeMethod(Invoker.java:714)
	at org.testng.internal.Invoker.invokeTestMethod(Invoker.java:901)
	at org.testng.internal.Invoker.invokeTestMethods(Invoker.java:1231)
	at org.testng.internal.TestMethodWorker.invokeTestMethods(TestMethodWorker.java:127)
	at org.testng.internal.TestMethodWorker.run(TestMethodWorker.java:111)
	at org.testng.TestRunner.privateRun(TestRunner.java:767)
	at org.testng.TestRunner.run(TestRunner.java:617)
	at org.testng.SuiteRunner.runTest(SuiteRunner.java:334)
	at org.testng.SuiteRunner.runSequentially(SuiteRunner.java:329)
	at org.testng.SuiteRunner.privateRun(SuiteRunner.java:291)
	at org.testng.SuiteRunner.run(SuiteRunner.java:240)
	at org.testng.SuiteRunnerWorker.runSuite(SuiteRunnerWorker.java:52)
	at org.testng.SuiteRunnerWorker.run(SuiteRunnerWorker.java:86)
	at org.testng.TestNG.runSuitesSequentially(TestNG.java:1224)
	at org.testng.TestNG.runSuitesLocally(TestNG.java:1149)
	at org.testng.TestNG.run(TestNG.java:1057)
	at org.apache.maven.surefire.testng.TestNGExecutor.run(TestNGExecutor.java:77)
	at org.apache.maven.surefire.testng.TestNGDirectoryTestSuite.executeMulti(TestNGDirectoryTestSuite.java:159)
	at org.apache.maven.surefire.testng.TestNGDirectoryTestSuite.execute(TestNGDirectoryTestSuite.java:99)
	at org.apache.maven.surefire.testng.TestNGProvider.invoke(TestNGProvider.java:106)
	at sun.reflect.NativeMethodAccessorImpl.invoke0(Native Method)
	at sun.reflect.NativeMethodAccessorImpl.invoke(NativeMethodAccessorImpl.java:62)
	at sun.reflect.DelegatingMethodAccessorImpl.invoke(DelegatingMethodAccessorImpl.java:43)
	at java.lang.reflect.Method.invoke(Method.java:497)
	at org.apache.maven.surefire.util.ReflectionUtils.invokeMethodWithArray(ReflectionUtils.java:189)
	at org.apache.maven.surefire.booter.ProviderFactory$ProviderProxy.invoke(ProviderFactory.java:165)
	at org.apache.maven.surefire.booter.ProviderFactory.invokeProvider(ProviderFactory.java:85)
	at org.apache.maven.surefire.booter.ForkedBooter.runSuitesInProcess(ForkedBooter.java:115)
	at org.apache.maven.surefire.booter.ForkedBooter.main(ForkedBooter.java:75)
]]>
            </full-stacktrace>
          </exception> <!-- com.theplatform.cs.comcast.ingest.exception.EmptyRecordException -->
          <reporter-output>
          </reporter-output>
        </test-method> <!-- testAssetSpliceRecordCreation_EmptyDataRecord -->
        <test-method status="PASS" signature="testAssetSpliceRecordCreation_LocalMidRollEndIsNull()[pri:0, instance:com.theplatform.cs.comcast.ingest.AssetSpliceRecordTest@1700915]" name="testAssetSpliceRecordCreation_LocalMidRollEndIsNull" duration-ms="18" started-at="2017-03-14T16:26:21Z" finished-at="2017-03-14T16:26:21Z">
          <reporter-output>
          </reporter-output>
        </test-method> <!-- testAssetSpliceRecordCreation_LocalMidRollEndIsNull -->
        <test-method status="PASS" signature="testAssetSpliceRecordCreation_MissingRecords()[pri:0, instance:com.theplatform.cs.comcast.ingest.AssetSpliceRecordTest@1700915]" name="testAssetSpliceRecordCreation_MissingRecords" duration-ms="5" started-at="2017-03-14T16:26:21Z" finished-at="2017-03-14T16:26:21Z">
          <exception class="java.util.InputMismatchException">
            <message>
              <![CDATA[Number of Data Record fields != Header Record fields! 7 vs 13]]>
            </message>
            <full-stacktrace>
              <![CDATA[java.util.InputMismatchException: Number of Data Record fields != Header Record fields! 7 vs 13
	at sun.reflect.NativeConstructorAccessorImpl.newInstance0(Native Method)
	at sun.reflect.NativeConstructorAccessorImpl.newInstance(NativeConstructorAccessorImpl.java:62)
	at sun.reflect.DelegatingConstructorAccessorImpl.newInstance(DelegatingConstructorAccessorImpl.java:45)
	at java.lang.reflect.Constructor.newInstance(Constructor.java:422)
	at org.codehaus.groovy.reflection.CachedConstructor.invoke(CachedConstructor.java:77)
	at org.codehaus.groovy.runtime.callsite.ConstructorSite$ConstructorSiteNoUnwrapNoCoerce.callConstructor(ConstructorSite.java:102)
	at org.codehaus.groovy.runtime.callsite.CallSiteArray.defaultCallConstructor(CallSiteArray.java:54)
	at org.codehaus.groovy.runtime.callsite.AbstractCallSite.callConstructor(AbstractCallSite.java:182)
	at org.codehaus.groovy.runtime.callsite.AbstractCallSite.callConstructor(AbstractCallSite.java:190)
	at com.theplatform.cs.comcast.ingest.AssetSpliceRecord.fromCSV(AssetSpliceRecord.groovy:144)
	at com.theplatform.cs.comcast.ingest.AssetSpliceRecord.<init>(AssetSpliceRecord.groovy:89)
	at com.theplatform.cs.comcast.ingest.AssetSpliceRecord.<init>(AssetSpliceRecord.groovy:83)
	at sun.reflect.NativeConstructorAccessorImpl.newInstance0(Native Method)
	at sun.reflect.NativeConstructorAccessorImpl.newInstance(NativeConstructorAccessorImpl.java:62)
	at sun.reflect.DelegatingConstructorAccessorImpl.newInstance(DelegatingConstructorAccessorImpl.java:45)
	at java.lang.reflect.Constructor.newInstance(Constructor.java:422)
	at org.codehaus.groovy.reflection.CachedConstructor.invoke(CachedConstructor.java:77)
	at org.codehaus.groovy.runtime.callsite.ConstructorSite$ConstructorSiteNoUnwrapNoCoerce.callConstructor(ConstructorSite.java:102)
	at org.codehaus.groovy.runtime.callsite.CallSiteArray.defaultCallConstructor(CallSiteArray.java:54)
	at org.codehaus.groovy.runtime.callsite.AbstractCallSite.callConstructor(AbstractCallSite.java:182)
	at org.codehaus.groovy.runtime.callsite.AbstractCallSite.callConstructor(AbstractCallSite.java:194)
	at com.theplatform.cs.comcast.ingest.AssetSpliceRecordTest.testAssetSpliceRecordCreation_MissingRecords(AssetSpliceRecordTest.groovy:541)
	at sun.reflect.NativeMethodAccessorImpl.invoke0(Native Method)
	at sun.reflect.NativeMethodAccessorImpl.invoke(NativeMethodAccessorImpl.java:62)
	at sun.reflect.DelegatingMethodAccessorImpl.invoke(DelegatingMethodAccessorImpl.java:43)
	at java.lang.reflect.Method.invoke(Method.java:497)
	at org.testng.internal.MethodInvocationHelper.invokeMethod(MethodInvocationHelper.java:84)
	at org.testng.internal.Invoker.invokeMethod(Invoker.java:714)
	at org.testng.internal.Invoker.invokeTestMethod(Invoker.java:901)
	at org.testng.internal.Invoker.invokeTestMethods(Invoker.java:1231)
	at org.testng.internal.TestMethodWorker.invokeTestMethods(TestMethodWorker.java:127)
	at org.testng.internal.TestMethodWorker.run(TestMethodWorker.java:111)
	at org.testng.TestRunner.privateRun(TestRunner.java:767)
	at org.testng.TestRunner.run(TestRunner.java:617)
	at org.testng.SuiteRunner.runTest(SuiteRunner.java:334)
	at org.testng.SuiteRunner.runSequentially(SuiteRunner.java:329)
	at org.testng.SuiteRunner.privateRun(SuiteRunner.java:291)
	at org.testng.SuiteRunner.run(SuiteRunner.java:240)
	at org.testng.SuiteRunnerWorker.runSuite(SuiteRunnerWorker.java:52)
	at org.testng.SuiteRunnerWorker.run(SuiteRunnerWorker.java:86)
	at org.testng.TestNG.runSuitesSequentially(TestNG.java:1224)
	at org.testng.TestNG.runSuitesLocally(TestNG.java:1149)
	at org.testng.TestNG.run(TestNG.java:1057)
	at org.apache.maven.surefire.testng.TestNGExecutor.run(TestNGExecutor.java:77)
	at org.apache.maven.surefire.testng.TestNGDirectoryTestSuite.executeMulti(TestNGDirectoryTestSuite.java:159)
	at org.apache.maven.surefire.testng.TestNGDirectoryTestSuite.execute(TestNGDirectoryTestSuite.java:99)
	at org.apache.maven.surefire.testng.TestNGProvider.invoke(TestNGProvider.java:106)
	at sun.reflect.NativeMethodAccessorImpl.invoke0(Native Method)
	at sun.reflect.NativeMethodAccessorImpl.invoke(NativeMethodAccessorImpl.java:62)
	at sun.reflect.DelegatingMethodAccessorImpl.invoke(DelegatingMethodAccessorImpl.java:43)
	at java.lang.reflect.Method.invoke(Method.java:497)
	at org.apache.maven.surefire.util.ReflectionUtils.invokeMethodWithArray(ReflectionUtils.java:189)
	at org.apache.maven.surefire.booter.ProviderFactory$ProviderProxy.invoke(ProviderFactory.java:165)
	at org.apache.maven.surefire.booter.ProviderFactory.invokeProvider(ProviderFactory.java:85)
	at org.apache.maven.surefire.booter.ForkedBooter.runSuitesInProcess(ForkedBooter.java:115)
	at org.apache.maven.surefire.booter.ForkedBooter.main(ForkedBooter.java:75)
]]>
            </full-stacktrace>
          </exception> <!-- java.util.InputMismatchException -->
          <reporter-output>
          </reporter-output>
        </test-method> <!-- testAssetSpliceRecordCreation_MissingRecords -->
        <test-method status="PASS" signature="testAssetSpliceRecordCreation_NoHeader()[pri:0, instance:com.theplatform.cs.comcast.ingest.AssetSpliceRecordTest@1700915]" name="testAssetSpliceRecordCreation_NoHeader" duration-ms="8" started-at="2017-03-14T16:26:21Z" finished-at="2017-03-14T16:26:21Z">
          <exception class="java.lang.IllegalStateException">
            <message>
              <![CDATA[Required Field is null: "providerId"]]>
            </message>
            <full-stacktrace>
              <![CDATA[java.lang.IllegalStateException: Required Field is null: "providerId"
	at sun.reflect.NativeConstructorAccessorImpl.newInstance0(Native Method)
	at sun.reflect.NativeConstructorAccessorImpl.newInstance(NativeConstructorAccessorImpl.java:62)
	at sun.reflect.DelegatingConstructorAccessorImpl.newInstance(DelegatingConstructorAccessorImpl.java:45)
	at java.lang.reflect.Constructor.newInstance(Constructor.java:422)
	at org.codehaus.groovy.reflection.CachedConstructor.invoke(CachedConstructor.java:77)
	at org.codehaus.groovy.reflection.CachedConstructor.doConstructorInvoke(CachedConstructor.java:71)
	at org.codehaus.groovy.runtime.callsite.ConstructorSite$ConstructorSiteNoUnwrap.callConstructor(ConstructorSite.java:81)
	at org.codehaus.groovy.runtime.callsite.CallSiteArray.defaultCallConstructor(CallSiteArray.java:54)
	at org.codehaus.groovy.runtime.callsite.AbstractCallSite.callConstructor(AbstractCallSite.java:182)
	at org.codehaus.groovy.runtime.callsite.AbstractCallSite.callConstructor(AbstractCallSite.java:190)
	at com.theplatform.cs.comcast.ingest.AssetSpliceRecord.validateRequiredItems(AssetSpliceRecord.groovy:456)
	at com.theplatform.cs.comcast.ingest.AssetSpliceRecord.<init>(AssetSpliceRecord.groovy:111)
	at com.theplatform.cs.comcast.ingest.AssetSpliceRecord.<init>(AssetSpliceRecord.groovy:83)
	at sun.reflect.NativeConstructorAccessorImpl.newInstance0(Native Method)
	at sun.reflect.NativeConstructorAccessorImpl.newInstance(NativeConstructorAccessorImpl.java:62)
	at sun.reflect.DelegatingConstructorAccessorImpl.newInstance(DelegatingConstructorAccessorImpl.java:45)
	at java.lang.reflect.Constructor.newInstance(Constructor.java:422)
	at org.codehaus.groovy.reflection.CachedConstructor.invoke(CachedConstructor.java:77)
	at org.codehaus.groovy.runtime.callsite.ConstructorSite$ConstructorSiteNoUnwrapNoCoerce.callConstructor(ConstructorSite.java:102)
	at org.codehaus.groovy.runtime.callsite.CallSiteArray.defaultCallConstructor(CallSiteArray.java:54)
	at org.codehaus.groovy.runtime.callsite.AbstractCallSite.callConstructor(AbstractCallSite.java:182)
	at org.codehaus.groovy.runtime.callsite.AbstractCallSite.callConstructor(AbstractCallSite.java:194)
	at com.theplatform.cs.comcast.ingest.AssetSpliceRecordTest.testAssetSpliceRecordCreation_NoHeader(AssetSpliceRecordTest.groovy:427)
	at sun.reflect.NativeMethodAccessorImpl.invoke0(Native Method)
	at sun.reflect.NativeMethodAccessorImpl.invoke(NativeMethodAccessorImpl.java:62)
	at sun.reflect.DelegatingMethodAccessorImpl.invoke(DelegatingMethodAccessorImpl.java:43)
	at java.lang.reflect.Method.invoke(Method.java:497)
	at org.testng.internal.MethodInvocationHelper.invokeMethod(MethodInvocationHelper.java:84)
	at org.testng.internal.Invoker.invokeMethod(Invoker.java:714)
	at org.testng.internal.Invoker.invokeTestMethod(Invoker.java:901)
	at org.testng.internal.Invoker.invokeTestMethods(Invoker.java:1231)
	at org.testng.internal.TestMethodWorker.invokeTestMethods(TestMethodWorker.java:127)
	at org.testng.internal.TestMethodWorker.run(TestMethodWorker.java:111)
	at org.testng.TestRunner.privateRun(TestRunner.java:767)
	at org.testng.TestRunner.run(TestRunner.java:617)
	at org.testng.SuiteRunner.runTest(SuiteRunner.java:334)
	at org.testng.SuiteRunner.runSequentially(SuiteRunner.java:329)
	at org.testng.SuiteRunner.privateRun(SuiteRunner.java:291)
	at org.testng.SuiteRunner.run(SuiteRunner.java:240)
	at org.testng.SuiteRunnerWorker.runSuite(SuiteRunnerWorker.java:52)
	at org.testng.SuiteRunnerWorker.run(SuiteRunnerWorker.java:86)
	at org.testng.TestNG.runSuitesSequentially(TestNG.java:1224)
	at org.testng.TestNG.runSuitesLocally(TestNG.java:1149)
	at org.testng.TestNG.run(TestNG.java:1057)
	at org.apache.maven.surefire.testng.TestNGExecutor.run(TestNGExecutor.java:77)
	at org.apache.maven.surefire.testng.TestNGDirectoryTestSuite.executeMulti(TestNGDirectoryTestSuite.java:159)
	at org.apache.maven.surefire.testng.TestNGDirectoryTestSuite.execute(TestNGDirectoryTestSuite.java:99)
	at org.apache.maven.surefire.testng.TestNGProvider.invoke(TestNGProvider.java:106)
	at sun.reflect.NativeMethodAccessorImpl.invoke0(Native Method)
	at sun.reflect.NativeMethodAccessorImpl.invoke(NativeMethodAccessorImpl.java:62)
	at sun.reflect.DelegatingMethodAccessorImpl.invoke(DelegatingMethodAccessorImpl.java:43)
	at java.lang.reflect.Method.invoke(Method.java:497)
	at org.apache.maven.surefire.util.ReflectionUtils.invokeMethodWithArray(ReflectionUtils.java:189)
	at org.apache.maven.surefire.booter.ProviderFactory$ProviderProxy.invoke(ProviderFactory.java:165)
	at org.apache.maven.surefire.booter.ProviderFactory.invokeProvider(ProviderFactory.java:85)
	at org.apache.maven.surefire.booter.ForkedBooter.runSuitesInProcess(ForkedBooter.java:115)
	at org.apache.maven.surefire.booter.ForkedBooter.main(ForkedBooter.java:75)
]]>
            </full-stacktrace>
          </exception> <!-- java.lang.IllegalStateException -->
          <reporter-output>
          </reporter-output>
        </test-method> <!-- testAssetSpliceRecordCreation_NoHeader -->
        <test-method status="PASS" signature="testAssetSpliceRecordCreation_SpliceRangesNullCompoundString()[pri:0, instance:com.theplatform.cs.comcast.ingest.AssetSpliceRecordTest@1700915]" name="testAssetSpliceRecordCreation_SpliceRangesNullCompoundString" duration-ms="2" started-at="2017-03-14T16:26:21Z" finished-at="2017-03-14T16:26:21Z">
          <exception class="java.lang.IllegalArgumentException">
            <message>
              <![CDATA[Compound SpliceRange string is Empty.]]>
            </message>
            <full-stacktrace>
              <![CDATA[java.lang.IllegalArgumentException: Compound SpliceRange string is Empty.
	at sun.reflect.NativeConstructorAccessorImpl.newInstance0(Native Method)
	at sun.reflect.NativeConstructorAccessorImpl.newInstance(NativeConstructorAccessorImpl.java:62)
	at sun.reflect.DelegatingConstructorAccessorImpl.newInstance(DelegatingConstructorAccessorImpl.java:45)
	at java.lang.reflect.Constructor.newInstance(Constructor.java:422)
	at org.codehaus.groovy.reflection.CachedConstructor.invoke(CachedConstructor.java:77)
	at org.codehaus.groovy.runtime.callsite.ConstructorSite$ConstructorSiteNoUnwrapNoCoerce.callConstructor(ConstructorSite.java:102)
	at org.codehaus.groovy.runtime.callsite.CallSiteArray.defaultCallConstructor(CallSiteArray.java:54)
	at org.codehaus.groovy.runtime.callsite.AbstractCallSite.callConstructor(AbstractCallSite.java:182)
	at org.codehaus.groovy.runtime.callsite.AbstractCallSite.callConstructor(AbstractCallSite.java:190)
	at com.theplatform.cs.comcast.ingest.AssetSpliceRecord.createSpliceRanges(AssetSpliceRecord.groovy:201)
	at com.theplatform.cs.comcast.ingest.AssetSpliceRecord$createSpliceRanges$0.call(Unknown Source)
	at org.codehaus.groovy.runtime.callsite.CallSiteArray.defaultCall(CallSiteArray.java:42)
	at org.codehaus.groovy.runtime.callsite.AbstractCallSite.call(AbstractCallSite.java:108)
	at org.codehaus.groovy.runtime.callsite.AbstractCallSite.call(AbstractCallSite.java:120)
	at com.theplatform.cs.comcast.ingest.AssetSpliceRecordTest.testAssetSpliceRecordCreation_SpliceRangesNullCompoundString(AssetSpliceRecordTest.groovy:459)
	at sun.reflect.NativeMethodAccessorImpl.invoke0(Native Method)
	at sun.reflect.NativeMethodAccessorImpl.invoke(NativeMethodAccessorImpl.java:62)
	at sun.reflect.DelegatingMethodAccessorImpl.invoke(DelegatingMethodAccessorImpl.java:43)
	at java.lang.reflect.Method.invoke(Method.java:497)
	at org.testng.internal.MethodInvocationHelper.invokeMethod(MethodInvocationHelper.java:84)
	at org.testng.internal.Invoker.invokeMethod(Invoker.java:714)
	at org.testng.internal.Invoker.invokeTestMethod(Invoker.java:901)
	at org.testng.internal.Invoker.invokeTestMethods(Invoker.java:1231)
	at org.testng.internal.TestMethodWorker.invokeTestMethods(TestMethodWorker.java:127)
	at org.testng.internal.TestMethodWorker.run(TestMethodWorker.java:111)
	at org.testng.TestRunner.privateRun(TestRunner.java:767)
	at org.testng.TestRunner.run(TestRunner.java:617)
	at org.testng.SuiteRunner.runTest(SuiteRunner.java:334)
	at org.testng.SuiteRunner.runSequentially(SuiteRunner.java:329)
	at org.testng.SuiteRunner.privateRun(SuiteRunner.java:291)
	at org.testng.SuiteRunner.run(SuiteRunner.java:240)
	at org.testng.SuiteRunnerWorker.runSuite(SuiteRunnerWorker.java:52)
	at org.testng.SuiteRunnerWorker.run(SuiteRunnerWorker.java:86)
	at org.testng.TestNG.runSuitesSequentially(TestNG.java:1224)
	at org.testng.TestNG.runSuitesLocally(TestNG.java:1149)
	at org.testng.TestNG.run(TestNG.java:1057)
	at org.apache.maven.surefire.testng.TestNGExecutor.run(TestNGExecutor.java:77)
	at org.apache.maven.surefire.testng.TestNGDirectoryTestSuite.executeMulti(TestNGDirectoryTestSuite.java:159)
	at org.apache.maven.surefire.testng.TestNGDirectoryTestSuite.execute(TestNGDirectoryTestSuite.java:99)
	at org.apache.maven.surefire.testng.TestNGProvider.invoke(TestNGProvider.java:106)
	at sun.reflect.NativeMethodAccessorImpl.invoke0(Native Method)
	at sun.reflect.NativeMethodAccessorImpl.invoke(NativeMethodAccessorImpl.java:62)
	at sun.reflect.DelegatingMethodAccessorImpl.invoke(DelegatingMethodAccessorImpl.java:43)
	at java.lang.reflect.Method.invoke(Method.java:497)
	at org.apache.maven.surefire.util.ReflectionUtils.invokeMethodWithArray(ReflectionUtils.java:189)
	at org.apache.maven.surefire.booter.ProviderFactory$ProviderProxy.invoke(ProviderFactory.java:165)
	at org.apache.maven.surefire.booter.ProviderFactory.invokeProvider(ProviderFactory.java:85)
	at org.apache.maven.surefire.booter.ForkedBooter.runSuitesInProcess(ForkedBooter.java:115)
	at org.apache.maven.surefire.booter.ForkedBooter.main(ForkedBooter.java:75)
]]>
            </full-stacktrace>
          </exception> <!-- java.lang.IllegalArgumentException -->
          <reporter-output>
          </reporter-output>
        </test-method> <!-- testAssetSpliceRecordCreation_SpliceRangesNullCompoundString -->
        <test-method status="PASS" signature="testAssetSpliceRecordCreation_SpliceRangesNullDelimiter()[pri:0, instance:com.theplatform.cs.comcast.ingest.AssetSpliceRecordTest@1700915]" name="testAssetSpliceRecordCreation_SpliceRangesNullDelimiter" duration-ms="0" started-at="2017-03-14T16:26:21Z" finished-at="2017-03-14T16:26:21Z">
          <exception class="java.lang.IllegalArgumentException">
            <message>
              <![CDATA[Delimiter is Empty.]]>
            </message>
            <full-stacktrace>
              <![CDATA[java.lang.IllegalArgumentException: Delimiter is Empty.
	at sun.reflect.NativeConstructorAccessorImpl.newInstance0(Native Method)
	at sun.reflect.NativeConstructorAccessorImpl.newInstance(NativeConstructorAccessorImpl.java:62)
	at sun.reflect.DelegatingConstructorAccessorImpl.newInstance(DelegatingConstructorAccessorImpl.java:45)
	at java.lang.reflect.Constructor.newInstance(Constructor.java:422)
	at org.codehaus.groovy.reflection.CachedConstructor.invoke(CachedConstructor.java:77)
	at org.codehaus.groovy.runtime.callsite.ConstructorSite$ConstructorSiteNoUnwrapNoCoerce.callConstructor(ConstructorSite.java:102)
	at org.codehaus.groovy.runtime.callsite.CallSiteArray.defaultCallConstructor(CallSiteArray.java:54)
	at org.codehaus.groovy.runtime.callsite.AbstractCallSite.callConstructor(AbstractCallSite.java:182)
	at org.codehaus.groovy.runtime.callsite.AbstractCallSite.callConstructor(AbstractCallSite.java:190)
	at com.theplatform.cs.comcast.ingest.AssetSpliceRecord.createSpliceRanges(AssetSpliceRecord.groovy:204)
	at com.theplatform.cs.comcast.ingest.AssetSpliceRecord$createSpliceRanges$0.call(Unknown Source)
	at org.codehaus.groovy.runtime.callsite.CallSiteArray.defaultCall(CallSiteArray.java:42)
	at org.codehaus.groovy.runtime.callsite.AbstractCallSite.call(AbstractCallSite.java:108)
	at org.codehaus.groovy.runtime.callsite.AbstractCallSite.call(AbstractCallSite.java:120)
	at com.theplatform.cs.comcast.ingest.AssetSpliceRecordTest.testAssetSpliceRecordCreation_SpliceRangesNullDelimiter(AssetSpliceRecordTest.groovy:471)
	at sun.reflect.NativeMethodAccessorImpl.invoke0(Native Method)
	at sun.reflect.NativeMethodAccessorImpl.invoke(NativeMethodAccessorImpl.java:62)
	at sun.reflect.DelegatingMethodAccessorImpl.invoke(DelegatingMethodAccessorImpl.java:43)
	at java.lang.reflect.Method.invoke(Method.java:497)
	at org.testng.internal.MethodInvocationHelper.invokeMethod(MethodInvocationHelper.java:84)
	at org.testng.internal.Invoker.invokeMethod(Invoker.java:714)
	at org.testng.internal.Invoker.invokeTestMethod(Invoker.java:901)
	at org.testng.internal.Invoker.invokeTestMethods(Invoker.java:1231)
	at org.testng.internal.TestMethodWorker.invokeTestMethods(TestMethodWorker.java:127)
	at org.testng.internal.TestMethodWorker.run(TestMethodWorker.java:111)
	at org.testng.TestRunner.privateRun(TestRunner.java:767)
	at org.testng.TestRunner.run(TestRunner.java:617)
	at org.testng.SuiteRunner.runTest(SuiteRunner.java:334)
	at org.testng.SuiteRunner.runSequentially(SuiteRunner.java:329)
	at org.testng.SuiteRunner.privateRun(SuiteRunner.java:291)
	at org.testng.SuiteRunner.run(SuiteRunner.java:240)
	at org.testng.SuiteRunnerWorker.runSuite(SuiteRunnerWorker.java:52)
	at org.testng.SuiteRunnerWorker.run(SuiteRunnerWorker.java:86)
	at org.testng.TestNG.runSuitesSequentially(TestNG.java:1224)
	at org.testng.TestNG.runSuitesLocally(TestNG.java:1149)
	at org.testng.TestNG.run(TestNG.java:1057)
	at org.apache.maven.surefire.testng.TestNGExecutor.run(TestNGExecutor.java:77)
	at org.apache.maven.surefire.testng.TestNGDirectoryTestSuite.executeMulti(TestNGDirectoryTestSuite.java:159)
	at org.apache.maven.surefire.testng.TestNGDirectoryTestSuite.execute(TestNGDirectoryTestSuite.java:99)
	at org.apache.maven.surefire.testng.TestNGProvider.invoke(TestNGProvider.java:106)
	at sun.reflect.NativeMethodAccessorImpl.invoke0(Native Method)
	at sun.reflect.NativeMethodAccessorImpl.invoke(NativeMethodAccessorImpl.java:62)
	at sun.reflect.DelegatingMethodAccessorImpl.invoke(DelegatingMethodAccessorImpl.java:43)
	at java.lang.reflect.Method.invoke(Method.java:497)
	at org.apache.maven.surefire.util.ReflectionUtils.invokeMethodWithArray(ReflectionUtils.java:189)
	at org.apache.maven.surefire.booter.ProviderFactory$ProviderProxy.invoke(ProviderFactory.java:165)
	at org.apache.maven.surefire.booter.ProviderFactory.invokeProvider(ProviderFactory.java:85)
	at org.apache.maven.surefire.booter.ForkedBooter.runSuitesInProcess(ForkedBooter.java:115)
	at org.apache.maven.surefire.booter.ForkedBooter.main(ForkedBooter.java:75)
]]>
            </full-stacktrace>
          </exception> <!-- java.lang.IllegalArgumentException -->
          <reporter-output>
          </reporter-output>
        </test-method> <!-- testAssetSpliceRecordCreation_SpliceRangesNullDelimiter -->
        <test-method status="PASS" signature="testAssetSpliceRecordCreation_TimesOutOfOrder()[pri:0, instance:com.theplatform.cs.comcast.ingest.AssetSpliceRecordTest@1700915]" name="testAssetSpliceRecordCreation_TimesOutOfOrder" duration-ms="12" started-at="2017-03-14T16:26:21Z" finished-at="2017-03-14T16:26:21Z">
          <exception class="java.lang.IllegalStateException">
            <message>
              <![CDATA[Non-local Points are out of order!]]>
            </message>
            <full-stacktrace>
              <![CDATA[java.lang.IllegalStateException: Non-local Points are out of order!
	at sun.reflect.NativeConstructorAccessorImpl.newInstance0(Native Method)
	at sun.reflect.NativeConstructorAccessorImpl.newInstance(NativeConstructorAccessorImpl.java:62)
	at sun.reflect.DelegatingConstructorAccessorImpl.newInstance(DelegatingConstructorAccessorImpl.java:45)
	at java.lang.reflect.Constructor.newInstance(Constructor.java:422)
	at org.codehaus.groovy.reflection.CachedConstructor.invoke(CachedConstructor.java:77)
	at org.codehaus.groovy.runtime.callsite.ConstructorSite$ConstructorSiteNoUnwrapNoCoerce.callConstructor(ConstructorSite.java:102)
	at org.codehaus.groovy.runtime.callsite.CallSiteArray.defaultCallConstructor(CallSiteArray.java:54)
	at org.codehaus.groovy.runtime.callsite.AbstractCallSite.callConstructor(AbstractCallSite.java:182)
	at org.codehaus.groovy.runtime.callsite.AbstractCallSite.callConstructor(AbstractCallSite.java:190)
	at com.theplatform.cs.comcast.ingest.AssetSpliceRecord$_validateSpliceRanges_closure8.doCall(AssetSpliceRecord.groovy:513)
	at sun.reflect.NativeMethodAccessorImpl.invoke0(Native Method)
	at sun.reflect.NativeMethodAccessorImpl.invoke(NativeMethodAccessorImpl.java:62)
	at sun.reflect.DelegatingMethodAccessorImpl.invoke(DelegatingMethodAccessorImpl.java:43)
	at java.lang.reflect.Method.invoke(Method.java:497)
	at org.codehaus.groovy.reflection.CachedMethod.invoke(CachedMethod.java:90)
	at groovy.lang.MetaMethod.doMethodInvoke(MetaMethod.java:233)
	at org.codehaus.groovy.runtime.metaclass.ClosureMetaClass.invokeMethod(ClosureMetaClass.java:272)
	at groovy.lang.MetaClassImpl.invokeMethod(MetaClassImpl.java:885)
	at groovy.lang.Closure.call(Closure.java:405)
	at groovy.lang.Closure.call(Closure.java:418)
	at org.codehaus.groovy.runtime.DefaultGroovyMethods.each(DefaultGroovyMethods.java:1240)
	at org.codehaus.groovy.runtime.DefaultGroovyMethods.each(DefaultGroovyMethods.java:1216)
	at org.codehaus.groovy.runtime.dgm$124.invoke(Unknown Source)
	at org.codehaus.groovy.runtime.callsite.PojoMetaMethodSite$PojoMetaMethodSiteNoUnwrapNoCoerce.invoke(PojoMetaMethodSite.java:271)
	at org.codehaus.groovy.runtime.callsite.PojoMetaMethodSite.call(PojoMetaMethodSite.java:53)
	at org.codehaus.groovy.runtime.callsite.AbstractCallSite.call(AbstractCallSite.java:116)
	at com.theplatform.cs.comcast.ingest.AssetSpliceRecord.validateSpliceRanges(AssetSpliceRecord.groovy:511)
	at com.theplatform.cs.comcast.ingest.AssetSpliceRecord.<init>(AssetSpliceRecord.groovy:103)
	at com.theplatform.cs.comcast.ingest.AssetSpliceRecord.<init>(AssetSpliceRecord.groovy:83)
	at sun.reflect.NativeConstructorAccessorImpl.newInstance0(Native Method)
	at sun.reflect.NativeConstructorAccessorImpl.newInstance(NativeConstructorAccessorImpl.java:62)
	at sun.reflect.DelegatingConstructorAccessorImpl.newInstance(DelegatingConstructorAccessorImpl.java:45)
	at java.lang.reflect.Constructor.newInstance(Constructor.java:422)
	at org.codehaus.groovy.reflection.CachedConstructor.invoke(CachedConstructor.java:77)
	at org.codehaus.groovy.runtime.callsite.ConstructorSite$ConstructorSiteNoUnwrapNoCoerce.callConstructor(ConstructorSite.java:102)
	at org.codehaus.groovy.runtime.callsite.CallSiteArray.defaultCallConstructor(CallSiteArray.java:54)
	at org.codehaus.groovy.runtime.callsite.AbstractCallSite.callConstructor(AbstractCallSite.java:182)
	at org.codehaus.groovy.runtime.callsite.AbstractCallSite.callConstructor(AbstractCallSite.java:194)
	at com.theplatform.cs.comcast.ingest.AssetSpliceRecordTest.testAssetSpliceRecordCreation_TimesOutOfOrder(AssetSpliceRecordTest.groovy:527)
	at sun.reflect.NativeMethodAccessorImpl.invoke0(Native Method)
	at sun.reflect.NativeMethodAccessorImpl.invoke(NativeMethodAccessorImpl.java:62)
	at sun.reflect.DelegatingMethodAccessorImpl.invoke(DelegatingMethodAccessorImpl.java:43)
	at java.lang.reflect.Method.invoke(Method.java:497)
	at org.testng.internal.MethodInvocationHelper.invokeMethod(MethodInvocationHelper.java:84)
	at org.testng.internal.Invoker.invokeMethod(Invoker.java:714)
	at org.testng.internal.Invoker.invokeTestMethod(Invoker.java:901)
	at org.testng.internal.Invoker.invokeTestMethods(Invoker.java:1231)
	at org.testng.internal.TestMethodWorker.invokeTestMethods(TestMethodWorker.java:127)
	at org.testng.internal.TestMethodWorker.run(TestMethodWorker.java:111)
	at org.testng.TestRunner.privateRun(TestRunner.java:767)
	at org.testng.TestRunner.run(TestRunner.java:617)
	at org.testng.SuiteRunner.runTest(SuiteRunner.java:334)
	at org.testng.SuiteRunner.runSequentially(SuiteRunner.java:329)
	at org.testng.SuiteRunner.privateRun(SuiteRunner.java:291)
	at org.testng.SuiteRunner.run(SuiteRunner.java:240)
	at org.testng.SuiteRunnerWorker.runSuite(SuiteRunnerWorker.java:52)
	at org.testng.SuiteRunnerWorker.run(SuiteRunnerWorker.java:86)
	at org.testng.TestNG.runSuitesSequentially(TestNG.java:1224)
	at org.testng.TestNG.runSuitesLocally(TestNG.java:1149)
	at org.testng.TestNG.run(TestNG.java:1057)
	at org.apache.maven.surefire.testng.TestNGExecutor.run(TestNGExecutor.java:77)
	at org.apache.maven.surefire.testng.TestNGDirectoryTestSuite.executeMulti(TestNGDirectoryTestSuite.java:159)
	at org.apache.maven.surefire.testng.TestNGDirectoryTestSuite.execute(TestNGDirectoryTestSuite.java:99)
	at org.apache.maven.surefire.testng.TestNGProvider.invoke(TestNGProvider.java:106)
	at sun.reflect.NativeMethodAccessorImpl.invoke0(Native Method)
	at sun.reflect.NativeMethodAccessorImpl.invoke(NativeMethodAccessorImpl.java:62)
	at sun.reflect.DelegatingMethodAccessorImpl.invoke(DelegatingMethodAccessorImpl.java:43)
	at java.lang.reflect.Method.invoke(Method.java:497)
	at org.apache.maven.surefire.util.ReflectionUtils.invokeMethodWithArray(ReflectionUtils.java:189)
	at org.apache.maven.surefire.booter.ProviderFactory$ProviderProxy.invoke(ProviderFactory.java:165)
	at org.apache.maven.surefire.booter.ProviderFactory.invokeProvider(ProviderFactory.java:85)
	at org.apache.maven.surefire.booter.ForkedBooter.runSuitesInProcess(ForkedBooter.java:115)
	at org.apache.maven.surefire.booter.ForkedBooter.main(ForkedBooter.java:75)
]]>
            </full-stacktrace>
          </exception> <!-- java.lang.IllegalStateException -->
          <reporter-output>
          </reporter-output>
        </test-method> <!-- testAssetSpliceRecordCreation_TimesOutOfOrder -->
        <test-method status="PASS" signature="testAssetSpliceRecordCreation_WithNationalConditioning()[pri:0, instance:com.theplatform.cs.comcast.ingest.AssetSpliceRecordTest@1700915]" name="testAssetSpliceRecordCreation_WithNationalConditioning" duration-ms="14" started-at="2017-03-14T16:26:21Z" finished-at="2017-03-14T16:26:21Z">
          <reporter-output>
          </reporter-output>
        </test-method> <!-- testAssetSpliceRecordCreation_WithNationalConditioning -->
        <test-method status="PASS" signature="testAssetSpliceRecordCreation_WithWhiteSpace()[pri:0, instance:com.theplatform.cs.comcast.ingest.AssetSpliceRecordTest@1700915]" name="testAssetSpliceRecordCreation_WithWhiteSpace" duration-ms="8" started-at="2017-03-14T16:26:21Z" finished-at="2017-03-14T16:26:21Z">
          <reporter-output>
          </reporter-output>
        </test-method> <!-- testAssetSpliceRecordCreation_WithWhiteSpace -->
        <test-method status="PASS" signature="testAssetSpliceRecordCreation_csvNullHeaderArgument()[pri:0, instance:com.theplatform.cs.comcast.ingest.AssetSpliceRecordTest@1700915]" name="testAssetSpliceRecordCreation_csvNullHeaderArgument" duration-ms="1" started-at="2017-03-14T16:26:21Z" finished-at="2017-03-14T16:26:21Z">
          <exception class="java.lang.IllegalArgumentException">
            <message>
              <![CDATA[Empty csv header record.]]>
            </message>
            <full-stacktrace>
              <![CDATA[java.lang.IllegalArgumentException: Empty csv header record.
	at sun.reflect.NativeConstructorAccessorImpl.newInstance0(Native Method)
	at sun.reflect.NativeConstructorAccessorImpl.newInstance(NativeConstructorAccessorImpl.java:62)
	at sun.reflect.DelegatingConstructorAccessorImpl.newInstance(DelegatingConstructorAccessorImpl.java:45)
	at java.lang.reflect.Constructor.newInstance(Constructor.java:422)
	at org.codehaus.groovy.reflection.CachedConstructor.invoke(CachedConstructor.java:77)
	at org.codehaus.groovy.runtime.callsite.ConstructorSite$ConstructorSiteNoUnwrapNoCoerce.callConstructor(ConstructorSite.java:102)
	at org.codehaus.groovy.runtime.callsite.CallSiteArray.defaultCallConstructor(CallSiteArray.java:54)
	at org.codehaus.groovy.runtime.callsite.AbstractCallSite.callConstructor(AbstractCallSite.java:182)
	at org.codehaus.groovy.runtime.callsite.AbstractCallSite.callConstructor(AbstractCallSite.java:190)
	at com.theplatform.cs.comcast.ingest.AssetSpliceRecord.fromCSV(AssetSpliceRecord.groovy:126)
	at com.theplatform.cs.comcast.ingest.AssetSpliceRecord.<init>(AssetSpliceRecord.groovy:89)
	at com.theplatform.cs.comcast.ingest.AssetSpliceRecord.<init>(AssetSpliceRecord.groovy:83)
	at sun.reflect.NativeConstructorAccessorImpl.newInstance0(Native Method)
	at sun.reflect.NativeConstructorAccessorImpl.newInstance(NativeConstructorAccessorImpl.java:62)
	at sun.reflect.DelegatingConstructorAccessorImpl.newInstance(DelegatingConstructorAccessorImpl.java:45)
	at java.lang.reflect.Constructor.newInstance(Constructor.java:422)
	at org.codehaus.groovy.reflection.CachedConstructor.invoke(CachedConstructor.java:77)
	at org.codehaus.groovy.runtime.callsite.ConstructorSite$ConstructorSiteNoUnwrapNoCoerce.callConstructor(ConstructorSite.java:102)
	at org.codehaus.groovy.runtime.callsite.CallSiteArray.defaultCallConstructor(CallSiteArray.java:54)
	at org.codehaus.groovy.runtime.callsite.AbstractCallSite.callConstructor(AbstractCallSite.java:182)
	at org.codehaus.groovy.runtime.callsite.AbstractCallSite.callConstructor(AbstractCallSite.java:194)
	at com.theplatform.cs.comcast.ingest.AssetSpliceRecordTest.testAssetSpliceRecordCreation_csvNullHeaderArgument(AssetSpliceRecordTest.groovy:437)
	at sun.reflect.NativeMethodAccessorImpl.invoke0(Native Method)
	at sun.reflect.NativeMethodAccessorImpl.invoke(NativeMethodAccessorImpl.java:62)
	at sun.reflect.DelegatingMethodAccessorImpl.invoke(DelegatingMethodAccessorImpl.java:43)
	at java.lang.reflect.Method.invoke(Method.java:497)
	at org.testng.internal.MethodInvocationHelper.invokeMethod(MethodInvocationHelper.java:84)
	at org.testng.internal.Invoker.invokeMethod(Invoker.java:714)
	at org.testng.internal.Invoker.invokeTestMethod(Invoker.java:901)
	at org.testng.internal.Invoker.invokeTestMethods(Invoker.java:1231)
	at org.testng.internal.TestMethodWorker.invokeTestMethods(TestMethodWorker.java:127)
	at org.testng.internal.TestMethodWorker.run(TestMethodWorker.java:111)
	at org.testng.TestRunner.privateRun(TestRunner.java:767)
	at org.testng.TestRunner.run(TestRunner.java:617)
	at org.testng.SuiteRunner.runTest(SuiteRunner.java:334)
	at org.testng.SuiteRunner.runSequentially(SuiteRunner.java:329)
	at org.testng.SuiteRunner.privateRun(SuiteRunner.java:291)
	at org.testng.SuiteRunner.run(SuiteRunner.java:240)
	at org.testng.SuiteRunnerWorker.runSuite(SuiteRunnerWorker.java:52)
	at org.testng.SuiteRunnerWorker.run(SuiteRunnerWorker.java:86)
	at org.testng.TestNG.runSuitesSequentially(TestNG.java:1224)
	at org.testng.TestNG.runSuitesLocally(TestNG.java:1149)
	at org.testng.TestNG.run(TestNG.java:1057)
	at org.apache.maven.surefire.testng.TestNGExecutor.run(TestNGExecutor.java:77)
	at org.apache.maven.surefire.testng.TestNGDirectoryTestSuite.executeMulti(TestNGDirectoryTestSuite.java:159)
	at org.apache.maven.surefire.testng.TestNGDirectoryTestSuite.execute(TestNGDirectoryTestSuite.java:99)
	at org.apache.maven.surefire.testng.TestNGProvider.invoke(TestNGProvider.java:106)
	at sun.reflect.NativeMethodAccessorImpl.invoke0(Native Method)
	at sun.reflect.NativeMethodAccessorImpl.invoke(NativeMethodAccessorImpl.java:62)
	at sun.reflect.DelegatingMethodAccessorImpl.invoke(DelegatingMethodAccessorImpl.java:43)
	at java.lang.reflect.Method.invoke(Method.java:497)
	at org.apache.maven.surefire.util.ReflectionUtils.invokeMethodWithArray(ReflectionUtils.java:189)
	at org.apache.maven.surefire.booter.ProviderFactory$ProviderProxy.invoke(ProviderFactory.java:165)
	at org.apache.maven.surefire.booter.ProviderFactory.invokeProvider(ProviderFactory.java:85)
	at org.apache.maven.surefire.booter.ForkedBooter.runSuitesInProcess(ForkedBooter.java:115)
	at org.apache.maven.surefire.booter.ForkedBooter.main(ForkedBooter.java:75)
]]>
            </full-stacktrace>
          </exception> <!-- java.lang.IllegalArgumentException -->
          <reporter-output>
          </reporter-output>
        </test-method> <!-- testAssetSpliceRecordCreation_csvNullHeaderArgument -->
        <test-method status="PASS" signature="testAssetSpliceRecordCreation_csvNullItemArgument()[pri:0, instance:com.theplatform.cs.comcast.ingest.AssetSpliceRecordTest@1700915]" name="testAssetSpliceRecordCreation_csvNullItemArgument" duration-ms="0" started-at="2017-03-14T16:26:21Z" finished-at="2017-03-14T16:26:21Z">
          <exception class="com.theplatform.cs.comcast.ingest.exception.EmptyRecordException">
            <message>
              <![CDATA[Empty csv data record.]]>
            </message>
            <full-stacktrace>
              <![CDATA[com.theplatform.cs.comcast.ingest.exception.EmptyRecordException: Empty csv data record.
	at sun.reflect.NativeConstructorAccessorImpl.newInstance0(Native Method)
	at sun.reflect.NativeConstructorAccessorImpl.newInstance(NativeConstructorAccessorImpl.java:62)
	at sun.reflect.DelegatingConstructorAccessorImpl.newInstance(DelegatingConstructorAccessorImpl.java:45)
	at java.lang.reflect.Constructor.newInstance(Constructor.java:422)
	at org.codehaus.groovy.reflection.CachedConstructor.invoke(CachedConstructor.java:77)
	at org.codehaus.groovy.runtime.callsite.ConstructorSite$ConstructorSiteNoUnwrapNoCoerce.callConstructor(ConstructorSite.java:102)
	at org.codehaus.groovy.runtime.callsite.AbstractCallSite.callConstructor(AbstractCallSite.java:190)
	at com.theplatform.cs.comcast.ingest.AssetSpliceRecord.fromCSV(AssetSpliceRecord.groovy:129)
	at com.theplatform.cs.comcast.ingest.AssetSpliceRecord.<init>(AssetSpliceRecord.groovy:89)
	at com.theplatform.cs.comcast.ingest.AssetSpliceRecord.<init>(AssetSpliceRecord.groovy:83)
	at sun.reflect.NativeConstructorAccessorImpl.newInstance0(Native Method)
	at sun.reflect.NativeConstructorAccessorImpl.newInstance(NativeConstructorAccessorImpl.java:62)
	at sun.reflect.DelegatingConstructorAccessorImpl.newInstance(DelegatingConstructorAccessorImpl.java:45)
	at java.lang.reflect.Constructor.newInstance(Constructor.java:422)
	at org.codehaus.groovy.reflection.CachedConstructor.invoke(CachedConstructor.java:77)
	at org.codehaus.groovy.runtime.callsite.ConstructorSite$ConstructorSiteNoUnwrapNoCoerce.callConstructor(ConstructorSite.java:102)
	at org.codehaus.groovy.runtime.callsite.CallSiteArray.defaultCallConstructor(CallSiteArray.java:54)
	at org.codehaus.groovy.runtime.callsite.AbstractCallSite.callConstructor(AbstractCallSite.java:182)
	at org.codehaus.groovy.runtime.callsite.AbstractCallSite.callConstructor(AbstractCallSite.java:194)
	at com.theplatform.cs.comcast.ingest.AssetSpliceRecordTest.testAssetSpliceRecordCreation_csvNullItemArgument(AssetSpliceRecordTest.groovy:447)
	at sun.reflect.NativeMethodAccessorImpl.invoke0(Native Method)
	at sun.reflect.NativeMethodAccessorImpl.invoke(NativeMethodAccessorImpl.java:62)
	at sun.reflect.DelegatingMethodAccessorImpl.invoke(DelegatingMethodAccessorImpl.java:43)
	at java.lang.reflect.Method.invoke(Method.java:497)
	at org.testng.internal.MethodInvocationHelper.invokeMethod(MethodInvocationHelper.java:84)
	at org.testng.internal.Invoker.invokeMethod(Invoker.java:714)
	at org.testng.internal.Invoker.invokeTestMethod(Invoker.java:901)
	at org.testng.internal.Invoker.invokeTestMethods(Invoker.java:1231)
	at org.testng.internal.TestMethodWorker.invokeTestMethods(TestMethodWorker.java:127)
	at org.testng.internal.TestMethodWorker.run(TestMethodWorker.java:111)
	at org.testng.TestRunner.privateRun(TestRunner.java:767)
	at org.testng.TestRunner.run(TestRunner.java:617)
	at org.testng.SuiteRunner.runTest(SuiteRunner.java:334)
	at org.testng.SuiteRunner.runSequentially(SuiteRunner.java:329)
	at org.testng.SuiteRunner.privateRun(SuiteRunner.java:291)
	at org.testng.SuiteRunner.run(SuiteRunner.java:240)
	at org.testng.SuiteRunnerWorker.runSuite(SuiteRunnerWorker.java:52)
	at org.testng.SuiteRunnerWorker.run(SuiteRunnerWorker.java:86)
	at org.testng.TestNG.runSuitesSequentially(TestNG.java:1224)
	at org.testng.TestNG.runSuitesLocally(TestNG.java:1149)
	at org.testng.TestNG.run(TestNG.java:1057)
	at org.apache.maven.surefire.testng.TestNGExecutor.run(TestNGExecutor.java:77)
	at org.apache.maven.surefire.testng.TestNGDirectoryTestSuite.executeMulti(TestNGDirectoryTestSuite.java:159)
	at org.apache.maven.surefire.testng.TestNGDirectoryTestSuite.execute(TestNGDirectoryTestSuite.java:99)
	at org.apache.maven.surefire.testng.TestNGProvider.invoke(TestNGProvider.java:106)
	at sun.reflect.NativeMethodAccessorImpl.invoke0(Native Method)
	at sun.reflect.NativeMethodAccessorImpl.invoke(NativeMethodAccessorImpl.java:62)
	at sun.reflect.DelegatingMethodAccessorImpl.invoke(DelegatingMethodAccessorImpl.java:43)
	at java.lang.reflect.Method.invoke(Method.java:497)
	at org.apache.maven.surefire.util.ReflectionUtils.invokeMethodWithArray(ReflectionUtils.java:189)
	at org.apache.maven.surefire.booter.ProviderFactory$ProviderProxy.invoke(ProviderFactory.java:165)
	at org.apache.maven.surefire.booter.ProviderFactory.invokeProvider(ProviderFactory.java:85)
	at org.apache.maven.surefire.booter.ForkedBooter.runSuitesInProcess(ForkedBooter.java:115)
	at org.apache.maven.surefire.booter.ForkedBooter.main(ForkedBooter.java:75)
]]>
            </full-stacktrace>
          </exception> <!-- com.theplatform.cs.comcast.ingest.exception.EmptyRecordException -->
          <reporter-output>
          </reporter-output>
        </test-method> <!-- testAssetSpliceRecordCreation_csvNullItemArgument -->
        <test-method status="PASS" signature="testAssetSpliceRecordCreation_withLocal()[pri:0, instance:com.theplatform.cs.comcast.ingest.AssetSpliceRecordTest@1700915]" name="testAssetSpliceRecordCreation_withLocal" duration-ms="8" started-at="2017-03-14T16:26:21Z" finished-at="2017-03-14T16:26:21Z">
          <reporter-output>
          </reporter-output>
        </test-method> <!-- testAssetSpliceRecordCreation_withLocal -->
        <test-method status="PASS" signature="testAssetSpliceRecordDeriveChapters()[pri:0, instance:com.theplatform.cs.comcast.ingest.AssetSpliceRecordTest@1700915]" name="testAssetSpliceRecordDeriveChapters" duration-ms="18" started-at="2017-03-14T16:26:21Z" finished-at="2017-03-14T16:26:21Z">
          <reporter-output>
          </reporter-output>
        </test-method> <!-- testAssetSpliceRecordDeriveChapters -->
        <test-method status="PASS" signature="testAssetSpliceRecordDeriveChapters_NoMidRolls()[pri:0, instance:com.theplatform.cs.comcast.ingest.AssetSpliceRecordTest@1700915]" name="testAssetSpliceRecordDeriveChapters_NoMidRolls" duration-ms="4" started-at="2017-03-14T16:26:21Z" finished-at="2017-03-14T16:26:21Z">
          <reporter-output>
          </reporter-output>
        </test-method> <!-- testAssetSpliceRecordDeriveChapters_NoMidRolls -->
        <test-method status="PASS" signature="testAssetSpliceRecordDeriveChapters_OnlyLeadBlack()[pri:0, instance:com.theplatform.cs.comcast.ingest.AssetSpliceRecordTest@1700915]" name="testAssetSpliceRecordDeriveChapters_OnlyLeadBlack" duration-ms="4" started-at="2017-03-14T16:26:21Z" finished-at="2017-03-14T16:26:21Z">
          <reporter-output>
          </reporter-output>
        </test-method> <!-- testAssetSpliceRecordDeriveChapters_OnlyLeadBlack -->
        <test-method status="PASS" signature="testAssetSpliceRecordDeriveChapters_OnlyOneBadBoyInTheMiddle()[pri:0, instance:com.theplatform.cs.comcast.ingest.AssetSpliceRecordTest@1700915]" name="testAssetSpliceRecordDeriveChapters_OnlyOneBadBoyInTheMiddle" duration-ms="5" started-at="2017-03-14T16:26:21Z" finished-at="2017-03-14T16:26:21Z">
          <reporter-output>
          </reporter-output>
        </test-method> <!-- testAssetSpliceRecordDeriveChapters_OnlyOneBadBoyInTheMiddle -->
        <test-method status="PASS" signature="testAssetSpliceRecordDeriveChapters_OnlyPreRoll()[pri:0, instance:com.theplatform.cs.comcast.ingest.AssetSpliceRecordTest@1700915]" name="testAssetSpliceRecordDeriveChapters_OnlyPreRoll" duration-ms="6" started-at="2017-03-14T16:26:21Z" finished-at="2017-03-14T16:26:21Z">
          <reporter-output>
          </reporter-output>
        </test-method> <!-- testAssetSpliceRecordDeriveChapters_OnlyPreRoll -->
        <test-method status="PASS" signature="testAssetSpliceRecordDeriveChapters_PaidHasLowerCase()[pri:0, instance:com.theplatform.cs.comcast.ingest.AssetSpliceRecordTest@1700915]" name="testAssetSpliceRecordDeriveChapters_PaidHasLowerCase" duration-ms="5" started-at="2017-03-14T16:26:21Z" finished-at="2017-03-14T16:26:21Z">
          <reporter-output>
          </reporter-output>
        </test-method> <!-- testAssetSpliceRecordDeriveChapters_PaidHasLowerCase -->
        <test-method status="PASS" signature="testAssetSpliceRecord_SpliceRangesCreationWithSpecifiedDelimiter()[pri:0, instance:com.theplatform.cs.comcast.ingest.AssetSpliceRecordTest@1700915]" name="testAssetSpliceRecord_SpliceRangesCreationWithSpecifiedDelimiter" duration-ms="1" started-at="2017-03-14T16:26:21Z" finished-at="2017-03-14T16:26:21Z">
          <reporter-output>
          </reporter-output>
        </test-method> <!-- testAssetSpliceRecord_SpliceRangesCreationWithSpecifiedDelimiter -->
        <test-method status="PASS" signature="testAssetSpliceRecord_SpliceRangesCreationWithDefaultDelimiter()[pri:0, instance:com.theplatform.cs.comcast.ingest.AssetSpliceRecordTest@1700915]" name="testAssetSpliceRecord_SpliceRangesCreationWithDefaultDelimiter" duration-ms="0" started-at="2017-03-14T16:26:21Z" finished-at="2017-03-14T16:26:21Z">
          <reporter-output>
          </reporter-output>
        </test-method> <!-- testAssetSpliceRecord_SpliceRangesCreationWithDefaultDelimiter -->
        <test-method status="PASS" signature="testAssetSpliceRecord_ZeroChapter()[pri:0, instance:com.theplatform.cs.comcast.ingest.AssetSpliceRecordTest@1700915]" name="testAssetSpliceRecord_ZeroChapter" duration-ms="5" started-at="2017-03-14T16:26:21Z" finished-at="2017-03-14T16:26:21Z">
          <reporter-output>
          </reporter-output>
        </test-method> <!-- testAssetSpliceRecord_ZeroChapter -->
      </class> <!-- com.theplatform.cs.comcast.ingest.AssetSpliceRecordTest -->
      <class name="com.theplatform.cs.comcast.ingest.GeneratedScriptTest">
        <test-method status="PASS" signature="formatOfTheGeneratedScriptIsValid()[pri:0, instance:com.theplatform.cs.comcast.ingest.GeneratedScriptTest@5a63f509]" name="formatOfTheGeneratedScriptIsValid" duration-ms="948" started-at="2017-03-14T16:26:22Z" finished-at="2017-03-14T16:26:23Z">
          <reporter-output>
          </reporter-output>
        </test-method> <!-- formatOfTheGeneratedScriptIsValid -->
      </class> <!-- com.theplatform.cs.comcast.ingest.GeneratedScriptTest -->
    </test> <!-- Command line test -->
  </suite> <!-- Command line suite -->
</testng-results>
